  0 SNES Function norm 2.515602452189e+00
    0 KSP Residual norm 1.645828382822e+00
    1 KSP Residual norm 7.374985020409e-01
    2 KSP Residual norm 5.372804344266e-01
    3 KSP Residual norm 4.689301887820e-01
    4 KSP Residual norm 4.377244408869e-01
    5 KSP Residual norm 4.189027303846e-01
    6 KSP Residual norm 4.019529871071e-01
    7 KSP Residual norm 3.848152614504e-01
    8 KSP Residual norm 3.688400453868e-01
    9 KSP Residual norm 3.511936326606e-01
   10 KSP Residual norm 3.308987880729e-01
   11 KSP Residual norm 3.097043746775e-01
   12 KSP Residual norm 2.865944858136e-01
   13 KSP Residual norm 2.619573860669e-01
   14 KSP Residual norm 2.398961951085e-01
   15 KSP Residual norm 2.204351215327e-01
   16 KSP Residual norm 2.025342973324e-01
   17 KSP Residual norm 1.876384664624e-01
   18 KSP Residual norm 1.765833886259e-01
   19 KSP Residual norm 1.676116736959e-01
   20 KSP Residual norm 1.596500070299e-01
   21 KSP Residual norm 1.523255481968e-01
   22 KSP Residual norm 1.453440372366e-01
   23 KSP Residual norm 1.384433540206e-01
   24 KSP Residual norm 1.318894028832e-01
   25 KSP Residual norm 1.255011125517e-01
   26 KSP Residual norm 1.194196716445e-01
   27 KSP Residual norm 1.139616675849e-01
   28 KSP Residual norm 1.087048325711e-01
   29 KSP Residual norm 1.034987565900e-01
   30 KSP Residual norm 9.840854516275e-02
   31 KSP Residual norm 9.603366539824e-02
   32 KSP Residual norm 9.357500842056e-02
   33 KSP Residual norm 9.120041826309e-02
   34 KSP Residual norm 8.872210312038e-02
   35 KSP Residual norm 8.617374574398e-02
   36 KSP Residual norm 8.347017175959e-02
   37 KSP Residual norm 8.084004901479e-02
   38 KSP Residual norm 7.764932917342e-02
   39 KSP Residual norm 7.407577007782e-02
   40 KSP Residual norm 7.079666022486e-02
   41 KSP Residual norm 6.760285913362e-02
   42 KSP Residual norm 6.429110194030e-02
   43 KSP Residual norm 6.118709401553e-02
   44 KSP Residual norm 5.784811267499e-02
   45 KSP Residual norm 5.404754349227e-02
   46 KSP Residual norm 5.044380390065e-02
   47 KSP Residual norm 4.694206026889e-02
   48 KSP Residual norm 4.344958676180e-02
   49 KSP Residual norm 4.001908247428e-02
   50 KSP Residual norm 3.628253005008e-02
   51 KSP Residual norm 3.285160849434e-02
   52 KSP Residual norm 3.025961434113e-02
   53 KSP Residual norm 2.826572509033e-02
   54 KSP Residual norm 2.667869172558e-02
   55 KSP Residual norm 2.519717423794e-02
   56 KSP Residual norm 2.391365297528e-02
   57 KSP Residual norm 2.269217702619e-02
   58 KSP Residual norm 2.122726238328e-02
   59 KSP Residual norm 1.917249176303e-02
   60 KSP Residual norm 1.642781831288e-02
   61 KSP Residual norm 1.516192393404e-02
   62 KSP Residual norm 1.431179404590e-02
   63 KSP Residual norm 1.347427617439e-02
   64 KSP Residual norm 1.278463435433e-02
   65 KSP Residual norm 1.218649982258e-02
   66 KSP Residual norm 1.165312306605e-02
   67 KSP Residual norm 1.112206342949e-02
   68 KSP Residual norm 1.050582590143e-02
   69 KSP Residual norm 9.872868031294e-03
   70 KSP Residual norm 9.246706901051e-03
   71 KSP Residual norm 8.525331725974e-03
   72 KSP Residual norm 7.793982300589e-03
   73 KSP Residual norm 7.172660312439e-03
   74 KSP Residual norm 6.616006556233e-03
   75 KSP Residual norm 6.185013880962e-03
   76 KSP Residual norm 5.797184891283e-03
   77 KSP Residual norm 5.395009971741e-03
   78 KSP Residual norm 5.036408342977e-03
   79 KSP Residual norm 4.736042387873e-03
   80 KSP Residual norm 4.482547177281e-03
   81 KSP Residual norm 4.260092425355e-03
   82 KSP Residual norm 4.049004426741e-03
   83 KSP Residual norm 3.847206384528e-03
   84 KSP Residual norm 3.631090315842e-03
   85 KSP Residual norm 3.420470365308e-03
   86 KSP Residual norm 3.248727152239e-03
   87 KSP Residual norm 3.094809222232e-03
   88 KSP Residual norm 2.978238273486e-03
   89 KSP Residual norm 2.875332442937e-03
   90 KSP Residual norm 2.786224378380e-03
   91 KSP Residual norm 2.726914523431e-03
   92 KSP Residual norm 2.666463829118e-03
   93 KSP Residual norm 2.605956164671e-03
   94 KSP Residual norm 2.544842663834e-03
   95 KSP Residual norm 2.489785422596e-03
   96 KSP Residual norm 2.419999816697e-03
   97 KSP Residual norm 2.337181529170e-03
   98 KSP Residual norm 2.246115935038e-03
   99 KSP Residual norm 2.129966865574e-03
  100 KSP Residual norm 2.028614889053e-03
  101 KSP Residual norm 1.934969262310e-03
  102 KSP Residual norm 1.825210777353e-03
  103 KSP Residual norm 1.720926994740e-03
  104 KSP Residual norm 1.621580177857e-03
  105 KSP Residual norm 1.521114177799e-03
  106 KSP Residual norm 1.431656161591e-03
  107 KSP Residual norm 1.343280663605e-03
  108 KSP Residual norm 1.245722009347e-03
  109 KSP Residual norm 1.144794776131e-03
  110 KSP Residual norm 1.037108682174e-03
  111 KSP Residual norm 9.427172859612e-04
  112 KSP Residual norm 8.722523548529e-04
  113 KSP Residual norm 7.958125750016e-04
  114 KSP Residual norm 7.382205474454e-04
  115 KSP Residual norm 6.864796904186e-04
  116 KSP Residual norm 6.404815068925e-04
  117 KSP Residual norm 6.080802550505e-04
  118 KSP Residual norm 5.802695234087e-04
  119 KSP Residual norm 5.454778478931e-04
  120 KSP Residual norm 4.974980708986e-04
  121 KSP Residual norm 4.623622366959e-04
  122 KSP Residual norm 4.415798593188e-04
  123 KSP Residual norm 4.246751932569e-04
  124 KSP Residual norm 4.072403684917e-04
  125 KSP Residual norm 3.851543242516e-04
  126 KSP Residual norm 3.638663846549e-04
  127 KSP Residual norm 3.423103897951e-04
  128 KSP Residual norm 3.155192521757e-04
  129 KSP Residual norm 2.922151570474e-04
  130 KSP Residual norm 2.712741065070e-04
  131 KSP Residual norm 2.480086675822e-04
  132 KSP Residual norm 2.288748403278e-04
  133 KSP Residual norm 2.141049250052e-04
  134 KSP Residual norm 2.015930022493e-04
  135 KSP Residual norm 1.908965493340e-04
  136 KSP Residual norm 1.802134956989e-04
  137 KSP Residual norm 1.685109789179e-04
  138 KSP Residual norm 1.569582841302e-04
  139 KSP Residual norm 1.466540419974e-04
  140 KSP Residual norm 1.386318974716e-04
  141 KSP Residual norm 1.319079471360e-04
  142 KSP Residual norm 1.245454496190e-04
  143 KSP Residual norm 1.183359683408e-04
  144 KSP Residual norm 1.120841978538e-04
  145 KSP Residual norm 1.064566057789e-04
  146 KSP Residual norm 1.018406493593e-04
  147 KSP Residual norm 9.705085298352e-05
  148 KSP Residual norm 9.337444042718e-05
  149 KSP Residual norm 9.051503074740e-05
  150 KSP Residual norm 8.823923757137e-05
  151 KSP Residual norm 8.638510102263e-05
  152 KSP Residual norm 8.421580709542e-05
  153 KSP Residual norm 8.177248491252e-05
  154 KSP Residual norm 7.958480941331e-05
  155 KSP Residual norm 7.791653525067e-05
  156 KSP Residual norm 7.584576429478e-05
  157 KSP Residual norm 7.321166530243e-05
  158 KSP Residual norm 7.064297110707e-05
  159 KSP Residual norm 6.722740146905e-05
  160 KSP Residual norm 6.423783922547e-05
  161 KSP Residual norm 6.140839850022e-05
  162 KSP Residual norm 5.777140329023e-05
  163 KSP Residual norm 5.448320292007e-05
  164 KSP Residual norm 5.155877124049e-05
  165 KSP Residual norm 4.831967407152e-05
  166 KSP Residual norm 4.520597019824e-05
  167 KSP Residual norm 4.262643286398e-05
  168 KSP Residual norm 3.997545787466e-05
  169 KSP Residual norm 3.718668618486e-05
  170 KSP Residual norm 3.404633890960e-05
  171 KSP Residual norm 3.083948617179e-05
  172 KSP Residual norm 2.858936838791e-05
  173 KSP Residual norm 2.574864060566e-05
  174 KSP Residual norm 2.367771798147e-05
  175 KSP Residual norm 2.182987451406e-05
  176 KSP Residual norm 2.022331705072e-05
  177 KSP Residual norm 1.920219251334e-05
  178 KSP Residual norm 1.832476645186e-05
  179 KSP Residual norm 1.713148775077e-05
  180 KSP Residual norm 1.562893773865e-05
  181 KSP Residual norm 1.451693979666e-05
  182 KSP Residual norm 1.385497030506e-05
  183 KSP Residual norm 1.335893643718e-05
  184 KSP Residual norm 1.282837899721e-05
  185 KSP Residual norm 1.208949173785e-05
  186 KSP Residual norm 1.138488752467e-05
  187 KSP Residual norm 1.071221771376e-05
  188 KSP Residual norm 9.803041709985e-06
  189 KSP Residual norm 9.055006555975e-06
  190 KSP Residual norm 8.357160548569e-06
  191 KSP Residual norm 7.646375410255e-06
  192 KSP Residual norm 7.164514835695e-06
  193 KSP Residual norm 6.767035607711e-06
  194 KSP Residual norm 6.376610345328e-06
  195 KSP Residual norm 5.990024728979e-06
  196 KSP Residual norm 5.614790973166e-06
  197 KSP Residual norm 5.268737810618e-06
  198 KSP Residual norm 4.923857017367e-06
  199 KSP Residual norm 4.611194975950e-06
  200 KSP Residual norm 4.358705150298e-06
  201 KSP Residual norm 4.153923977939e-06
  202 KSP Residual norm 3.926213795117e-06
  203 KSP Residual norm 3.760119128347e-06
  204 KSP Residual norm 3.583681974152e-06
  205 KSP Residual norm 3.418007370367e-06
  206 KSP Residual norm 3.265008720916e-06
  207 KSP Residual norm 3.090585437900e-06
  208 KSP Residual norm 2.952740347964e-06
  209 KSP Residual norm 2.863847883243e-06
  210 KSP Residual norm 2.797865300518e-06
  211 KSP Residual norm 2.742559850959e-06
  212 KSP Residual norm 2.671234985242e-06
  213 KSP Residual norm 2.576649154808e-06
  214 KSP Residual norm 2.489570808717e-06
  215 KSP Residual norm 2.426020865215e-06
  216 KSP Residual norm 2.358409644250e-06
  217 KSP Residual norm 2.272728811991e-06
  218 KSP Residual norm 2.197667371399e-06
  219 KSP Residual norm 2.092332033588e-06
  220 KSP Residual norm 1.998072582859e-06
  221 KSP Residual norm 1.917176803601e-06
  222 KSP Residual norm 1.811559331063e-06
  223 KSP Residual norm 1.719712047043e-06
  224 KSP Residual norm 1.636229394288e-06
  225 KSP Residual norm 1.526645256111e-06
  226 KSP Residual norm 1.411001114963e-06
  227 KSP Residual norm 1.331195230921e-06
  228 KSP Residual norm 1.264485540081e-06
  229 KSP Residual norm 1.190482059805e-06
  230 KSP Residual norm 1.096248907096e-06
  231 KSP Residual norm 9.760189852550e-07
  232 KSP Residual norm 9.003613958073e-07
  233 KSP Residual norm 8.096534516027e-07
  234 KSP Residual norm 7.424408780714e-07
  235 KSP Residual norm 6.863519501941e-07
  236 KSP Residual norm 6.321268031283e-07
  237 KSP Residual norm 6.001075738851e-07
  238 KSP Residual norm 5.730525071798e-07
  239 KSP Residual norm 5.372571056306e-07
  240 KSP Residual norm 4.903287944722e-07
  241 KSP Residual norm 4.523524837286e-07
  242 KSP Residual norm 4.289285516868e-07
  243 KSP Residual norm 4.127247438443e-07
  244 KSP Residual norm 3.968698946469e-07
  245 KSP Residual norm 3.738782011012e-07
  246 KSP Residual norm 3.522995707963e-07
  247 KSP Residual norm 3.304202206910e-07
  248 KSP Residual norm 3.018875433836e-07
  249 KSP Residual norm 2.800572442570e-07
  250 KSP Residual norm 2.564394588930e-07
  251 KSP Residual norm 2.347958287336e-07
  252 KSP Residual norm 2.217347183253e-07
  253 KSP Residual norm 2.105403714694e-07
  254 KSP Residual norm 1.982321005958e-07
  255 KSP Residual norm 1.847985825697e-07
  256 KSP Residual norm 1.722149851946e-07
  257 KSP Residual norm 1.628050549383e-07
  258 KSP Residual norm 1.530427457665e-07
  259 KSP Residual norm 1.436995871994e-07
  260 KSP Residual norm 1.359359419829e-07
  261 KSP Residual norm 1.296601034047e-07
  262 KSP Residual norm 1.224005032923e-07
  263 KSP Residual norm 1.175980563427e-07
  264 KSP Residual norm 1.121456861980e-07
  265 KSP Residual norm 1.070236102909e-07
  266 KSP Residual norm 1.019378203738e-07
  267 KSP Residual norm 9.622342436962e-08
  268 KSP Residual norm 9.164491640940e-08
  269 KSP Residual norm 8.897655299984e-08
  270 KSP Residual norm 8.696953992358e-08
  271 KSP Residual norm 8.524350223856e-08
  272 KSP Residual norm 8.300673246616e-08
  273 KSP Residual norm 7.972261734613e-08
  274 KSP Residual norm 7.677591753470e-08
  275 KSP Residual norm 7.468132400378e-08
  276 KSP Residual norm 7.262225098841e-08
  277 KSP Residual norm 6.995205489199e-08
  278 KSP Residual norm 6.764139690741e-08
  279 KSP Residual norm 6.438797262585e-08
  280 KSP Residual norm 6.139886137634e-08
  281 KSP Residual norm 5.905493894677e-08
  282 KSP Residual norm 5.587392110364e-08
  283 KSP Residual norm 5.319385117656e-08
  284 KSP Residual norm 5.081421327913e-08
  285 KSP Residual norm 4.747861792598e-08
  286 KSP Residual norm 4.361059766699e-08
  287 KSP Residual norm 4.115220640421e-08
  288 KSP Residual norm 3.921104477561e-08
  289 KSP Residual norm 3.696114132898e-08
  290 KSP Residual norm 3.406212230984e-08
  291 KSP Residual norm 2.993854211905e-08
  292 KSP Residual norm 2.766191664456e-08
  293 KSP Residual norm 2.514561275348e-08
  294 KSP Residual norm 2.282417597806e-08
  295 KSP Residual norm 2.114776407548e-08
  296 KSP Residual norm 1.962000461030e-08
  297 KSP Residual norm 1.863812540898e-08
  298 KSP Residual norm 1.771282776785e-08
  299 KSP Residual norm 1.644178586754e-08
  300 KSP Residual norm 1.494363534167e-08
  301 KSP Residual norm 1.372335974067e-08
  302 KSP Residual norm 1.292966544112e-08
  303 KSP Residual norm 1.240488540604e-08
  304 KSP Residual norm 1.195402190894e-08
  305 KSP Residual norm 1.131598800345e-08
  306 KSP Residual norm 1.065735495508e-08
  307 KSP Residual norm 9.927495978538e-09
  308 KSP Residual norm 9.102885621871e-09
  309 KSP Residual norm 8.494960553706e-09
  310 KSP Residual norm 7.712485868206e-09
  311 KSP Residual norm 7.082901814133e-09
  312 KSP Residual norm 6.698865072633e-09
  313 KSP Residual norm 6.368572552165e-09
  314 KSP Residual norm 5.991794917032e-09
  315 KSP Residual norm 5.556697190973e-09
  316 KSP Residual norm 5.188725151154e-09
  317 KSP Residual norm 4.930778071094e-09
  318 KSP Residual norm 4.634305159793e-09
  319 KSP Residual norm 4.356562790045e-09
  320 KSP Residual norm 4.124378142341e-09
  321 KSP Residual norm 3.925383651128e-09
  322 KSP Residual norm 3.694148233350e-09
  323 KSP Residual norm 3.547726444387e-09
  324 KSP Residual norm 3.391214949585e-09
  325 KSP Residual norm 3.240032129250e-09
  326 KSP Residual norm 3.062944035983e-09
  327 KSP Residual norm 2.892016889262e-09
  328 KSP Residual norm 2.755028427633e-09
  329 KSP Residual norm 2.675463964288e-09
  330 KSP Residual norm 2.615199025616e-09
  331 KSP Residual norm 2.564996546035e-09
  332 KSP Residual norm 2.497702821363e-09
  333 KSP Residual norm 2.404931361104e-09
  334 KSP Residual norm 2.314777784402e-09
  335 KSP Residual norm 2.234690639804e-09
  336 KSP Residual norm 2.167654934904e-09
  337 KSP Residual norm 2.097687821111e-09
  338 KSP Residual norm 2.028249512152e-09
  339 KSP Residual norm 1.928656475158e-09
  340 KSP Residual norm 1.844099082261e-09
  341 KSP Residual norm 1.773533291131e-09
  342 KSP Residual norm 1.681012522264e-09
  343 KSP Residual norm 1.601678638805e-09
  344 KSP Residual norm 1.528869345561e-09
  345 KSP Residual norm 1.437704429253e-09
  346 KSP Residual norm 1.316261020875e-09
  347 KSP Residual norm 1.227999539838e-09
  348 KSP Residual norm 1.170023517600e-09
  349 KSP Residual norm 1.108574238547e-09
  350 KSP Residual norm 1.026174513609e-09
  351 KSP Residual norm 9.052334911806e-10
  352 KSP Residual norm 8.297231691054e-10
  353 KSP Residual norm 7.588535742118e-10
  354 KSP Residual norm 6.897212530392e-10
  355 KSP Residual norm 6.331009882734e-10
  356 KSP Residual norm 5.946241170140e-10
  357 KSP Residual norm 5.656321851101e-10
  358 KSP Residual norm 5.305950674905e-10
  359 KSP Residual norm 4.908962256781e-10
  360 KSP Residual norm 4.546634188749e-10
  361 KSP Residual norm 4.253477421452e-10
  362 KSP Residual norm 3.995692093783e-10
  363 KSP Residual norm 3.792185789908e-10
  364 KSP Residual norm 3.650006146877e-10
  365 KSP Residual norm 3.466381907967e-10
  366 KSP Residual norm 3.232215294771e-10
  367 KSP Residual norm 3.000572356299e-10
  368 KSP Residual norm 2.769945593194e-10
  369 KSP Residual norm 2.572561162973e-10
  370 KSP Residual norm 2.348653705197e-10
  371 KSP Residual norm 2.173900790211e-10
  372 KSP Residual norm 2.062521982286e-10
  373 KSP Residual norm 1.962047965392e-10
  374 KSP Residual norm 1.837729572549e-10
  375 KSP Residual norm 1.702810228881e-10
  376 KSP Residual norm 1.599756524055e-10
  377 KSP Residual norm 1.516148902928e-10
  378 KSP Residual norm 1.431029383240e-10
  379 KSP Residual norm 1.361629374491e-10
  380 KSP Residual norm 1.288385119454e-10
  381 KSP Residual norm 1.209667191062e-10
  382 KSP Residual norm 1.132958253406e-10
  383 KSP Residual norm 1.089590410369e-10
  384 KSP Residual norm 1.047569061840e-10
  385 KSP Residual norm 9.983938107397e-11
  386 KSP Residual norm 9.414011097288e-11
  387 KSP Residual norm 8.928860785090e-11
  388 KSP Residual norm 8.561253489137e-11
  389 KSP Residual norm 8.270118406004e-11
  390 KSP Residual norm 8.058050732845e-11
  391 KSP Residual norm 7.892486037718e-11
  392 KSP Residual norm 7.682836789492e-11
  393 KSP Residual norm 7.423242004141e-11
  394 KSP Residual norm 7.120914712562e-11
  395 KSP Residual norm 6.833786773503e-11
  396 KSP Residual norm 6.599535986767e-11
  397 KSP Residual norm 6.404250359308e-11
  398 KSP Residual norm 6.190343603800e-11
  399 KSP Residual norm 5.885929026716e-11
  400 KSP Residual norm 5.630865390299e-11
  401 KSP Residual norm 5.429796669392e-11
  402 KSP Residual norm 5.163229534115e-11
  403 KSP Residual norm 4.935162568312e-11
  404 KSP Residual norm 4.709171038660e-11
  405 KSP Residual norm 4.458127413486e-11
  406 KSP Residual norm 4.080485058797e-11
  407 KSP Residual norm 3.751825426181e-11
  408 KSP Residual norm 3.551875938160e-11
  409 KSP Residual norm 3.380888970285e-11
  410 KSP Residual norm 3.146910373166e-11
  411 KSP Residual norm 2.765769652000e-11
  412 KSP Residual norm 2.535277363658e-11
  413 KSP Residual norm 2.330313686753e-11
  414 KSP Residual norm 2.136208828523e-11
  415 KSP Residual norm 1.951838238348e-11
  416 KSP Residual norm 1.818837945826e-11
  417 KSP Residual norm 1.738210531437e-11
  418 KSP Residual norm 1.629040804512e-11
  419 KSP Residual norm 1.486889211033e-11
  420 KSP Residual norm 1.376338455859e-11
  421 KSP Residual norm 1.287264181649e-11
  422 KSP Residual norm 1.195350550778e-11
  423 KSP Residual norm 1.134313188006e-11
  424 KSP Residual norm 1.093992765759e-11
  425 KSP Residual norm 1.034179668062e-11
  426 KSP Residual norm 9.600568598536e-12
  427 KSP Residual norm 8.915601446076e-12
  428 KSP Residual norm 8.229024532389e-12
  429 KSP Residual norm 7.651759680930e-12
  430 KSP Residual norm 7.029636984092e-12
  431 KSP Residual norm 6.546556170273e-12
  432 KSP Residual norm 6.237942685729e-12
  433 KSP Residual norm 5.894119035565e-12
  434 KSP Residual norm 5.479468056877e-12
  435 KSP Residual norm 5.052990984788e-12
  436 KSP Residual norm 4.770323220334e-12
  437 KSP Residual norm 4.517366105932e-12
  438 KSP Residual norm 4.293839065531e-12
  439 KSP Residual norm 4.084666382310e-12
  440 KSP Residual norm 3.850565761148e-12
  441 KSP Residual norm 3.605432143959e-12
  442 KSP Residual norm 3.392382811128e-12
  443 KSP Residual norm 3.250210883858e-12
  444 KSP Residual norm 3.117855803451e-12
  445 KSP Residual norm 2.971620212489e-12
  446 KSP Residual norm 2.818934633872e-12
  447 KSP Residual norm 2.668260764587e-12
  448 KSP Residual norm 2.557342996188e-12
  449 KSP Residual norm 2.472737607343e-12
  450 KSP Residual norm 2.408798544123e-12
  451 KSP Residual norm 2.358010606258e-12
  452 KSP Residual norm 2.299169859598e-12
  453 KSP Residual norm 2.219745084508e-12
  454 KSP Residual norm 2.119438156839e-12
  455 KSP Residual norm 2.040642168485e-12
  456 KSP Residual norm 1.972460562128e-12
  457 KSP Residual norm 1.911272967028e-12
  458 KSP Residual norm 1.843078819900e-12
  459 KSP Residual norm 1.754835796422e-12
  460 KSP Residual norm 1.673348685449e-12
  461 KSP Residual norm 1.613997225624e-12
  1 SNES Function norm 1.810318662762e+00
    0 KSP Residual norm 1.160116864958e+00
    1 KSP Residual norm 4.664448271358e-01
    2 KSP Residual norm 2.919062602878e-01
    3 KSP Residual norm 2.238795844050e-01
    4 KSP Residual norm 1.901750884783e-01
    5 KSP Residual norm 1.696826837295e-01
    6 KSP Residual norm 1.516334189173e-01
    7 KSP Residual norm 1.350675742950e-01
    8 KSP Residual norm 1.205441936181e-01
    9 KSP Residual norm 1.067667187196e-01
   10 KSP Residual norm 9.233247641223e-02
   11 KSP Residual norm 7.942266958374e-02
   12 KSP Residual norm 6.763197965823e-02
   13 KSP Residual norm 5.557567250707e-02
   14 KSP Residual norm 4.547656502151e-02
   15 KSP Residual norm 3.724483351715e-02
   16 KSP Residual norm 3.025790626032e-02
   17 KSP Residual norm 2.481971508996e-02
   18 KSP Residual norm 2.094532997075e-02
   19 KSP Residual norm 1.795459994960e-02
   20 KSP Residual norm 1.553370739426e-02
   21 KSP Residual norm 1.353682752349e-02
   22 KSP Residual norm 1.183972746404e-02
   23 KSP Residual norm 1.034864246276e-02
   24 KSP Residual norm 9.067813411536e-03
   25 KSP Residual norm 7.927889461536e-03
   26 KSP Residual norm 6.947691097771e-03
   27 KSP Residual norm 6.148020806636e-03
   28 KSP Residual norm 5.458327769429e-03
   29 KSP Residual norm 4.851235825891e-03
   30 KSP Residual norm 4.331038685619e-03
   31 KSP Residual norm 4.094709401100e-03
   32 KSP Residual norm 3.837853060313e-03
   33 KSP Residual norm 3.568204209641e-03
   34 KSP Residual norm 3.279279564662e-03
   35 KSP Residual norm 2.955477621687e-03
   36 KSP Residual norm 2.639211669365e-03
   37 KSP Residual norm 2.355136015369e-03
   38 KSP Residual norm 2.096181047026e-03
   39 KSP Residual norm 1.838097840098e-03
   40 KSP Residual norm 1.623472862967e-03
   41 KSP Residual norm 1.423233285064e-03
   42 KSP Residual norm 1.227823203373e-03
   43 KSP Residual norm 1.063654825288e-03
   44 KSP Residual norm 9.194389389295e-04
   45 KSP Residual norm 7.860737018244e-04
   46 KSP Residual norm 6.756158981083e-04
   47 KSP Residual norm 5.797732811489e-04
   48 KSP Residual norm 4.970619194668e-04
   49 KSP Residual norm 4.331888526907e-04
   50 KSP Residual norm 3.787965067928e-04
   51 KSP Residual norm 3.348492859615e-04
   52 KSP Residual norm 3.021061424395e-04
   53 KSP Residual norm 2.757203544058e-04
   54 KSP Residual norm 2.547205287714e-04
   55 KSP Residual norm 2.364792911021e-04
   56 KSP Residual norm 2.212693858488e-04
   57 KSP Residual norm 2.067665349523e-04
   58 KSP Residual norm 1.907651957341e-04
   59 KSP Residual norm 1.737276455297e-04
   60 KSP Residual norm 1.573186644410e-04
   61 KSP Residual norm 1.503535657651e-04
   62 KSP Residual norm 1.443435169711e-04
   63 KSP Residual norm 1.364125182523e-04
   64 KSP Residual norm 1.290198042457e-04
   65 KSP Residual norm 1.221390834168e-04
   66 KSP Residual norm 1.152509173972e-04
   67 KSP Residual norm 1.083104152359e-04
   68 KSP Residual norm 1.015491212992e-04
   69 KSP Residual norm 9.481339850368e-05
   70 KSP Residual norm 8.750200201172e-05
   71 KSP Residual norm 7.886148791232e-05
   72 KSP Residual norm 6.939668360799e-05
   73 KSP Residual norm 5.974537023329e-05
   74 KSP Residual norm 5.104814233022e-05
   75 KSP Residual norm 4.383436999030e-05
   76 KSP Residual norm 3.712702000765e-05
   77 KSP Residual norm 3.080471613942e-05
   78 KSP Residual norm 2.596959329134e-05
   79 KSP Residual norm 2.225544471933e-05
   80 KSP Residual norm 1.917665801300e-05
   81 KSP Residual norm 1.673814823695e-05
   82 KSP Residual norm 1.474858207468e-05
   83 KSP Residual norm 1.301109203249e-05
   84 KSP Residual norm 1.154122323453e-05
   85 KSP Residual norm 1.024061897549e-05
   86 KSP Residual norm 9.097613705262e-06
   87 KSP Residual norm 8.109993629156e-06
   88 KSP Residual norm 7.343133417497e-06
   89 KSP Residual norm 6.719543996575e-06
   90 KSP Residual norm 6.229445900249e-06
   91 KSP Residual norm 5.910015107514e-06
   92 KSP Residual norm 5.554972700922e-06
   93 KSP Residual norm 5.117543715594e-06
   94 KSP Residual norm 4.653624814837e-06
   95 KSP Residual norm 4.206543865195e-06
   96 KSP Residual norm 3.793662488065e-06
   97 KSP Residual norm 3.403904911158e-06
   98 KSP Residual norm 3.039764906025e-06
   99 KSP Residual norm 2.678984873305e-06
  100 KSP Residual norm 2.389298542768e-06
  101 KSP Residual norm 2.112776704216e-06
  102 KSP Residual norm 1.835735375642e-06
  103 KSP Residual norm 1.596351668531e-06
  104 KSP Residual norm 1.357591115859e-06
  105 KSP Residual norm 1.138508657804e-06
  106 KSP Residual norm 9.760072817355e-07
  107 KSP Residual norm 8.234180179989e-07
  108 KSP Residual norm 6.827651390244e-07
  109 KSP Residual norm 5.857437032587e-07
  110 KSP Residual norm 5.094003143473e-07
  111 KSP Residual norm 4.473077458675e-07
  112 KSP Residual norm 4.037889919164e-07
  113 KSP Residual norm 3.654711218584e-07
  114 KSP Residual norm 3.358472114792e-07
  115 KSP Residual norm 3.127409942423e-07
  116 KSP Residual norm 2.937519201647e-07
  117 KSP Residual norm 2.774926459271e-07
  118 KSP Residual norm 2.637989677063e-07
  119 KSP Residual norm 2.523687705505e-07
  120 KSP Residual norm 2.405694731447e-07
  121 KSP Residual norm 2.315633712314e-07
  122 KSP Residual norm 2.237571183310e-07
  123 KSP Residual norm 2.135373100349e-07
  124 KSP Residual norm 2.013904121634e-07
  125 KSP Residual norm 1.894848761605e-07
  126 KSP Residual norm 1.785125418467e-07
  127 KSP Residual norm 1.674977890475e-07
  128 KSP Residual norm 1.555887435766e-07
  129 KSP Residual norm 1.436889646550e-07
  130 KSP Residual norm 1.305013392854e-07
  131 KSP Residual norm 1.149177008703e-07
  132 KSP Residual norm 9.980861947825e-08
  133 KSP Residual norm 8.503425237366e-08
  134 KSP Residual norm 7.211969521557e-08
  135 KSP Residual norm 6.143973956196e-08
  136 KSP Residual norm 5.206605458901e-08
  137 KSP Residual norm 4.400898784544e-08
  138 KSP Residual norm 3.810850724575e-08
  139 KSP Residual norm 3.296492916568e-08
  140 KSP Residual norm 2.855890482526e-08
  141 KSP Residual norm 2.517314164927e-08
  142 KSP Residual norm 2.216081844010e-08
  143 KSP Residual norm 1.946217999805e-08
  144 KSP Residual norm 1.730262497472e-08
  145 KSP Residual norm 1.538796346066e-08
  146 KSP Residual norm 1.367542203731e-08
  147 KSP Residual norm 1.217914346122e-08
  148 KSP Residual norm 1.096081669749e-08
  149 KSP Residual norm 1.001867900902e-08
  150 KSP Residual norm 9.322513161192e-09
  151 KSP Residual norm 8.775750427495e-09
  152 KSP Residual norm 8.152840642379e-09
  153 KSP Residual norm 7.414338066007e-09
  154 KSP Residual norm 6.714108305958e-09
  155 KSP Residual norm 6.077440986167e-09
  156 KSP Residual norm 5.508265030413e-09
  157 KSP Residual norm 4.971179283188e-09
  158 KSP Residual norm 4.438032864101e-09
  159 KSP Residual norm 3.911810515328e-09
  160 KSP Residual norm 3.505458239633e-09
  161 KSP Residual norm 3.125108876503e-09
  162 KSP Residual norm 2.747271571086e-09
  163 KSP Residual norm 2.446740558583e-09
  164 KSP Residual norm 2.126848324281e-09
  165 KSP Residual norm 1.798969142391e-09
  166 KSP Residual norm 1.531385290472e-09
  167 KSP Residual norm 1.289821583170e-09
  168 KSP Residual norm 1.079296162244e-09
  169 KSP Residual norm 9.272977182799e-10
  170 KSP Residual norm 7.983915667618e-10
  171 KSP Residual norm 6.851606595369e-10
  172 KSP Residual norm 6.140920897023e-10
  173 KSP Residual norm 5.498548481497e-10
  174 KSP Residual norm 4.983002488764e-10
  175 KSP Residual norm 4.579562220539e-10
  176 KSP Residual norm 4.227056413897e-10
  177 KSP Residual norm 3.953194786630e-10
  178 KSP Residual norm 3.767095038180e-10
  179 KSP Residual norm 3.604415924740e-10
  180 KSP Residual norm 3.432564465934e-10
  181 KSP Residual norm 3.293166331228e-10
  182 KSP Residual norm 3.178988701392e-10
  183 KSP Residual norm 3.045301895373e-10
  184 KSP Residual norm 2.861205704715e-10
  185 KSP Residual norm 2.665890138184e-10
  186 KSP Residual norm 2.492005363072e-10
  187 KSP Residual norm 2.335283512396e-10
  188 KSP Residual norm 2.174103283848e-10
  189 KSP Residual norm 2.017443261254e-10
  190 KSP Residual norm 1.832048553125e-10
  191 KSP Residual norm 1.625142061306e-10
  192 KSP Residual norm 1.439870924465e-10
  193 KSP Residual norm 1.253788303073e-10
  194 KSP Residual norm 1.089835515440e-10
  195 KSP Residual norm 9.476725906415e-11
  196 KSP Residual norm 8.214417779351e-11
  197 KSP Residual norm 7.195009280542e-11
  198 KSP Residual norm 6.420713974351e-11
  199 KSP Residual norm 5.653349494925e-11
  200 KSP Residual norm 4.924173117425e-11
  201 KSP Residual norm 4.335600216381e-11
  202 KSP Residual norm 3.734671079084e-11
  203 KSP Residual norm 3.207600976012e-11
  204 KSP Residual norm 2.789606369460e-11
  205 KSP Residual norm 2.423326290927e-11
  206 KSP Residual norm 2.107694939065e-11
  207 KSP Residual norm 1.836740405047e-11
  208 KSP Residual norm 1.595328497230e-11
  209 KSP Residual norm 1.416248531759e-11
  210 KSP Residual norm 1.294300200761e-11
  211 KSP Residual norm 1.194682547033e-11
  212 KSP Residual norm 1.078465250535e-11
  213 KSP Residual norm 9.492039375799e-12
  214 KSP Residual norm 8.428340759397e-12
  215 KSP Residual norm 7.511764114036e-12
  216 KSP Residual norm 6.729433769887e-12
  217 KSP Residual norm 6.025441607866e-12
  218 KSP Residual norm 5.344327030501e-12
  219 KSP Residual norm 4.680430542282e-12
  220 KSP Residual norm 4.206932854359e-12
  221 KSP Residual norm 3.790899678104e-12
  222 KSP Residual norm 3.385350334906e-12
  223 KSP Residual norm 3.094497897527e-12
  224 KSP Residual norm 2.778814204308e-12
  225 KSP Residual norm 2.421025935046e-12
  226 KSP Residual norm 2.105338123739e-12
  227 KSP Residual norm 1.817486158640e-12
  228 KSP Residual norm 1.555926572703e-12
  229 KSP Residual norm 1.355459032794e-12
  230 KSP Residual norm 1.175206108220e-12
  231 KSP Residual norm 9.965963276860e-13
  2 SNES Function norm 3.123477377735e-02
    0 KSP Residual norm 5.160519551952e-02
    1 KSP Residual norm 2.916388765738e-02
    2 KSP Residual norm 2.132237512790e-02
    3 KSP Residual norm 1.881049668817e-02
    4 KSP Residual norm 1.677447564515e-02
    5 KSP Residual norm 1.501620438385e-02
    6 KSP Residual norm 1.297625988125e-02
    7 KSP Residual norm 1.062945105373e-02
    8 KSP Residual norm 8.226858142349e-03
    9 KSP Residual norm 6.603422416819e-03
   10 KSP Residual norm 5.582940846302e-03
   11 KSP Residual norm 4.840874643851e-03
   12 KSP Residual norm 4.140255307398e-03
   13 KSP Residual norm 3.527534020849e-03
   14 KSP Residual norm 3.068585904989e-03
   15 KSP Residual norm 2.728339254859e-03
   16 KSP Residual norm 2.466918015678e-03
   17 KSP Residual norm 2.255599794611e-03
   18 KSP Residual norm 2.077813793157e-03
   19 KSP Residual norm 1.921581180809e-03
   20 KSP Residual norm 1.760961513249e-03
   21 KSP Residual norm 1.586431644206e-03
   22 KSP Residual norm 1.446140534752e-03
   23 KSP Residual norm 1.334959083677e-03
   24 KSP Residual norm 1.215907884574e-03
   25 KSP Residual norm 1.106540636643e-03
   26 KSP Residual norm 1.005215794316e-03
   27 KSP Residual norm 9.176953198436e-04
   28 KSP Residual norm 8.492487338450e-04
   29 KSP Residual norm 7.802427090085e-04
   30 KSP Residual norm 7.150870828315e-04
   31 KSP Residual norm 6.810943716745e-04
   32 KSP Residual norm 6.454378267793e-04
   33 KSP Residual norm 6.104509077247e-04
   34 KSP Residual norm 5.731153072722e-04
   35 KSP Residual norm 5.366259011878e-04
   36 KSP Residual norm 5.037870815636e-04
   37 KSP Residual norm 4.735414515987e-04
   38 KSP Residual norm 4.426933393671e-04
   39 KSP Residual norm 4.098695907225e-04
   40 KSP Residual norm 3.746823734675e-04
   41 KSP Residual norm 3.458186091351e-04
   42 KSP Residual norm 3.195419163011e-04
   43 KSP Residual norm 2.936471074002e-04
   44 KSP Residual norm 2.691392712471e-04
   45 KSP Residual norm 2.453041562925e-04
   46 KSP Residual norm 2.213327396065e-04
   47 KSP Residual norm 1.945224849956e-04
   48 KSP Residual norm 1.676425929590e-04
   49 KSP Residual norm 1.440015965869e-04
   50 KSP Residual norm 1.248997958519e-04
   51 KSP Residual norm 1.057838463604e-04
   52 KSP Residual norm 8.939699776777e-05
   53 KSP Residual norm 7.462954978241e-05
   54 KSP Residual norm 5.987011337195e-05
   55 KSP Residual norm 4.824352062559e-05
   56 KSP Residual norm 3.991632570967e-05
   57 KSP Residual norm 3.392393135119e-05
   58 KSP Residual norm 2.820424421077e-05
   59 KSP Residual norm 2.229568794639e-05
   60 KSP Residual norm 1.813010516563e-05
   61 KSP Residual norm 1.645842004118e-05
   62 KSP Residual norm 1.446300561951e-05
   63 KSP Residual norm 1.257125142321e-05
   64 KSP Residual norm 1.108632087194e-05
   65 KSP Residual norm 9.587970416369e-06
   66 KSP Residual norm 7.920579358807e-06
   67 KSP Residual norm 6.344901126974e-06
   68 KSP Residual norm 5.339309962430e-06
   69 KSP Residual norm 4.578749827932e-06
   70 KSP Residual norm 3.933512623248e-06
   71 KSP Residual norm 3.431095323617e-06
   72 KSP Residual norm 3.017457077843e-06
   73 KSP Residual norm 2.685772381151e-06
   74 KSP Residual norm 2.406307826782e-06
   75 KSP Residual norm 2.187384670685e-06
   76 KSP Residual norm 1.980974503760e-06
   77 KSP Residual norm 1.756044333669e-06
   78 KSP Residual norm 1.564877075158e-06
   79 KSP Residual norm 1.415457579997e-06
   80 KSP Residual norm 1.282604498871e-06
   81 KSP Residual norm 1.165163129471e-06
   82 KSP Residual norm 1.070122659791e-06
   83 KSP Residual norm 9.790103902482e-07
   84 KSP Residual norm 8.724001463915e-07
   85 KSP Residual norm 7.839929253898e-07
   86 KSP Residual norm 7.189780935242e-07
   87 KSP Residual norm 6.610259353422e-07
   88 KSP Residual norm 6.162386361781e-07
   89 KSP Residual norm 5.776208128443e-07
   90 KSP Residual norm 5.401576735129e-07
   91 KSP Residual norm 5.155878821085e-07
   92 KSP Residual norm 4.921618100297e-07
   93 KSP Residual norm 4.681446328619e-07
   94 KSP Residual norm 4.406627529818e-07
   95 KSP Residual norm 4.116644272622e-07
   96 KSP Residual norm 3.807667204497e-07
   97 KSP Residual norm 3.512038740976e-07
   98 KSP Residual norm 3.270951980497e-07
   99 KSP Residual norm 3.059563592533e-07
  100 KSP Residual norm 2.839914042575e-07
  101 KSP Residual norm 2.616979321262e-07
  102 KSP Residual norm 2.412158654830e-07
  103 KSP Residual norm 2.203529570578e-07
  104 KSP Residual norm 1.969249283302e-07
  105 KSP Residual norm 1.777632647560e-07
  106 KSP Residual norm 1.598678829797e-07
  107 KSP Residual norm 1.395976663962e-07
  108 KSP Residual norm 1.225926138951e-07
  109 KSP Residual norm 1.068358284656e-07
  110 KSP Residual norm 9.327644542833e-08
  111 KSP Residual norm 8.033591858295e-08
  112 KSP Residual norm 6.888064743627e-08
  113 KSP Residual norm 5.785142668160e-08
  114 KSP Residual norm 4.615916106750e-08
  115 KSP Residual norm 3.735918644025e-08
  116 KSP Residual norm 3.095350489624e-08
  117 KSP Residual norm 2.644404856357e-08
  118 KSP Residual norm 2.279567920842e-08
  119 KSP Residual norm 1.979954096962e-08
  120 KSP Residual norm 1.774130543893e-08
  121 KSP Residual norm 1.634421651914e-08
  122 KSP Residual norm 1.460787784353e-08
  123 KSP Residual norm 1.280354454302e-08
  124 KSP Residual norm 1.137294443821e-08
  125 KSP Residual norm 9.818752179212e-09
  126 KSP Residual norm 8.262126571444e-09
  127 KSP Residual norm 6.842133745130e-09
  128 KSP Residual norm 5.845513727792e-09
  129 KSP Residual norm 5.120422530268e-09
  130 KSP Residual norm 4.452530703198e-09
  131 KSP Residual norm 3.889723347204e-09
  132 KSP Residual norm 3.419722133463e-09
  133 KSP Residual norm 3.051767393506e-09
  134 KSP Residual norm 2.712081844853e-09
  135 KSP Residual norm 2.423385798788e-09
  136 KSP Residual norm 2.173224087908e-09
  137 KSP Residual norm 1.911938770598e-09
  138 KSP Residual norm 1.699525268874e-09
  139 KSP Residual norm 1.545827548583e-09
  140 KSP Residual norm 1.407384846450e-09
  141 KSP Residual norm 1.297536757979e-09
  142 KSP Residual norm 1.206610917855e-09
  143 KSP Residual norm 1.126726863682e-09
  144 KSP Residual norm 1.040176900952e-09
  145 KSP Residual norm 9.633443831172e-10
  146 KSP Residual norm 9.018303337829e-10
  147 KSP Residual norm 8.456139190187e-10
  148 KSP Residual norm 8.025430352560e-10
  149 KSP Residual norm 7.598879975013e-10
  150 KSP Residual norm 7.135645715216e-10
  151 KSP Residual norm 6.760129614632e-10
  152 KSP Residual norm 6.437374505917e-10
  153 KSP Residual norm 6.146664623148e-10
  154 KSP Residual norm 5.808808470990e-10
  155 KSP Residual norm 5.460983655581e-10
  156 KSP Residual norm 5.077762449585e-10
  157 KSP Residual norm 4.713533169741e-10
  158 KSP Residual norm 4.411990524604e-10
  159 KSP Residual norm 4.113135200592e-10
  160 KSP Residual norm 3.792814950738e-10
  161 KSP Residual norm 3.470888081112e-10
  162 KSP Residual norm 3.172396761637e-10
  163 KSP Residual norm 2.866545248106e-10
  164 KSP Residual norm 2.522890585146e-10
  165 KSP Residual norm 2.251080994504e-10
  166 KSP Residual norm 1.997764980876e-10
  167 KSP Residual norm 1.746665078168e-10
  168 KSP Residual norm 1.552503454219e-10
  169 KSP Residual norm 1.370706843495e-10
  170 KSP Residual norm 1.207203962624e-10
  171 KSP Residual norm 1.049150518669e-10
  172 KSP Residual norm 9.114913238551e-11
  173 KSP Residual norm 7.750438461050e-11
  174 KSP Residual norm 6.321364563888e-11
  175 KSP Residual norm 5.255017718805e-11
  176 KSP Residual norm 4.421200466119e-11
  177 KSP Residual norm 3.848166069721e-11
  178 KSP Residual norm 3.350865694407e-11
  179 KSP Residual norm 2.970651616659e-11
  180 KSP Residual norm 2.725616843654e-11
  181 KSP Residual norm 2.536842506662e-11
  182 KSP Residual norm 2.289293456722e-11
  183 KSP Residual norm 2.007628205377e-11
  184 KSP Residual norm 1.786515567560e-11
  185 KSP Residual norm 1.529465556763e-11
  186 KSP Residual norm 1.294973680724e-11
  187 KSP Residual norm 1.086560276014e-11
  188 KSP Residual norm 9.210086498474e-12
  189 KSP Residual norm 8.061636533855e-12
  190 KSP Residual norm 7.001746586743e-12
  191 KSP Residual norm 6.115219037297e-12
  192 KSP Residual norm 5.416121910377e-12
  193 KSP Residual norm 4.845950533016e-12
  194 KSP Residual norm 4.335227113058e-12
  195 KSP Residual norm 3.872674129502e-12
  196 KSP Residual norm 3.491611259896e-12
  197 KSP Residual norm 3.116862749172e-12
  198 KSP Residual norm 2.800686716924e-12
  199 KSP Residual norm 2.578036533304e-12
  200 KSP Residual norm 2.369195295280e-12
  201 KSP Residual norm 2.199042797881e-12
  202 KSP Residual norm 2.049973702988e-12
  203 KSP Residual norm 1.925245090430e-12
  204 KSP Residual norm 1.792299202863e-12
  205 KSP Residual norm 1.665582315074e-12
  206 KSP Residual norm 1.565207120872e-12
  207 KSP Residual norm 1.467396775398e-12
  208 KSP Residual norm 1.393638702285e-12
  209 KSP Residual norm 1.310863656696e-12
  210 KSP Residual norm 1.215954840713e-12
  211 KSP Residual norm 1.135884736448e-12
  212 KSP Residual norm 1.072112257985e-12
  213 KSP Residual norm 1.020606271383e-12
  214 KSP Residual norm 9.586221340566e-13
  215 KSP Residual norm 9.006140192397e-13
  216 KSP Residual norm 8.355819329247e-13
  217 KSP Residual norm 7.777734207072e-13
  218 KSP Residual norm 7.313329647052e-13
  219 KSP Residual norm 6.834015325764e-13
  220 KSP Residual norm 6.332676709991e-13
  221 KSP Residual norm 5.835545807046e-13
  222 KSP Residual norm 5.380183052505e-13
  223 KSP Residual norm 4.905822565980e-13
  224 KSP Residual norm 4.366399047689e-13
  225 KSP Residual norm 3.921094800252e-13
  226 KSP Residual norm 3.472050394778e-13
  227 KSP Residual norm 3.044623770235e-13
  228 KSP Residual norm 2.722310281114e-13
  229 KSP Residual norm 2.425637724026e-13
  230 KSP Residual norm 2.144261872061e-13
  231 KSP Residual norm 1.862167683727e-13
  232 KSP Residual norm 1.627187070704e-13
  233 KSP Residual norm 1.373294104195e-13
  234 KSP Residual norm 1.124153382686e-13
  235 KSP Residual norm 9.424442585476e-14
  236 KSP Residual norm 7.915967957955e-14
  237 KSP Residual norm 6.928006802556e-14
  238 KSP Residual norm 6.016596618427e-14
  239 KSP Residual norm 5.389963475348e-14
  240 KSP Residual norm 4.999271418649e-14
  3 SNES Function norm 1.245302110023e-03
    0 KSP Residual norm 2.065512338223e-03
    1 KSP Residual norm 1.049129771208e-03
    2 KSP Residual norm 8.069368158684e-04
    3 KSP Residual norm 7.396949844042e-04
    4 KSP Residual norm 6.764551835152e-04
    5 KSP Residual norm 6.033974177025e-04
    6 KSP Residual norm 5.087499886910e-04
    7 KSP Residual norm 4.065184014469e-04
    8 KSP Residual norm 3.110584511019e-04
    9 KSP Residual norm 2.521885744773e-04
   10 KSP Residual norm 2.151660766299e-04
   11 KSP Residual norm 1.875948582020e-04
   12 KSP Residual norm 1.609058261482e-04
   13 KSP Residual norm 1.358101072486e-04
   14 KSP Residual norm 1.168865411141e-04
   15 KSP Residual norm 1.039683977563e-04
   16 KSP Residual norm 9.473447927913e-05
   17 KSP Residual norm 8.744293449994e-05
   18 KSP Residual norm 8.082394159338e-05
   19 KSP Residual norm 7.404593218011e-05
   20 KSP Residual norm 6.774325510288e-05
   21 KSP Residual norm 6.225878291200e-05
   22 KSP Residual norm 5.685467596867e-05
   23 KSP Residual norm 5.141918571828e-05
   24 KSP Residual norm 4.658952208856e-05
   25 KSP Residual norm 4.242390994553e-05
   26 KSP Residual norm 3.873731384718e-05
   27 KSP Residual norm 3.557302306009e-05
   28 KSP Residual norm 3.271645813942e-05
   29 KSP Residual norm 2.996459265644e-05
   30 KSP Residual norm 2.731084608106e-05
   31 KSP Residual norm 2.601900157802e-05
   32 KSP Residual norm 2.469472490091e-05
   33 KSP Residual norm 2.334020365647e-05
   34 KSP Residual norm 2.196056699386e-05
   35 KSP Residual norm 2.061955692151e-05
   36 KSP Residual norm 1.937523203953e-05
   37 KSP Residual norm 1.822067313621e-05
   38 KSP Residual norm 1.694886672779e-05
   39 KSP Residual norm 1.560918467335e-05
   40 KSP Residual norm 1.443250108639e-05
   41 KSP Residual norm 1.339036645351e-05
   42 KSP Residual norm 1.231297499376e-05
   43 KSP Residual norm 1.129416622302e-05
   44 KSP Residual norm 1.038652795728e-05
   45 KSP Residual norm 9.446280612016e-06
   46 KSP Residual norm 8.500291761555e-06
   47 KSP Residual norm 7.506543345900e-06
   48 KSP Residual norm 6.509357222750e-06
   49 KSP Residual norm 5.610768351636e-06
   50 KSP Residual norm 4.859009213604e-06
   51 KSP Residual norm 4.160091625898e-06
   52 KSP Residual norm 3.546349129218e-06
   53 KSP Residual norm 2.943415739261e-06
   54 KSP Residual norm 2.358455734380e-06
   55 KSP Residual norm 1.886606861347e-06
   56 KSP Residual norm 1.554146039310e-06
   57 KSP Residual norm 1.327794934888e-06
   58 KSP Residual norm 1.112620467343e-06
   59 KSP Residual norm 8.993361292739e-07
   60 KSP Residual norm 7.512106782477e-07
   61 KSP Residual norm 6.890476942801e-07
   62 KSP Residual norm 6.065040912464e-07
   63 KSP Residual norm 5.179644766394e-07
   64 KSP Residual norm 4.602996880379e-07
   65 KSP Residual norm 4.061359357193e-07
   66 KSP Residual norm 3.433753163594e-07
   67 KSP Residual norm 2.832791140584e-07
   68 KSP Residual norm 2.390114597031e-07
   69 KSP Residual norm 2.031298860976e-07
   70 KSP Residual norm 1.739755837760e-07
   71 KSP Residual norm 1.506452948260e-07
   72 KSP Residual norm 1.319064251288e-07
   73 KSP Residual norm 1.169473108224e-07
   74 KSP Residual norm 1.040640502746e-07
   75 KSP Residual norm 9.489005168062e-08
   76 KSP Residual norm 8.673056695187e-08
   77 KSP Residual norm 7.785978505795e-08
   78 KSP Residual norm 6.994549693831e-08
   79 KSP Residual norm 6.291728726433e-08
   80 KSP Residual norm 5.630001705757e-08
   81 KSP Residual norm 5.106560779316e-08
   82 KSP Residual norm 4.654760152181e-08
   83 KSP Residual norm 4.247291241056e-08
   84 KSP Residual norm 3.867677945303e-08
   85 KSP Residual norm 3.531433637071e-08
   86 KSP Residual norm 3.233500547687e-08
   87 KSP Residual norm 2.957917048592e-08
   88 KSP Residual norm 2.734473927709e-08
   89 KSP Residual norm 2.550615779458e-08
   90 KSP Residual norm 2.386026244672e-08
   91 KSP Residual norm 2.280391555333e-08
   92 KSP Residual norm 2.170881191034e-08
   93 KSP Residual norm 2.044351688216e-08
   94 KSP Residual norm 1.923956019320e-08
   95 KSP Residual norm 1.812603935276e-08
   96 KSP Residual norm 1.700806174344e-08
   97 KSP Residual norm 1.593537324808e-08
   98 KSP Residual norm 1.487257624362e-08
   99 KSP Residual norm 1.379347932805e-08
  100 KSP Residual norm 1.276438125970e-08
  101 KSP Residual norm 1.168347226234e-08
  102 KSP Residual norm 1.067407868777e-08
  103 KSP Residual norm 9.755652616092e-09
  104 KSP Residual norm 8.810682974239e-09
  105 KSP Residual norm 8.011962426696e-09
  106 KSP Residual norm 7.294364922578e-09
  107 KSP Residual norm 6.408366765425e-09
  108 KSP Residual norm 5.635363562610e-09
  109 KSP Residual norm 4.882336610112e-09
  110 KSP Residual norm 4.218812669323e-09
  111 KSP Residual norm 3.644358382244e-09
  112 KSP Residual norm 3.089119650180e-09
  113 KSP Residual norm 2.564422548132e-09
  114 KSP Residual norm 2.113907661717e-09
  115 KSP Residual norm 1.747811394331e-09
  116 KSP Residual norm 1.465132509795e-09
  117 KSP Residual norm 1.261503196262e-09
  118 KSP Residual norm 1.062740253131e-09
  119 KSP Residual norm 9.062072739635e-10
  120 KSP Residual norm 8.095460597655e-10
  121 KSP Residual norm 7.465408653409e-10
  122 KSP Residual norm 6.661047567182e-10
  123 KSP Residual norm 5.647581774584e-10
  124 KSP Residual norm 5.015663056902e-10
  125 KSP Residual norm 4.459386062782e-10
  126 KSP Residual norm 3.814280289211e-10
  127 KSP Residual norm 3.178687708686e-10
  128 KSP Residual norm 2.682576845162e-10
  129 KSP Residual norm 2.283059265681e-10
  130 KSP Residual norm 1.989734719338e-10
  131 KSP Residual norm 1.741071118354e-10
  132 KSP Residual norm 1.522069557646e-10
  133 KSP Residual norm 1.354826766831e-10
  134 KSP Residual norm 1.201233045002e-10
  135 KSP Residual norm 1.081065780719e-10
  136 KSP Residual norm 9.851291348239e-11
  137 KSP Residual norm 8.802599027491e-11
  138 KSP Residual norm 7.840162902602e-11
  139 KSP Residual norm 7.104119480381e-11
  140 KSP Residual norm 6.405983722594e-11
  141 KSP Residual norm 5.895020036586e-11
  142 KSP Residual norm 5.484982110547e-11
  143 KSP Residual norm 5.111725476875e-11
  144 KSP Residual norm 4.785847346502e-11
  145 KSP Residual norm 4.497963329874e-11
  146 KSP Residual norm 4.232885556141e-11
  147 KSP Residual norm 3.975144234993e-11
  148 KSP Residual norm 3.746523519277e-11
  149 KSP Residual norm 3.533354809096e-11
  150 KSP Residual norm 3.330003618540e-11
  151 KSP Residual norm 3.163719012881e-11
  152 KSP Residual norm 3.002131775216e-11
  153 KSP Residual norm 2.846204573079e-11
  154 KSP Residual norm 2.691979698078e-11
  155 KSP Residual norm 2.546391381368e-11
  156 KSP Residual norm 2.403537614855e-11
  157 KSP Residual norm 2.261103788752e-11
  158 KSP Residual norm 2.112215846194e-11
  159 KSP Residual norm 1.957799305425e-11
  160 KSP Residual norm 1.800367695108e-11
  161 KSP Residual norm 1.630691341089e-11
  162 KSP Residual norm 1.475817948917e-11
  163 KSP Residual norm 1.325769163561e-11
  164 KSP Residual norm 1.180471309859e-11
  165 KSP Residual norm 1.068856539201e-11
  166 KSP Residual norm 9.642286775504e-12
  167 KSP Residual norm 8.493451756176e-12
  168 KSP Residual norm 7.563217812076e-12
  169 KSP Residual norm 6.600685522927e-12
  170 KSP Residual norm 5.787632120245e-12
  171 KSP Residual norm 5.018636901319e-12
  172 KSP Residual norm 4.220797503521e-12
  173 KSP Residual norm 3.557651235060e-12
  174 KSP Residual norm 2.985610974301e-12
  175 KSP Residual norm 2.497417521028e-12
  176 KSP Residual norm 2.150230599478e-12
  177 KSP Residual norm 1.883771570306e-12
  178 KSP Residual norm 1.602111610677e-12
  179 KSP Residual norm 1.415080882629e-12
  180 KSP Residual norm 1.294277682545e-12
  181 KSP Residual norm 1.204048629104e-12
  182 KSP Residual norm 1.089736435452e-12
  183 KSP Residual norm 9.292661328637e-13
  184 KSP Residual norm 8.257086586207e-13
  185 KSP Residual norm 7.354437698671e-13
  186 KSP Residual norm 6.258704994293e-13
  187 KSP Residual norm 5.218342770790e-13
  188 KSP Residual norm 4.415318667766e-13
  189 KSP Residual norm 3.681659415377e-13
  190 KSP Residual norm 3.179109774753e-13
  191 KSP Residual norm 2.811679644892e-13
  192 KSP Residual norm 2.470116210684e-13
  193 KSP Residual norm 2.221353475422e-13
  194 KSP Residual norm 1.996033990146e-13
  195 KSP Residual norm 1.811066282017e-13
  196 KSP Residual norm 1.669300036168e-13
  197 KSP Residual norm 1.521332599966e-13
  198 KSP Residual norm 1.364096237171e-13
  199 KSP Residual norm 1.247363457319e-13
  200 KSP Residual norm 1.137445301353e-13
  201 KSP Residual norm 1.049279689640e-13
  202 KSP Residual norm 9.798993895916e-14
  203 KSP Residual norm 9.167553755233e-14
  204 KSP Residual norm 8.589534100051e-14
  205 KSP Residual norm 8.084626555150e-14
  206 KSP Residual norm 7.611664738294e-14
  207 KSP Residual norm 7.160365532066e-14
  208 KSP Residual norm 6.788753751020e-14
  209 KSP Residual norm 6.350496181317e-14
  210 KSP Residual norm 5.907657302624e-14
  211 KSP Residual norm 5.532133196737e-14
  212 KSP Residual norm 5.187257377277e-14
  213 KSP Residual norm 4.925656933989e-14
  214 KSP Residual norm 4.644478762226e-14
  215 KSP Residual norm 4.377707090174e-14
  216 KSP Residual norm 4.131887929293e-14
  217 KSP Residual norm 3.884963485202e-14
  218 KSP Residual norm 3.633127672045e-14
  219 KSP Residual norm 3.386346480702e-14
  220 KSP Residual norm 3.130951090654e-14
  221 KSP Residual norm 2.860742841275e-14
  222 KSP Residual norm 2.614258520801e-14
  223 KSP Residual norm 2.348994998104e-14
  224 KSP Residual norm 2.107737923900e-14
  225 KSP Residual norm 1.924888866318e-14
  226 KSP Residual norm 1.735424678165e-14
  227 KSP Residual norm 1.538485595571e-14
  228 KSP Residual norm 1.383420097252e-14
  229 KSP Residual norm 1.213436926970e-14
  230 KSP Residual norm 1.073202653375e-14
  231 KSP Residual norm 9.258770757163e-15
  4 SNES Function norm 2.266743335100e-06
    0 KSP Residual norm 3.764170256589e-06
    1 KSP Residual norm 1.732095982825e-06
    2 KSP Residual norm 1.444349579927e-06
    3 KSP Residual norm 1.354117163386e-06
    4 KSP Residual norm 1.231628070825e-06
    5 KSP Residual norm 1.036494023674e-06
    6 KSP Residual norm 8.321300374382e-07
    7 KSP Residual norm 6.709850117422e-07
    8 KSP Residual norm 5.387909872060e-07
    9 KSP Residual norm 4.447110410214e-07
   10 KSP Residual norm 3.699312193313e-07
   11 KSP Residual norm 3.101333745427e-07
   12 KSP Residual norm 2.609695631815e-07
   13 KSP Residual norm 2.214872249176e-07
   14 KSP Residual norm 1.931925232038e-07
   15 KSP Residual norm 1.725802513872e-07
   16 KSP Residual norm 1.555710084885e-07
   17 KSP Residual norm 1.409602114715e-07
   18 KSP Residual norm 1.288287277995e-07
   19 KSP Residual norm 1.181467120752e-07
   20 KSP Residual norm 1.086742064103e-07
   21 KSP Residual norm 9.999466146432e-08
   22 KSP Residual norm 9.112466117094e-08
   23 KSP Residual norm 8.218355476118e-08
   24 KSP Residual norm 7.429542445728e-08
   25 KSP Residual norm 6.774681397679e-08
   26 KSP Residual norm 6.197943353144e-08
   27 KSP Residual norm 5.687733224010e-08
   28 KSP Residual norm 5.225203084975e-08
   29 KSP Residual norm 4.784672030804e-08
   30 KSP Residual norm 4.370163857517e-08
   31 KSP Residual norm 4.170922268204e-08
   32 KSP Residual norm 3.967086596670e-08
   33 KSP Residual norm 3.752111275701e-08
   34 KSP Residual norm 3.525500558532e-08
   35 KSP Residual norm 3.305042892818e-08
   36 KSP Residual norm 3.095397108462e-08
   37 KSP Residual norm 2.900901099293e-08
   38 KSP Residual norm 2.698278628982e-08
   39 KSP Residual norm 2.492177012124e-08
   40 KSP Residual norm 2.312385125487e-08
   41 KSP Residual norm 2.148810785257e-08
   42 KSP Residual norm 1.973825883619e-08
   43 KSP Residual norm 1.811635479244e-08
   44 KSP Residual norm 1.667570473290e-08
   45 KSP Residual norm 1.515419558490e-08
   46 KSP Residual norm 1.363027448297e-08
   47 KSP Residual norm 1.203410554600e-08
   48 KSP Residual norm 1.039208163121e-08
   49 KSP Residual norm 8.894210441483e-09
   50 KSP Residual norm 7.614865994282e-09
   51 KSP Residual norm 6.487027804360e-09
   52 KSP Residual norm 5.558831878893e-09
   53 KSP Residual norm 4.665731239120e-09
   54 KSP Residual norm 3.803767613351e-09
   55 KSP Residual norm 3.060478835983e-09
   56 KSP Residual norm 2.505058413877e-09
   57 KSP Residual norm 2.127328813758e-09
   58 KSP Residual norm 1.792049912178e-09
   59 KSP Residual norm 1.452114137764e-09
   60 KSP Residual norm 1.180932993957e-09
   61 KSP Residual norm 1.073715390817e-09
   62 KSP Residual norm 9.519620465035e-10
   63 KSP Residual norm 8.142178324883e-10
   64 KSP Residual norm 7.155190939836e-10
   65 KSP Residual norm 6.185630668402e-10
   66 KSP Residual norm 5.215103131759e-10
   67 KSP Residual norm 4.365665336440e-10
   68 KSP Residual norm 3.649075701204e-10
   69 KSP Residual norm 3.019196026182e-10
   70 KSP Residual norm 2.483030077705e-10
   71 KSP Residual norm 2.076918629306e-10
   72 KSP Residual norm 1.789968067574e-10
   73 KSP Residual norm 1.572351547926e-10
   74 KSP Residual norm 1.384665082809e-10
   75 KSP Residual norm 1.242218207074e-10
   76 KSP Residual norm 1.116866227371e-10
   77 KSP Residual norm 9.934740201493e-11
   78 KSP Residual norm 8.966584500757e-11
   79 KSP Residual norm 8.171190182578e-11
   80 KSP Residual norm 7.397196265477e-11
   81 KSP Residual norm 6.764228324156e-11
   82 KSP Residual norm 6.257633990762e-11
   83 KSP Residual norm 5.812767443191e-11
   84 KSP Residual norm 5.392102884427e-11
   85 KSP Residual norm 5.008554702523e-11
   86 KSP Residual norm 4.645740757947e-11
   87 KSP Residual norm 4.302111798260e-11
   88 KSP Residual norm 4.019997467864e-11
   89 KSP Residual norm 3.766491269172e-11
   90 KSP Residual norm 3.536931905423e-11
   91 KSP Residual norm 3.392336010534e-11
   92 KSP Residual norm 3.246181783311e-11
   93 KSP Residual norm 3.062469465675e-11
   94 KSP Residual norm 2.872236849194e-11
   95 KSP Residual norm 2.696346311902e-11
   96 KSP Residual norm 2.527896052281e-11
   97 KSP Residual norm 2.378985357412e-11
   98 KSP Residual norm 2.230165375075e-11
   99 KSP Residual norm 2.064289673917e-11
  100 KSP Residual norm 1.896079181534e-11
  101 KSP Residual norm 1.727466726775e-11
  102 KSP Residual norm 1.580966153509e-11
  103 KSP Residual norm 1.453812079878e-11
  104 KSP Residual norm 1.316336790706e-11
  105 KSP Residual norm 1.185943475440e-11
  106 KSP Residual norm 1.065803450268e-11
  107 KSP Residual norm 9.316276904220e-12
  108 KSP Residual norm 8.133972786027e-12
  109 KSP Residual norm 7.048582182792e-12
  110 KSP Residual norm 5.991793679791e-12
  111 KSP Residual norm 5.083093627067e-12
  112 KSP Residual norm 4.341283675057e-12
  113 KSP Residual norm 3.651722482013e-12
  114 KSP Residual norm 3.025306113990e-12
  115 KSP Residual norm 2.481831348633e-12
  116 KSP Residual norm 2.047467178758e-12
  117 KSP Residual norm 1.756709626664e-12
  118 KSP Residual norm 1.489386733071e-12
  119 KSP Residual norm 1.260051437815e-12
  120 KSP Residual norm 1.102486572787e-12
  121 KSP Residual norm 1.008069918148e-12
  122 KSP Residual norm 9.086075151486e-13
  123 KSP Residual norm 7.849785284231e-13
  124 KSP Residual norm 6.983249516981e-13
  125 KSP Residual norm 6.135658341468e-13
  126 KSP Residual norm 5.247179874159e-13
  127 KSP Residual norm 4.457123490251e-13
  128 KSP Residual norm 3.851029677073e-13
  129 KSP Residual norm 3.297084526990e-13
  130 KSP Residual norm 2.798453411328e-13
  131 KSP Residual norm 2.406665511103e-13
  132 KSP Residual norm 2.127967204401e-13
  133 KSP Residual norm 1.918077865324e-13
  134 KSP Residual norm 1.707394867723e-13
  135 KSP Residual norm 1.534042976426e-13
  136 KSP Residual norm 1.387994082727e-13
  137 KSP Residual norm 1.230801034808e-13
  138 KSP Residual norm 1.095328209614e-13
  139 KSP Residual norm 9.900896659824e-14
  140 KSP Residual norm 8.816192087061e-14
  141 KSP Residual norm 7.966273200802e-14
  142 KSP Residual norm 7.330709720590e-14
  143 KSP Residual norm 6.808860760892e-14
  144 KSP Residual norm 6.348626065023e-14
  145 KSP Residual norm 5.899132102647e-14
  146 KSP Residual norm 5.446427086043e-14
  147 KSP Residual norm 5.039976277529e-14
  148 KSP Residual norm 4.720076499524e-14
  149 KSP Residual norm 4.447372334944e-14
  150 KSP Residual norm 4.191803999944e-14
  151 KSP Residual norm 3.992562453663e-14
  152 KSP Residual norm 3.805941936499e-14
  153 KSP Residual norm 3.605913814304e-14
  154 KSP Residual norm 3.393559380388e-14
  155 KSP Residual norm 3.191671207600e-14
  156 KSP Residual norm 3.006675334332e-14
  157 KSP Residual norm 2.843672990882e-14
  158 KSP Residual norm 2.672021710216e-14
  159 KSP Residual norm 2.472341143913e-14
  160 KSP Residual norm 2.254280028297e-14
  161 KSP Residual norm 2.031231613782e-14
  162 KSP Residual norm 1.845602344392e-14
  163 KSP Residual norm 1.673413787760e-14
  164 KSP Residual norm 1.501226055397e-14
  165 KSP Residual norm 1.359608894144e-14
  166 KSP Residual norm 1.219200952176e-14
  167 KSP Residual norm 1.074917976673e-14
  168 KSP Residual norm 9.522594494658e-15
  5 SNES Function norm 7.565597344165e-12
on 129 x 129 point grid:  |u-u_exact|_inf = 4.72544e-05
on 129 x 129 point grid:  |u-u_exact|_2 / |u_exact|_2 = 5.06487e-05
****************************************************************************************************************************************************************
***                                WIDEN YOUR WINDOW TO 160 CHARACTERS.  Use 'enscript -r -fCourier9' to print this document                                 ***
****************************************************************************************************************************************************************

------------------------------------------------------------------ PETSc Performance Summary: ------------------------------------------------------------------

./reaction2d on a apma4302-pkgs-opt named paullabs-MacBook-Air.local with 4 processes, by paullab on Mon Mar 23 01:50:30 2026
Using PETSc Release Version 3.24.3, unknown

                         Max       Max/Min     Avg       Total
Time (sec):           1.388e-01     1.000   1.388e-01
Objects:              0.000e+00     0.000   0.000e+00
Flops:                4.754e+08     1.032   4.681e+08  1.873e+09
Flops/sec:            3.426e+09     1.032   3.373e+09  1.349e+10
MPI Msg Count:        2.796e+03     1.001   2.793e+03  1.117e+04
MPI Msg Len (bytes):  1.597e+06     1.084   5.407e+02  6.041e+06
MPI Reductions:       2.800e+03     1.000

Flop counting convention: 1 flop = 1 real number operation of type (multiply/divide/add/subtract)
                            e.g., VecAXPY() for real vectors of length N --> 2N flops
                            and VecAXPY() for complex vectors of length N --> 8N flops

Summary of Stages:   ----- Time ------  ----- Flop ------  --- Messages ---  -- Message Lengths --  -- Reductions --
                        Avg     %Total     Avg     %Total    Count   %Total     Avg         %Total    Count   %Total
 0:      Main Stage: 1.3879e-01 100.0%  1.8726e+09 100.0%  1.117e+04 100.0%  5.407e+02      100.0%  2.782e+03  99.4%

------------------------------------------------------------------------------------------------------------------------
See the 'Profiling' chapter of the users' manual for details on interpreting output.
Phase summary info:
   Count: number of times phase was executed
   Time and Flop: Max - maximum over all processes
                  Ratio - ratio of maximum to minimum over all processes
   Mess: number of messages sent
   AvgLen: average message length (bytes)
   Reduct: number of global reductions
   Global: entire computation
   Stage: stages of a computation. Set stages with PetscLogStagePush() and PetscLogStagePop().
      %T - percent time in this phase         %F - percent flop in this phase
      %M - percent messages in this phase     %L - percent message lengths in this phase
      %R - percent reductions in this phase
   Total Mflop/s: 1e-6 * (sum of flop over all processes)/(max time over all processes)
------------------------------------------------------------------------------------------------------------------------
Event                Count      Time (sec)     Flop                              --- Global ---  --- Stage ----  Total
                   Max Ratio  Max     Ratio   Max  Ratio  Mess   AvgLen  Reduct  %T %F %M %L %R  %T %F %M %L %R Mflop/s
------------------------------------------------------------------------------------------------------------------------

--- Event Stage 0: Main Stage

BuildTwoSided          9 1.0 1.0300e-04 2.9 0.00e+00 0.0 2.4e+01 4.0e+00 9.0e+00  0  0  0  0  0   0  0  0  0  0     0
BuildTwoSidedF         6 1.0 9.2000e-05 3.5 0.00e+00 0.0 0.0e+00 0.0e+00 6.0e+00  0  0  0  0  0   0  0  0  0  0     0
MatMult             1377 1.0 2.5239e-02 1.2 5.20e+07 1.0 1.1e+04 5.2e+02 0.0e+00 16 11 99 94  0  16 11 99 94  0  8115
MatSolve            1377 1.0 5.2708e-02 1.0 5.16e+07 1.0 0.0e+00 0.0e+00 0.0e+00 37 11  0  0  0  37 11  0  0  0  3859
MatLUFactorNum         5 1.0 6.7400e-04 1.1 2.21e+05 1.0 0.0e+00 0.0e+00 0.0e+00  0  0  0  0  0   0  0  0  0  0  1297
MatILUFactorSym        1 1.0 4.9000e-05 1.1 0.00e+00 0.0 0.0e+00 0.0e+00 0.0e+00  0  0  0  0  0   0  0  0  0  0     0
MatAssemblyBegin       6 1.0 1.2100e-04 3.0 0.00e+00 0.0 0.0e+00 0.0e+00 6.0e+00  0  0  0  0  0   0  0  0  0  0     0
MatAssemblyEnd         6 1.0 8.6000e-05 1.0 0.00e+00 0.0 1.6e+01 1.3e+02 5.0e+00  0  0  0  0  0   0  0  0  0  0     0
MatGetRowIJ            1 1.0 0.0000e+00 0.0 0.00e+00 0.0 0.0e+00 0.0e+00 0.0e+00  0  0  0  0  0   0  0  0  0  0     0
MatGetOrdering         1 1.0 8.0000e-06 1.1 0.00e+00 0.0 0.0e+00 0.0e+00 0.0e+00  0  0  0  0  0   0  0  0  0  0     0
DMCreateMat            1 1.0 4.9400e-04 1.0 0.00e+00 0.0 1.6e+01 1.3e+02 8.0e+00  0  0  0  0  0   0  0  0  0  0     0
DMView                 1 1.0 1.0000e-06 0.0 0.00e+00 0.0 0.0e+00 0.0e+00 0.0e+00  0  0  0  0  0   0  0  0  0  0     0
SFSetGraph             3 1.0 5.9000e-05 1.1 0.00e+00 0.0 0.0e+00 0.0e+00 0.0e+00  0  0  0  0  0   0  0  0  0  0     0
SFSetUp                3 1.0 9.8000e-05 1.1 0.00e+00 0.0 4.8e+01 1.3e+02 3.0e+00  0  0  0  0  0   0  0  0  0  0     0
SFPack              1389 1.0 3.4700e-04 1.1 0.00e+00 0.0 0.0e+00 0.0e+00 0.0e+00  0  0  0  0  0   0  0  0  0  0     0
SFUnpack            1389 1.0 7.3000e-05 1.1 0.00e+00 0.0 0.0e+00 0.0e+00 0.0e+00  0  0  0  0  0   0  0  0  0  0     0
VecView                3 1.0 2.9000e-05 1.5 0.00e+00 0.0 0.0e+00 0.0e+00 0.0e+00  0  0  0  0  0   0  0  0  0  0     0
VecDot                 5 1.0 1.2000e-05 1.3 4.22e+04 1.0 0.0e+00 0.0e+00 5.0e+00  0  0  0  0  0   0  0  0  0  0 13866
VecMDot             1331 1.0 4.1421e-02 1.2 1.71e+08 1.0 0.0e+00 0.0e+00 1.3e+03 27 36  0  0 48  27 36  0  0 48 16252
VecNorm             1392 1.0 4.5080e-03 1.1 1.18e+07 1.0 0.0e+00 0.0e+00 1.4e+03  3  2  0  0 50   3  2  0  0 50 10268
VecScale            1377 1.0 1.2030e-03 1.1 5.82e+06 1.0 0.0e+00 0.0e+00 0.0e+00  1  1  0  0  0   1  1  0  0  0 19048
VecCopy               61 1.0 9.9000e-05 1.2 0.00e+00 0.0 0.0e+00 0.0e+00 0.0e+00  0  0  0  0  0   0  0  0  0  0     0
VecSet                51 1.0 3.2000e-05 1.2 0.00e+00 0.0 0.0e+00 0.0e+00 0.0e+00  0  0  0  0  0   0  0  0  0  0     0
VecAXPY               89 1.0 1.2800e-04 1.2 7.52e+05 1.0 0.0e+00 0.0e+00 0.0e+00  0  0  0  0  0   0  0  0  0  0 23141
VecWAXPY               6 1.0 1.0000e-05 1.4 2.96e+04 1.0 0.0e+00 0.0e+00 0.0e+00  0  0  0  0  0   0  0  0  0  0 11649
VecMAXPY            1377 1.0 1.1702e-02 1.0 1.82e+08 1.0 0.0e+00 0.0e+00 0.0e+00  8 38  0  0  0   8 38  0  0  0 61319
VecScatterBegin     1389 1.0 1.0150e-03 1.1 0.00e+00 0.0 1.1e+04 5.2e+02 0.0e+00  1  0 99 95  0   1  0 99 95  0     0
VecScatterEnd       1389 1.0 7.0800e-03 3.9 0.00e+00 0.0 0.0e+00 0.0e+00 0.0e+00  3  0  0  0  0   3  0  0  0  0     0
VecReduceArith        10 1.0 1.6000e-05 1.2 8.45e+04 1.0 0.0e+00 0.0e+00 0.0e+00  0  0  0  0  0   0  0  0  0  0 20799
VecReduceComm          5 1.0 2.8000e-05 2.5 0.00e+00 0.0 0.0e+00 0.0e+00 5.0e+00  0  0  0  0  0   0  0  0  0  0     0
VecNormalize        1377 1.0 5.8180e-03 1.1 1.75e+07 1.0 0.0e+00 0.0e+00 1.4e+03  4  4  0  0 49   4  4  0  0 49 11815
KSPSetUp               5 1.0 4.9000e-05 1.8 0.00e+00 0.0 0.0e+00 0.0e+00 0.0e+00  0  0  0  0  0   0  0  0  0  0     0
KSPSolve               5 1.0 1.3247e-01 1.0 4.75e+08 1.0 1.1e+04 5.2e+02 2.7e+03 95 100 98 94 97  95 100 98 94 97 14115
KSPGMRESOrthog      1331 1.0 5.2761e-02 1.1 3.42e+08 1.0 0.0e+00 0.0e+00 1.3e+03 35 72  0  0 48  35 72  0  0 48 25520
SNESSolve              1 1.0 1.3584e-01 1.0 4.75e+08 1.0 1.1e+04 5.2e+02 2.7e+03 98 100 99 95 98  98 100 99 95 98 13784
SNESSetUp              1 1.0 5.0000e-04 1.0 0.00e+00 0.0 1.6e+01 1.3e+02 8.0e+00  0  0  0  0  0   0  0  0  0  0     0
SNESFunctionEval       7 1.0 7.3800e-04 1.0 0.00e+00 0.0 5.6e+01 5.2e+02 0.0e+00  1  0  1  0  0   1  0  1  0  0     0
SNESJacobianEval       5 1.0 1.6060e-03 1.0 0.00e+00 0.0 4.0e+01 5.2e+02 5.0e+00  1  0  0  0  0   1  0  0  0  0     0
SNESLineSearch         5 1.0 8.3500e-04 1.0 4.38e+05 1.0 8.8e+01 5.2e+02 2.1e+01  1  0  1  1  1   1  0  1  1  1  2066
PCSetUp                5 1.0 5.4000e-05 1.2 0.00e+00 0.0 0.0e+00 0.0e+00 0.0e+00  0  0  0  0  0   0  0  0  0  0     0
PCSetUpOnBlocks        5 1.0 7.5300e-04 1.1 2.21e+05 1.0 0.0e+00 0.0e+00 0.0e+00  1  0  0  0  0   1  0  0  0  0  1161
PCApply             1377 1.0 5.3474e-02 1.0 5.16e+07 1.0 0.0e+00 0.0e+00 0.0e+00 38 11  0  0  0  38 11  0  0  0  3804
PCApplyOnBlocks     1377 1.0 5.3198e-02 1.0 5.16e+07 1.0 0.0e+00 0.0e+00 0.0e+00 38 11  0  0  0  38 11  0  0  0  3823
------------------------------------------------------------------------------------------------------------------------

Object Type          Creations   Destructions. Reports information only for process 0.

--- Event Stage 0: Main Stage

           Container     3              3
    Distributed Mesh     2              2
              Matrix     7              7
           Index Set    11             11
   IS L to G Mapping     2              2
   Star Forest Graph     7              7
     Discrete System     2              2
           Weak Form     2              2
              Vector    58             58
                SNES     1              1
              DMSNES     1              1
      SNESLineSearch     1              1
       Krylov Solver     2              2
     DMKSP interface     1              1
      Preconditioner     2              2
              Viewer     2              2
========================================================================================================================
Average time to get PetscTime(): 0.
Average time for MPI_Barrier(): 4e-07
Average time for zero size MPI_Send(): 7.5e-07
#PETSc Option Table entries:
-da_grid_x 9 # (source: command line)
-da_grid_y 9 # (source: command line)
-da_refine 4 # (source: command line)
-ksp_atol 1.e-14 # (source: command line)
-ksp_monitor # (source: command line)
-ksp_rtol 1.e-12 # (source: command line)
-log_view # (source: command line)
-rct_gamma 100 # (source: command line)
-rct_linear_f false # (source: command line)
-rct_p 3 # (source: command line)
-snes_monitor # (source: command line)
#End of PETSc Option Table entries
Compiled without FORTRAN kernels
Compiled with full precision matrices (default)
sizeof(short) 2 sizeof(int) 4 sizeof(long) 8 sizeof(void*) 8 sizeof(PetscScalar) 8 sizeof(PetscInt) 4
Configure options: --with-cc=mpicc --with-cxx=mpicxx --with-fc=mpif90 --with-debugging=0 --with-shared-libraries=1 --COPTFLAGS="-O3 -march=native" --CXXOPTFLAGS="-O3 -march=native" --FOPTFLAGS="-O3 -march=native" --download-hdf5 --download-metis --download-parmetis --download-hypre --download-scalapack --download-mumps --with-petsc4py
-----------------------------------------
Libraries compiled on 2026-02-24 18:35:38 on paullabs-MacBook-Air.local
Machine characteristics: macOS-15.0-arm64-arm-64bit-Mach-O
Using PETSc directory: /Users/paullab/codes/APMA4302/petsc
Using PETSc arch: apma4302-pkgs-opt
-----------------------------------------

Using C compiler: mpicc  -fPIC -Wall -Wwrite-strings -Wno-unknown-pragmas -Wconversion -Wno-sign-conversion -Wno-float-conversion -Wno-implicit-float-conversion -fstack-protector -fno-stack-check -Qunused-arguments -fvisibility=hidden -O3 -march=native 
Using Fortran compiler: mpif90  -fPIC -Wall -ffree-line-length-none -ffree-line-length-0 -Wno-lto-type-mismatch -Wno-unused-dummy-argument -O3 -march=native   
-----------------------------------------

Using include paths: -I/Users/paullab/codes/APMA4302/petsc/include -I/Users/paullab/codes/APMA4302/petsc/apma4302-pkgs-opt/include
-----------------------------------------

Using C linker: mpicc
Using Fortran linker: mpif90
Using libraries: -Wl,-rpath,/Users/paullab/codes/APMA4302/petsc/apma4302-pkgs-opt/lib -L/Users/paullab/codes/APMA4302/petsc/apma4302-pkgs-opt/lib -lpetsc -Wl,-rpath,/Users/paullab/codes/APMA4302/petsc/apma4302-pkgs-opt/lib -L/Users/paullab/codes/APMA4302/petsc/apma4302-pkgs-opt/lib -Wl,-rpath,/opt/homebrew/Cellar/open-mpi/5.0.9/lib -L/opt/homebrew/Cellar/open-mpi/5.0.9/lib -Wl,-rpath,/opt/homebrew/Cellar/gcc/15.2.0/lib/gcc/current/gcc/aarch64-apple-darwin24/15 -L/opt/homebrew/Cellar/gcc/15.2.0/lib/gcc/current/gcc/aarch64-apple-darwin24/15 -Wl,-rpath,/opt/homebrew/Cellar/gcc/15.2.0/lib/gcc/current/gcc -L/opt/homebrew/Cellar/gcc/15.2.0/lib/gcc/current/gcc -Wl,-rpath,/opt/homebrew/Cellar/gcc/15.2.0/lib/gcc/current -L/opt/homebrew/Cellar/gcc/15.2.0/lib/gcc/current -lHYPRE -ldmumps -lmumps_common -lpord -lpthread -lscalapack -llapack -lblas -lhdf5_hl -lhdf5 -lparmetis -lmetis -lmpi_usempif08 -lmpi_usempi_ignore_tkr -lmpi_mpifh -lmpi -lgfortran -lemutls_w -lheapt_w -lgfortran -lquadmath -lc++
-----------------------------------------

