  0 SNES Function norm 2.515602452189e+00
    0 KSP Residual norm 1.664565202878e+00
    1 KSP Residual norm 7.494355804372e-01
    2 KSP Residual norm 5.499686549489e-01
    3 KSP Residual norm 4.814576951293e-01
    4 KSP Residual norm 4.490834597771e-01
    5 KSP Residual norm 4.282053639869e-01
    6 KSP Residual norm 4.103066303264e-01
    7 KSP Residual norm 3.914416234084e-01
    8 KSP Residual norm 3.694269381381e-01
    9 KSP Residual norm 3.434770640241e-01
   10 KSP Residual norm 3.144068368766e-01
   11 KSP Residual norm 2.843887590486e-01
   12 KSP Residual norm 2.560069367855e-01
   13 KSP Residual norm 2.311850902702e-01
   14 KSP Residual norm 2.106629329868e-01
   15 KSP Residual norm 1.941384707494e-01
   16 KSP Residual norm 1.807516567348e-01
   17 KSP Residual norm 1.695350045405e-01
   18 KSP Residual norm 1.596714043758e-01
   19 KSP Residual norm 1.505917241127e-01
   20 KSP Residual norm 1.419984923537e-01
   21 KSP Residual norm 1.338429419478e-01
   22 KSP Residual norm 1.262382400925e-01
   23 KSP Residual norm 1.193158275980e-01
   24 KSP Residual norm 1.131028192642e-01
   25 KSP Residual norm 1.074892816112e-01
   26 KSP Residual norm 1.022578124245e-01
   27 KSP Residual norm 9.710513286209e-02
   28 KSP Residual norm 9.165223617203e-02
   29 KSP Residual norm 8.557307616830e-02
   30 KSP Residual norm 7.891670923317e-02
   31 KSP Residual norm 7.547692702768e-02
   32 KSP Residual norm 7.206509956971e-02
   33 KSP Residual norm 6.876758882749e-02
   34 KSP Residual norm 6.569878786836e-02
   35 KSP Residual norm 6.285670823653e-02
   36 KSP Residual norm 6.014246595059e-02
   37 KSP Residual norm 5.754349238302e-02
   38 KSP Residual norm 5.496977224516e-02
   39 KSP Residual norm 5.235893303032e-02
   40 KSP Residual norm 4.969422883731e-02
   41 KSP Residual norm 4.693273295791e-02
   42 KSP Residual norm 4.410973987107e-02
   43 KSP Residual norm 4.121282296116e-02
   44 KSP Residual norm 3.829773145962e-02
   45 KSP Residual norm 3.537655178002e-02
   46 KSP Residual norm 3.250505718117e-02
   47 KSP Residual norm 2.970440645710e-02
   48 KSP Residual norm 2.704254177543e-02
   49 KSP Residual norm 2.456306085014e-02
   50 KSP Residual norm 2.233670768471e-02
   51 KSP Residual norm 2.040346119709e-02
   52 KSP Residual norm 1.879771406818e-02
   53 KSP Residual norm 1.750691216007e-02
   54 KSP Residual norm 1.650427596449e-02
   55 KSP Residual norm 1.574092926240e-02
   56 KSP Residual norm 1.513673801428e-02
   57 KSP Residual norm 1.454559374368e-02
   58 KSP Residual norm 1.367529208861e-02
   59 KSP Residual norm 1.190040452870e-02
   60 KSP Residual norm 8.781330085941e-03
   61 KSP Residual norm 7.313884907494e-03
   62 KSP Residual norm 6.720864932398e-03
   63 KSP Residual norm 6.317876002224e-03
   64 KSP Residual norm 5.890947788916e-03
   65 KSP Residual norm 5.435102223112e-03
   66 KSP Residual norm 5.076500705178e-03
   67 KSP Residual norm 4.794105703366e-03
   68 KSP Residual norm 4.524891446375e-03
   69 KSP Residual norm 4.257355876125e-03
   70 KSP Residual norm 3.965997804059e-03
   71 KSP Residual norm 3.672686787169e-03
   72 KSP Residual norm 3.406145507638e-03
   73 KSP Residual norm 3.148192227790e-03
   74 KSP Residual norm 2.913744720525e-03
   75 KSP Residual norm 2.692879248267e-03
   76 KSP Residual norm 2.482706802538e-03
   77 KSP Residual norm 2.292871982910e-03
   78 KSP Residual norm 2.105125458263e-03
   79 KSP Residual norm 1.933106714743e-03
   80 KSP Residual norm 1.772751922229e-03
   81 KSP Residual norm 1.636796994601e-03
   82 KSP Residual norm 1.530795267121e-03
   83 KSP Residual norm 1.447182811533e-03
   84 KSP Residual norm 1.381664891621e-03
   85 KSP Residual norm 1.324077997374e-03
   86 KSP Residual norm 1.273021645398e-03
   87 KSP Residual norm 1.223239217705e-03
   88 KSP Residual norm 1.173966820561e-03
   89 KSP Residual norm 1.125304862034e-03
   90 KSP Residual norm 1.080163031799e-03
   91 KSP Residual norm 1.046044417282e-03
   92 KSP Residual norm 1.014894196254e-03
   93 KSP Residual norm 9.816700332842e-04
   94 KSP Residual norm 9.440954293236e-04
   95 KSP Residual norm 9.062194975605e-04
   96 KSP Residual norm 8.688758896409e-04
   97 KSP Residual norm 8.314607227910e-04
   98 KSP Residual norm 7.905938954354e-04
   99 KSP Residual norm 7.449056425497e-04
  100 KSP Residual norm 6.919616389293e-04
  101 KSP Residual norm 6.366352662847e-04
  102 KSP Residual norm 5.839837089320e-04
  103 KSP Residual norm 5.338085444122e-04
  104 KSP Residual norm 4.908776865939e-04
  105 KSP Residual norm 4.506896861373e-04
  106 KSP Residual norm 4.159247326460e-04
  107 KSP Residual norm 3.852931483085e-04
  108 KSP Residual norm 3.567278687483e-04
  109 KSP Residual norm 3.314307983910e-04
  110 KSP Residual norm 3.063199202692e-04
  111 KSP Residual norm 2.844663506729e-04
  112 KSP Residual norm 2.665788219405e-04
  113 KSP Residual norm 2.510898168251e-04
  114 KSP Residual norm 2.373894268464e-04
  115 KSP Residual norm 2.226482670257e-04
  116 KSP Residual norm 2.067815203965e-04
  117 KSP Residual norm 1.923341369995e-04
  118 KSP Residual norm 1.791210622620e-04
  119 KSP Residual norm 1.642927920318e-04
  120 KSP Residual norm 1.453506811915e-04
  121 KSP Residual norm 1.329091500463e-04
  122 KSP Residual norm 1.249057421094e-04
  123 KSP Residual norm 1.153681311065e-04
  124 KSP Residual norm 1.056723010503e-04
  125 KSP Residual norm 9.842336781396e-05
  126 KSP Residual norm 9.267448201807e-05
  127 KSP Residual norm 8.683820485803e-05
  128 KSP Residual norm 8.140381029421e-05
  129 KSP Residual norm 7.675232092581e-05
  130 KSP Residual norm 7.172050648706e-05
  131 KSP Residual norm 6.631489533456e-05
  132 KSP Residual norm 6.144537436832e-05
  133 KSP Residual norm 5.686881213164e-05
  134 KSP Residual norm 5.274344030753e-05
  135 KSP Residual norm 4.866916261235e-05
  136 KSP Residual norm 4.482542470656e-05
  137 KSP Residual norm 4.133653674814e-05
  138 KSP Residual norm 3.784668788930e-05
  139 KSP Residual norm 3.475789949715e-05
  140 KSP Residual norm 3.193565372191e-05
  141 KSP Residual norm 2.959039765739e-05
  142 KSP Residual norm 2.767631050508e-05
  143 KSP Residual norm 2.617458116580e-05
  144 KSP Residual norm 2.501833440467e-05
  145 KSP Residual norm 2.396239541709e-05
  146 KSP Residual norm 2.288521676981e-05
  147 KSP Residual norm 2.180319040539e-05
  148 KSP Residual norm 2.100661310259e-05
  149 KSP Residual norm 2.043698081625e-05
  150 KSP Residual norm 1.990163273150e-05
  151 KSP Residual norm 1.942105837326e-05
  152 KSP Residual norm 1.893035811806e-05
  153 KSP Residual norm 1.826171124460e-05
  154 KSP Residual norm 1.743947481218e-05
  155 KSP Residual norm 1.669795086317e-05
  156 KSP Residual norm 1.601004899543e-05
  157 KSP Residual norm 1.528925621279e-05
  158 KSP Residual norm 1.449000297545e-05
  159 KSP Residual norm 1.359560821515e-05
  160 KSP Residual norm 1.258940177502e-05
  161 KSP Residual norm 1.156703829318e-05
  162 KSP Residual norm 1.063330356526e-05
  163 KSP Residual norm 9.730894775001e-06
  164 KSP Residual norm 8.946178851569e-06
  165 KSP Residual norm 8.215666562243e-06
  166 KSP Residual norm 7.581057366897e-06
  167 KSP Residual norm 7.019366551236e-06
  168 KSP Residual norm 6.489539667351e-06
  169 KSP Residual norm 6.023028107772e-06
  170 KSP Residual norm 5.577310851643e-06
  171 KSP Residual norm 5.213785149526e-06
  172 KSP Residual norm 4.912132339917e-06
  173 KSP Residual norm 4.613849859797e-06
  174 KSP Residual norm 4.329097947642e-06
  175 KSP Residual norm 4.067305862047e-06
  176 KSP Residual norm 3.791905488116e-06
  177 KSP Residual norm 3.482938754061e-06
  178 KSP Residual norm 3.214294621647e-06
  179 KSP Residual norm 3.006243747919e-06
  180 KSP Residual norm 2.755359223535e-06
  181 KSP Residual norm 2.543297038647e-06
  182 KSP Residual norm 2.384415035027e-06
  183 KSP Residual norm 2.195097546696e-06
  184 KSP Residual norm 2.021255360535e-06
  185 KSP Residual norm 1.888105848553e-06
  186 KSP Residual norm 1.768722729519e-06
  187 KSP Residual norm 1.654300531243e-06
  188 KSP Residual norm 1.558667131984e-06
  189 KSP Residual norm 1.469213615418e-06
  190 KSP Residual norm 1.368682167493e-06
  191 KSP Residual norm 1.271245592942e-06
  192 KSP Residual norm 1.182951777156e-06
  193 KSP Residual norm 1.090465207182e-06
  194 KSP Residual norm 1.007891556150e-06
  195 KSP Residual norm 9.326516429679e-07
  196 KSP Residual norm 8.579889617027e-07
  197 KSP Residual norm 7.854118744850e-07
  198 KSP Residual norm 7.195041229772e-07
  199 KSP Residual norm 6.641198670437e-07
  200 KSP Residual norm 6.093653415927e-07
  201 KSP Residual norm 5.634174649718e-07
  202 KSP Residual norm 5.286187695670e-07
  203 KSP Residual norm 5.011805693806e-07
  204 KSP Residual norm 4.775285046781e-07
  205 KSP Residual norm 4.570494471350e-07
  206 KSP Residual norm 4.380388245901e-07
  207 KSP Residual norm 4.179538677136e-07
  208 KSP Residual norm 4.023475855694e-07
  209 KSP Residual norm 3.917852288077e-07
  210 KSP Residual norm 3.824525281714e-07
  211 KSP Residual norm 3.737156342527e-07
  212 KSP Residual norm 3.641454886691e-07
  213 KSP Residual norm 3.508139828676e-07
  214 KSP Residual norm 3.351580608106e-07
  215 KSP Residual norm 3.213632340464e-07
  216 KSP Residual norm 3.077440787216e-07
  217 KSP Residual norm 2.931410353557e-07
  218 KSP Residual norm 2.782039148073e-07
  219 KSP Residual norm 2.613280869516e-07
  220 KSP Residual norm 2.415693405690e-07
  221 KSP Residual norm 2.219758554961e-07
  222 KSP Residual norm 2.048024499640e-07
  223 KSP Residual norm 1.874775215632e-07
  224 KSP Residual norm 1.715405440704e-07
  225 KSP Residual norm 1.575172452883e-07
  226 KSP Residual norm 1.456637209870e-07
  227 KSP Residual norm 1.344997537115e-07
  228 KSP Residual norm 1.240551790497e-07
  229 KSP Residual norm 1.155081881426e-07
  230 KSP Residual norm 1.073107681182e-07
  231 KSP Residual norm 1.001028950672e-07
  232 KSP Residual norm 9.425777321198e-08
  233 KSP Residual norm 8.878979105072e-08
  234 KSP Residual norm 8.311221475318e-08
  235 KSP Residual norm 7.781272932541e-08
  236 KSP Residual norm 7.277122432029e-08
  237 KSP Residual norm 6.707975005863e-08
  238 KSP Residual norm 6.181152983568e-08
  239 KSP Residual norm 5.781748916626e-08
  240 KSP Residual norm 5.325936061297e-08
  241 KSP Residual norm 4.920898897196e-08
  242 KSP Residual norm 4.605801795162e-08
  243 KSP Residual norm 4.244433049802e-08
  244 KSP Residual norm 3.916048924690e-08
  245 KSP Residual norm 3.659704954401e-08
  246 KSP Residual norm 3.424842237856e-08
  247 KSP Residual norm 3.202641692149e-08
  248 KSP Residual norm 3.018584713536e-08
  249 KSP Residual norm 2.842811928728e-08
  250 KSP Residual norm 2.651119829221e-08
  251 KSP Residual norm 2.467130983262e-08
  252 KSP Residual norm 2.295202941404e-08
  253 KSP Residual norm 2.116502193252e-08
  254 KSP Residual norm 1.955760185660e-08
  255 KSP Residual norm 1.806976181346e-08
  256 KSP Residual norm 1.659895255425e-08
  257 KSP Residual norm 1.518728459877e-08
  258 KSP Residual norm 1.391288395918e-08
  259 KSP Residual norm 1.283567138135e-08
  260 KSP Residual norm 1.179853981438e-08
  261 KSP Residual norm 1.091878362821e-08
  262 KSP Residual norm 1.023233399514e-08
  263 KSP Residual norm 9.705778265097e-09
  264 KSP Residual norm 9.246962401679e-09
  265 KSP Residual norm 8.848768733311e-09
  266 KSP Residual norm 8.484631096000e-09
  267 KSP Residual norm 8.108382761496e-09
  268 KSP Residual norm 7.808914535118e-09
  269 KSP Residual norm 7.600219660800e-09
  270 KSP Residual norm 7.423611671034e-09
  271 KSP Residual norm 7.257386438925e-09
  272 KSP Residual norm 7.066822985869e-09
  273 KSP Residual norm 6.808027831750e-09
  274 KSP Residual norm 6.511940397416e-09
  275 KSP Residual norm 6.244142305690e-09
  276 KSP Residual norm 5.975100614008e-09
  277 KSP Residual norm 5.690758778393e-09
  278 KSP Residual norm 5.402471544074e-09
  279 KSP Residual norm 5.066715420178e-09
  280 KSP Residual norm 4.688512503990e-09
  281 KSP Residual norm 4.317859651162e-09
  282 KSP Residual norm 3.980642359304e-09
  283 KSP Residual norm 3.643968984876e-09
  284 KSP Residual norm 3.335887559545e-09
  285 KSP Residual norm 3.060063727249e-09
  286 KSP Residual norm 2.825093754977e-09
  287 KSP Residual norm 2.609268215835e-09
  288 KSP Residual norm 2.408504905576e-09
  289 KSP Residual norm 2.240776516211e-09
  290 KSP Residual norm 2.084961592132e-09
  291 KSP Residual norm 1.947145682224e-09
  292 KSP Residual norm 1.831104943273e-09
  293 KSP Residual norm 1.724539167421e-09
  294 KSP Residual norm 1.614313130027e-09
  295 KSP Residual norm 1.510097800177e-09
  296 KSP Residual norm 1.412415495270e-09
  297 KSP Residual norm 1.305083924835e-09
  298 KSP Residual norm 1.204423562406e-09
  299 KSP Residual norm 1.124525812497e-09
  300 KSP Residual norm 1.036988938273e-09
  301 KSP Residual norm 9.589928322036e-10
  302 KSP Residual norm 8.958336897872e-10
  303 KSP Residual norm 8.263151144971e-10
  304 KSP Residual norm 7.642165673016e-10
  305 KSP Residual norm 7.143465438230e-10
  306 KSP Residual norm 6.677085159225e-10
  307 KSP Residual norm 6.246084072201e-10
  308 KSP Residual norm 5.887079964515e-10
  309 KSP Residual norm 5.535856848572e-10
  310 KSP Residual norm 5.168878533109e-10
  311 KSP Residual norm 4.818406761844e-10
  312 KSP Residual norm 4.478001255016e-10
  313 KSP Residual norm 4.132097453552e-10
  314 KSP Residual norm 3.820893942905e-10
  315 KSP Residual norm 3.524654266066e-10
  316 KSP Residual norm 3.233360577398e-10
  317 KSP Residual norm 2.960602709924e-10
  318 KSP Residual norm 2.712049029033e-10
  319 KSP Residual norm 2.499094658061e-10
  320 KSP Residual norm 2.302068554897e-10
  321 KSP Residual norm 2.132436506079e-10
  322 KSP Residual norm 1.995236045537e-10
  323 KSP Residual norm 1.893077221441e-10
  324 KSP Residual norm 1.803612886505e-10
  325 KSP Residual norm 1.725169838855e-10
  326 KSP Residual norm 1.654192362853e-10
  327 KSP Residual norm 1.583032371746e-10
  328 KSP Residual norm 1.524809539647e-10
  329 KSP Residual norm 1.483275173929e-10
  330 KSP Residual norm 1.449507700386e-10
  331 KSP Residual norm 1.417560969546e-10
  332 KSP Residual norm 1.379543868041e-10
  333 KSP Residual norm 1.328997154371e-10
  334 KSP Residual norm 1.272608717693e-10
  335 KSP Residual norm 1.220218816092e-10
  336 KSP Residual norm 1.166923035149e-10
  337 KSP Residual norm 1.111366803244e-10
  338 KSP Residual norm 1.055211732682e-10
  339 KSP Residual norm 9.879959053779e-11
  340 KSP Residual norm 9.150662582168e-11
  341 KSP Residual norm 8.442014232190e-11
  342 KSP Residual norm 7.775170939353e-11
  343 KSP Residual norm 7.118163667510e-11
  344 KSP Residual norm 6.521492657717e-11
  345 KSP Residual norm 5.977745376972e-11
  346 KSP Residual norm 5.511027425755e-11
  347 KSP Residual norm 5.092802363935e-11
  348 KSP Residual norm 4.703377997466e-11
  349 KSP Residual norm 4.371785932943e-11
  350 KSP Residual norm 4.073773552565e-11
  351 KSP Residual norm 3.807880986054e-11
  352 KSP Residual norm 3.577140359004e-11
  353 KSP Residual norm 3.368636947517e-11
  354 KSP Residual norm 3.153309018116e-11
  355 KSP Residual norm 2.946910832404e-11
  356 KSP Residual norm 2.756536321288e-11
  357 KSP Residual norm 2.551910502994e-11
  358 KSP Residual norm 2.357256173778e-11
  359 KSP Residual norm 2.198037595202e-11
  360 KSP Residual norm 2.028594016891e-11
  361 KSP Residual norm 1.876359737525e-11
  362 KSP Residual norm 1.750433679318e-11
  363 KSP Residual norm 1.616201980097e-11
  364 KSP Residual norm 1.497041799470e-11
  365 KSP Residual norm 1.399630356777e-11
  366 KSP Residual norm 1.307267773382e-11
  367 KSP Residual norm 1.222944389169e-11
  368 KSP Residual norm 1.152366121754e-11
  369 KSP Residual norm 1.082667635809e-11
  370 KSP Residual norm 1.011708725202e-11
  371 KSP Residual norm 9.439910665647e-12
  372 KSP Residual norm 8.768627898566e-12
  373 KSP Residual norm 8.095898726803e-12
  374 KSP Residual norm 7.487791921905e-12
  375 KSP Residual norm 6.901313776627e-12
  376 KSP Residual norm 6.326320379512e-12
  377 KSP Residual norm 5.794571059879e-12
  378 KSP Residual norm 5.307894986350e-12
  379 KSP Residual norm 4.888010483732e-12
  380 KSP Residual norm 4.508703036168e-12
  381 KSP Residual norm 4.179087680116e-12
  382 KSP Residual norm 3.907021000588e-12
  383 KSP Residual norm 3.707270950576e-12
  384 KSP Residual norm 3.531323795341e-12
  385 KSP Residual norm 3.376934322521e-12
  386 KSP Residual norm 3.237566423537e-12
  387 KSP Residual norm 3.100975886677e-12
  388 KSP Residual norm 2.987372411494e-12
  389 KSP Residual norm 2.905316582791e-12
  390 KSP Residual norm 2.840042184299e-12
  391 KSP Residual norm 2.777906520642e-12
  392 KSP Residual norm 2.702626455889e-12
  393 KSP Residual norm 2.603846130207e-12
  394 KSP Residual norm 2.495043775968e-12
  395 KSP Residual norm 2.391872160789e-12
  396 KSP Residual norm 2.286905624614e-12
  397 KSP Residual norm 2.177802226765e-12
  398 KSP Residual norm 2.067433693933e-12
  399 KSP Residual norm 1.934055096634e-12
  400 KSP Residual norm 1.792379064418e-12
  401 KSP Residual norm 1.654740237948e-12
  1 SNES Function norm 1.810318662763e+00
    0 KSP Residual norm 1.172621263084e+00
    1 KSP Residual norm 4.719502646509e-01
    2 KSP Residual norm 2.962248193116e-01
    3 KSP Residual norm 2.264509297456e-01
    4 KSP Residual norm 1.903486100924e-01
    5 KSP Residual norm 1.666999107657e-01
    6 KSP Residual norm 1.476396267455e-01
    7 KSP Residual norm 1.298770242329e-01
    8 KSP Residual norm 1.121746760009e-01
    9 KSP Residual norm 9.451840349003e-02
   10 KSP Residual norm 7.761243943087e-02
   11 KSP Residual norm 6.235751852163e-02
   12 KSP Residual norm 4.941964400875e-02
   13 KSP Residual norm 3.903575463563e-02
   14 KSP Residual norm 3.104448356851e-02
   15 KSP Residual norm 2.503696844923e-02
   16 KSP Residual norm 2.052728493412e-02
   17 KSP Residual norm 1.707641696862e-02
   18 KSP Residual norm 1.434973878407e-02
   19 KSP Residual norm 1.212379342101e-02
   20 KSP Residual norm 1.026907528931e-02
   21 KSP Residual norm 8.721859469334e-03
   22 KSP Residual norm 7.451573564909e-03
   23 KSP Residual norm 6.431831040874e-03
   24 KSP Residual norm 5.625688033387e-03
   25 KSP Residual norm 4.986888447335e-03
   26 KSP Residual norm 4.467172999032e-03
   27 KSP Residual norm 4.020385651305e-03
   28 KSP Residual norm 3.603420332903e-03
   29 KSP Residual norm 3.183515634651e-03
   30 KSP Residual norm 2.756424270423e-03
   31 KSP Residual norm 2.539248102706e-03
   32 KSP Residual norm 2.318741569961e-03
   33 KSP Residual norm 2.100173205349e-03
   34 KSP Residual norm 1.891483660971e-03
   35 KSP Residual norm 1.696595141065e-03
   36 KSP Residual norm 1.513028208776e-03
   37 KSP Residual norm 1.344155222374e-03
   38 KSP Residual norm 1.188715909249e-03
   39 KSP Residual norm 1.045704633360e-03
   40 KSP Residual norm 9.162221157212e-04
   41 KSP Residual norm 7.984657774695e-04
   42 KSP Residual norm 6.932917640767e-04
   43 KSP Residual norm 5.991722748353e-04
   44 KSP Residual norm 5.167554887865e-04
   45 KSP Residual norm 4.455101771440e-04
   46 KSP Residual norm 3.857022665917e-04
   47 KSP Residual norm 3.364711558830e-04
   48 KSP Residual norm 2.971126296006e-04
   49 KSP Residual norm 2.659173811849e-04
   50 KSP Residual norm 2.412261284886e-04
   51 KSP Residual norm 2.212059458339e-04
   52 KSP Residual norm 2.043959259201e-04
   53 KSP Residual norm 1.894303834420e-04
   54 KSP Residual norm 1.753956653515e-04
   55 KSP Residual norm 1.617687671112e-04
   56 KSP Residual norm 1.482376916540e-04
   57 KSP Residual norm 1.337156155636e-04
   58 KSP Residual norm 1.157559005680e-04
   59 KSP Residual norm 9.333932195920e-05
   60 KSP Residual norm 7.359298334331e-05
   61 KSP Residual norm 6.708846936978e-05
   62 KSP Residual norm 6.347926853341e-05
   63 KSP Residual norm 5.898742171852e-05
   64 KSP Residual norm 5.309470281878e-05
   65 KSP Residual norm 4.755070674971e-05
   66 KSP Residual norm 4.323116883600e-05
   67 KSP Residual norm 3.876441414586e-05
   68 KSP Residual norm 3.376220078935e-05
   69 KSP Residual norm 2.949712537340e-05
   70 KSP Residual norm 2.608418531553e-05
   71 KSP Residual norm 2.344009325569e-05
   72 KSP Residual norm 2.140247273725e-05
   73 KSP Residual norm 1.965123084368e-05
   74 KSP Residual norm 1.820527635099e-05
   75 KSP Residual norm 1.683686262452e-05
   76 KSP Residual norm 1.537407180051e-05
   77 KSP Residual norm 1.381026391884e-05
   78 KSP Residual norm 1.203259505808e-05
   79 KSP Residual norm 1.031805462101e-05
   80 KSP Residual norm 8.736267214062e-06
   81 KSP Residual norm 7.435853215157e-06
   82 KSP Residual norm 6.447172628324e-06
   83 KSP Residual norm 5.660790338912e-06
   84 KSP Residual norm 5.019232482002e-06
   85 KSP Residual norm 4.419795301377e-06
   86 KSP Residual norm 3.866045244910e-06
   87 KSP Residual norm 3.360459858446e-06
   88 KSP Residual norm 2.954400774920e-06
   89 KSP Residual norm 2.639382262619e-06
   90 KSP Residual norm 2.389817836821e-06
   91 KSP Residual norm 2.218957383294e-06
   92 KSP Residual norm 2.063242709385e-06
   93 KSP Residual norm 1.883049054821e-06
   94 KSP Residual norm 1.689182854177e-06
   95 KSP Residual norm 1.526066391124e-06
   96 KSP Residual norm 1.384983583025e-06
   97 KSP Residual norm 1.247381668163e-06
   98 KSP Residual norm 1.100229548565e-06
   99 KSP Residual norm 9.519000127592e-07
  100 KSP Residual norm 8.039237706809e-07
  101 KSP Residual norm 6.688388945660e-07
  102 KSP Residual norm 5.564566182598e-07
  103 KSP Residual norm 4.672560841031e-07
  104 KSP Residual norm 4.070465011015e-07
  105 KSP Residual norm 3.621365367024e-07
  106 KSP Residual norm 3.287972053911e-07
  107 KSP Residual norm 3.013824117845e-07
  108 KSP Residual norm 2.760350675612e-07
  109 KSP Residual norm 2.536688543786e-07
  110 KSP Residual norm 2.305874701014e-07
  111 KSP Residual norm 2.079190136131e-07
  112 KSP Residual norm 1.866109924507e-07
  113 KSP Residual norm 1.676885721378e-07
  114 KSP Residual norm 1.536035382476e-07
  115 KSP Residual norm 1.410250564880e-07
  116 KSP Residual norm 1.270586243538e-07
  117 KSP Residual norm 1.131497564536e-07
  118 KSP Residual norm 1.020839786076e-07
  119 KSP Residual norm 9.318936266063e-08
  120 KSP Residual norm 8.299824832608e-08
  121 KSP Residual norm 7.579696455945e-08
  122 KSP Residual norm 7.061629706316e-08
  123 KSP Residual norm 6.400648005605e-08
  124 KSP Residual norm 5.771146745219e-08
  125 KSP Residual norm 5.309499692870e-08
  126 KSP Residual norm 4.901010586736e-08
  127 KSP Residual norm 4.441646146548e-08
  128 KSP Residual norm 3.997971126373e-08
  129 KSP Residual norm 3.611695393268e-08
  130 KSP Residual norm 3.219387532726e-08
  131 KSP Residual norm 2.873088323230e-08
  132 KSP Residual norm 2.616593904529e-08
  133 KSP Residual norm 2.384140328048e-08
  134 KSP Residual norm 2.167686992641e-08
  135 KSP Residual norm 1.956878954475e-08
  136 KSP Residual norm 1.758786888239e-08
  137 KSP Residual norm 1.563569406592e-08
  138 KSP Residual norm 1.346309368766e-08
  139 KSP Residual norm 1.151737015196e-08
  140 KSP Residual norm 9.902076894195e-09
  141 KSP Residual norm 8.676093174642e-09
  142 KSP Residual norm 7.683605670458e-09
  143 KSP Residual norm 6.847480068777e-09
  144 KSP Residual norm 6.160847220481e-09
  145 KSP Residual norm 5.534519916233e-09
  146 KSP Residual norm 4.894488389391e-09
  147 KSP Residual norm 4.213269804168e-09
  148 KSP Residual norm 3.687626337038e-09
  149 KSP Residual norm 3.324865635744e-09
  150 KSP Residual norm 3.026214704072e-09
  151 KSP Residual norm 2.784214686456e-09
  152 KSP Residual norm 2.551156428190e-09
  153 KSP Residual norm 2.279952955154e-09
  154 KSP Residual norm 2.023255808804e-09
  155 KSP Residual norm 1.839015144262e-09
  156 KSP Residual norm 1.681942872150e-09
  157 KSP Residual norm 1.525780313590e-09
  158 KSP Residual norm 1.371477155709e-09
  159 KSP Residual norm 1.219864150359e-09
  160 KSP Residual norm 1.060695630082e-09
  161 KSP Residual norm 9.021593436824e-10
  162 KSP Residual norm 7.620736462877e-10
  163 KSP Residual norm 6.437498290428e-10
  164 KSP Residual norm 5.598661067519e-10
  165 KSP Residual norm 4.932118710530e-10
  166 KSP Residual norm 4.390961798634e-10
  167 KSP Residual norm 3.937101501634e-10
  168 KSP Residual norm 3.554269961078e-10
  169 KSP Residual norm 3.235873914541e-10
  170 KSP Residual norm 2.903538370738e-10
  171 KSP Residual norm 2.608685522304e-10
  172 KSP Residual norm 2.374287177953e-10
  173 KSP Residual norm 2.166181445791e-10
  174 KSP Residual norm 1.986593107496e-10
  175 KSP Residual norm 1.838427738028e-10
  176 KSP Residual norm 1.695916392257e-10
  177 KSP Residual norm 1.535710737668e-10
  178 KSP Residual norm 1.389379245304e-10
  179 KSP Residual norm 1.280000882748e-10
  180 KSP Residual norm 1.159050173611e-10
  181 KSP Residual norm 1.059188491004e-10
  182 KSP Residual norm 9.807395285416e-11
  183 KSP Residual norm 8.867569039072e-11
  184 KSP Residual norm 8.064916119476e-11
  185 KSP Residual norm 7.463456430705e-11
  186 KSP Residual norm 6.884806363753e-11
  187 KSP Residual norm 6.284153864564e-11
  188 KSP Residual norm 5.750555470917e-11
  189 KSP Residual norm 5.235191689563e-11
  190 KSP Residual norm 4.685876321069e-11
  191 KSP Residual norm 4.220942109713e-11
  192 KSP Residual norm 3.852598685209e-11
  193 KSP Residual norm 3.470963115362e-11
  194 KSP Residual norm 3.109636029589e-11
  195 KSP Residual norm 2.773817376138e-11
  196 KSP Residual norm 2.446149142647e-11
  197 KSP Residual norm 2.119491824407e-11
  198 KSP Residual norm 1.800989363541e-11
  199 KSP Residual norm 1.535256805217e-11
  200 KSP Residual norm 1.308850097784e-11
  201 KSP Residual norm 1.141283724700e-11
  202 KSP Residual norm 1.016361882056e-11
  203 KSP Residual norm 9.134142159263e-12
  204 KSP Residual norm 8.237166351168e-12
  205 KSP Residual norm 7.486699092745e-12
  206 KSP Residual norm 6.792938482711e-12
  207 KSP Residual norm 6.014097799553e-12
  208 KSP Residual norm 5.361638011163e-12
  209 KSP Residual norm 4.902986225119e-12
  210 KSP Residual norm 4.513454913053e-12
  211 KSP Residual norm 4.173482873560e-12
  212 KSP Residual norm 3.832230547401e-12
  213 KSP Residual norm 3.430586150463e-12
  214 KSP Residual norm 3.054203992312e-12
  215 KSP Residual norm 2.778713524349e-12
  216 KSP Residual norm 2.528539488051e-12
  217 KSP Residual norm 2.276332734780e-12
  218 KSP Residual norm 2.046200549064e-12
  219 KSP Residual norm 1.822570493820e-12
  220 KSP Residual norm 1.586724743382e-12
  221 KSP Residual norm 1.356274703248e-12
  222 KSP Residual norm 1.155887814450e-12
  2 SNES Function norm 3.123477377791e-02
    0 KSP Residual norm 5.209608253307e-02
    1 KSP Residual norm 2.109690628417e-02
    2 KSP Residual norm 1.839401247065e-02
    3 KSP Residual norm 1.618536668868e-02
    4 KSP Residual norm 1.271590123597e-02
    5 KSP Residual norm 9.330689046824e-03
    6 KSP Residual norm 7.290929937408e-03
    7 KSP Residual norm 6.073189382824e-03
    8 KSP Residual norm 5.094730640098e-03
    9 KSP Residual norm 4.174871989407e-03
   10 KSP Residual norm 3.425744491618e-03
   11 KSP Residual norm 2.931134062698e-03
   12 KSP Residual norm 2.611820583230e-03
   13 KSP Residual norm 2.364678992511e-03
   14 KSP Residual norm 2.136017370878e-03
   15 KSP Residual norm 1.922076541892e-03
   16 KSP Residual norm 1.739416940697e-03
   17 KSP Residual norm 1.588038085112e-03
   18 KSP Residual norm 1.450754450425e-03
   19 KSP Residual norm 1.312246598625e-03
   20 KSP Residual norm 1.172767647784e-03
   21 KSP Residual norm 1.045644683222e-03
   22 KSP Residual norm 9.382370563364e-04
   23 KSP Residual norm 8.445490996837e-04
   24 KSP Residual norm 7.552751203890e-04
   25 KSP Residual norm 6.679158142720e-04
   26 KSP Residual norm 5.882954047197e-04
   27 KSP Residual norm 5.220538520557e-04
   28 KSP Residual norm 4.681965563267e-04
   29 KSP Residual norm 4.220709282201e-04
   30 KSP Residual norm 3.799896355486e-04
   31 KSP Residual norm 3.591508406876e-04
   32 KSP Residual norm 3.372974468221e-04
   33 KSP Residual norm 3.141043754242e-04
   34 KSP Residual norm 2.893896899546e-04
   35 KSP Residual norm 2.641507390184e-04
   36 KSP Residual norm 2.403257634002e-04
   37 KSP Residual norm 2.189218023462e-04
   38 KSP Residual norm 1.991793259597e-04
   39 KSP Residual norm 1.797554895116e-04
   40 KSP Residual norm 1.603159495934e-04
   41 KSP Residual norm 1.419708642476e-04
   42 KSP Residual norm 1.258470828356e-04
   43 KSP Residual norm 1.117493371536e-04
   44 KSP Residual norm 9.868802126892e-05
   45 KSP Residual norm 8.618919510295e-05
   46 KSP Residual norm 7.491134645899e-05
   47 KSP Residual norm 6.585078516506e-05
   48 KSP Residual norm 5.899096007215e-05
   49 KSP Residual norm 5.337841087693e-05
   50 KSP Residual norm 4.807146882396e-05
   51 KSP Residual norm 4.276642448093e-05
   52 KSP Residual norm 3.783742953588e-05
   53 KSP Residual norm 3.356268436479e-05
   54 KSP Residual norm 2.964411703936e-05
   55 KSP Residual norm 2.569833931978e-05
   56 KSP Residual norm 2.196626779930e-05
   57 KSP Residual norm 1.909999991350e-05
   58 KSP Residual norm 1.703498968430e-05
   59 KSP Residual norm 1.496211620784e-05
   60 KSP Residual norm 1.210283868744e-05
   61 KSP Residual norm 1.098481906412e-05
   62 KSP Residual norm 9.732979976528e-06
   63 KSP Residual norm 8.749563647238e-06
   64 KSP Residual norm 7.838611652592e-06
   65 KSP Residual norm 6.793200947684e-06
   66 KSP Residual norm 5.766862267676e-06
   67 KSP Residual norm 5.016982257364e-06
   68 KSP Residual norm 4.397232693954e-06
   69 KSP Residual norm 3.829521701019e-06
   70 KSP Residual norm 3.419183679233e-06
   71 KSP Residual norm 3.078989107574e-06
   72 KSP Residual norm 2.754737057879e-06
   73 KSP Residual norm 2.491880312231e-06
   74 KSP Residual norm 2.211427824192e-06
   75 KSP Residual norm 1.921324648437e-06
   76 KSP Residual norm 1.696195805697e-06
   77 KSP Residual norm 1.488807985555e-06
   78 KSP Residual norm 1.326556696727e-06
   79 KSP Residual norm 1.191805210185e-06
   80 KSP Residual norm 1.064200464856e-06
   81 KSP Residual norm 9.467959613700e-07
   82 KSP Residual norm 8.422019786268e-07
   83 KSP Residual norm 7.621764594060e-07
   84 KSP Residual norm 6.888858879860e-07
   85 KSP Residual norm 6.295373005901e-07
   86 KSP Residual norm 5.679439584847e-07
   87 KSP Residual norm 5.143880483570e-07
   88 KSP Residual norm 4.742129073703e-07
   89 KSP Residual norm 4.391759837932e-07
   90 KSP Residual norm 4.077952081504e-07
   91 KSP Residual norm 3.906142821985e-07
   92 KSP Residual norm 3.697829100661e-07
   93 KSP Residual norm 3.435182744739e-07
   94 KSP Residual norm 3.150079777202e-07
   95 KSP Residual norm 2.879839526217e-07
   96 KSP Residual norm 2.636300791657e-07
   97 KSP Residual norm 2.384216582062e-07
   98 KSP Residual norm 2.144789512270e-07
   99 KSP Residual norm 1.905072875614e-07
  100 KSP Residual norm 1.698692989335e-07
  101 KSP Residual norm 1.513829207498e-07
  102 KSP Residual norm 1.356693690613e-07
  103 KSP Residual norm 1.210948834736e-07
  104 KSP Residual norm 1.064042293633e-07
  105 KSP Residual norm 9.357517130335e-08
  106 KSP Residual norm 8.149083381020e-08
  107 KSP Residual norm 7.206424816082e-08
  108 KSP Residual norm 6.475893680461e-08
  109 KSP Residual norm 5.845924423646e-08
  110 KSP Residual norm 5.299835809897e-08
  111 KSP Residual norm 4.761506068999e-08
  112 KSP Residual norm 4.197321034266e-08
  113 KSP Residual norm 3.671985498270e-08
  114 KSP Residual norm 3.203401789407e-08
  115 KSP Residual norm 2.763388382488e-08
  116 KSP Residual norm 2.369673071945e-08
  117 KSP Residual norm 2.069991598951e-08
  118 KSP Residual norm 1.852181535273e-08
  119 KSP Residual norm 1.660071158749e-08
  120 KSP Residual norm 1.479586537513e-08
  121 KSP Residual norm 1.345374108001e-08
  122 KSP Residual norm 1.223645587115e-08
  123 KSP Residual norm 1.098596510798e-08
  124 KSP Residual norm 9.744145596569e-09
  125 KSP Residual norm 8.485103606424e-09
  126 KSP Residual norm 7.309180065499e-09
  127 KSP Residual norm 6.366994009017e-09
  128 KSP Residual norm 5.556235882034e-09
  129 KSP Residual norm 4.850117296956e-09
  130 KSP Residual norm 4.320507940740e-09
  131 KSP Residual norm 3.891415070027e-09
  132 KSP Residual norm 3.494631444044e-09
  133 KSP Residual norm 3.136644403822e-09
  134 KSP Residual norm 2.771975157048e-09
  135 KSP Residual norm 2.420269360541e-09
  136 KSP Residual norm 2.139194743710e-09
  137 KSP Residual norm 1.890529187984e-09
  138 KSP Residual norm 1.691465927549e-09
  139 KSP Residual norm 1.518541837365e-09
  140 KSP Residual norm 1.356804722625e-09
  141 KSP Residual norm 1.212564240247e-09
  142 KSP Residual norm 1.076723639658e-09
  143 KSP Residual norm 9.669568864792e-10
  144 KSP Residual norm 8.719603010080e-10
  145 KSP Residual norm 7.961803565397e-10
  146 KSP Residual norm 7.236090599189e-10
  147 KSP Residual norm 6.585516963087e-10
  148 KSP Residual norm 6.057970490517e-10
  149 KSP Residual norm 5.696968639197e-10
  150 KSP Residual norm 5.420424382151e-10
  151 KSP Residual norm 5.185453685574e-10
  152 KSP Residual norm 4.919978421494e-10
  153 KSP Residual norm 4.561343839947e-10
  154 KSP Residual norm 4.193144969052e-10
  155 KSP Residual norm 3.845413559400e-10
  156 KSP Residual norm 3.527777094403e-10
  157 KSP Residual norm 3.191734230020e-10
  158 KSP Residual norm 2.867257445248e-10
  159 KSP Residual norm 2.534537813104e-10
  160 KSP Residual norm 2.249789354932e-10
  161 KSP Residual norm 1.998059587430e-10
  162 KSP Residual norm 1.785360323783e-10
  163 KSP Residual norm 1.595272182852e-10
  164 KSP Residual norm 1.407509879872e-10
  165 KSP Residual norm 1.245261046431e-10
  166 KSP Residual norm 1.091689311751e-10
  167 KSP Residual norm 9.675349806813e-11
  168 KSP Residual norm 8.694624538222e-11
  169 KSP Residual norm 7.819176066307e-11
  170 KSP Residual norm 7.050652046630e-11
  171 KSP Residual norm 6.305068184429e-11
  172 KSP Residual norm 5.547471419422e-11
  173 KSP Residual norm 4.868483642981e-11
  174 KSP Residual norm 4.250230243755e-11
  175 KSP Residual norm 3.665226824672e-11
  176 KSP Residual norm 3.181053260124e-11
  177 KSP Residual norm 2.800252965884e-11
  178 KSP Residual norm 2.491859132150e-11
  179 KSP Residual norm 2.241972241369e-11
  180 KSP Residual norm 2.017642201079e-11
  181 KSP Residual norm 1.828812671926e-11
  182 KSP Residual norm 1.660423196758e-11
  183 KSP Residual norm 1.491800311954e-11
  184 KSP Residual norm 1.326008479212e-11
  185 KSP Residual norm 1.159906996961e-11
  186 KSP Residual norm 1.003988216446e-11
  187 KSP Residual norm 8.783377583833e-12
  188 KSP Residual norm 7.686424244673e-12
  189 KSP Residual norm 6.713864535790e-12
  190 KSP Residual norm 5.960146507040e-12
  191 KSP Residual norm 5.339253117050e-12
  192 KSP Residual norm 4.775565675243e-12
  193 KSP Residual norm 4.280098697106e-12
  194 KSP Residual norm 3.787873834653e-12
  195 KSP Residual norm 3.328364470486e-12
  196 KSP Residual norm 2.958480239696e-12
  197 KSP Residual norm 2.623034670901e-12
  198 KSP Residual norm 2.350630412830e-12
  199 KSP Residual norm 2.105006712449e-12
  200 KSP Residual norm 1.870132361302e-12
  201 KSP Residual norm 1.662606499907e-12
  202 KSP Residual norm 1.472199176499e-12
  203 KSP Residual norm 1.323609929844e-12
  204 KSP Residual norm 1.196893207137e-12
  205 KSP Residual norm 1.096294690445e-12
  206 KSP Residual norm 9.997418324421e-13
  207 KSP Residual norm 9.129570359031e-13
  208 KSP Residual norm 8.400803795007e-13
  209 KSP Residual norm 7.915022809152e-13
  210 KSP Residual norm 7.531672670110e-13
  211 KSP Residual norm 7.188570584152e-13
  212 KSP Residual norm 6.812104812014e-13
  213 KSP Residual norm 6.319402775523e-13
  214 KSP Residual norm 5.827912352083e-13
  215 KSP Residual norm 5.358039018239e-13
  216 KSP Residual norm 4.930868312320e-13
  217 KSP Residual norm 4.474366983214e-13
  218 KSP Residual norm 4.023135640736e-13
  219 KSP Residual norm 3.545767992190e-13
  220 KSP Residual norm 3.131101939599e-13
  221 KSP Residual norm 2.766885993613e-13
  222 KSP Residual norm 2.466276212712e-13
  223 KSP Residual norm 2.204720323591e-13
  224 KSP Residual norm 1.951177388503e-13
  225 KSP Residual norm 1.734517463569e-13
  226 KSP Residual norm 1.527692290959e-13
  227 KSP Residual norm 1.355829184712e-13
  228 KSP Residual norm 1.217931091746e-13
  229 KSP Residual norm 1.092047008473e-13
  230 KSP Residual norm 9.802374183793e-14
  231 KSP Residual norm 8.735595891109e-14
  232 KSP Residual norm 7.675718598358e-14
  233 KSP Residual norm 6.746869467161e-14
  234 KSP Residual norm 5.915958140245e-14
  235 KSP Residual norm 5.121808782636e-14
  3 SNES Function norm 1.245302110062e-03
    0 KSP Residual norm 2.078422671618e-03
    1 KSP Residual norm 7.741311055774e-04
    2 KSP Residual norm 4.253764996583e-04
    3 KSP Residual norm 3.351185007723e-04
    4 KSP Residual norm 2.837697007463e-04
    5 KSP Residual norm 2.335522164775e-04
    6 KSP Residual norm 1.856576528816e-04
    7 KSP Residual norm 1.502933084180e-04
    8 KSP Residual norm 1.276711211833e-04
    9 KSP Residual norm 1.122999424403e-04
   10 KSP Residual norm 1.000039747715e-04
   11 KSP Residual norm 8.927945158498e-05
   12 KSP Residual norm 8.040058261210e-05
   13 KSP Residual norm 7.338844189528e-05
   14 KSP Residual norm 6.728355565039e-05
   15 KSP Residual norm 6.113937323922e-05
   16 KSP Residual norm 5.492955934070e-05
   17 KSP Residual norm 4.927776200596e-05
   18 KSP Residual norm 4.435430135271e-05
   19 KSP Residual norm 3.985251757903e-05
   20 KSP Residual norm 3.560453429213e-05
   21 KSP Residual norm 3.169856575304e-05
   22 KSP Residual norm 2.820733774944e-05
   23 KSP Residual norm 2.509869928142e-05
   24 KSP Residual norm 2.234528924601e-05
   25 KSP Residual norm 1.995959899717e-05
   26 KSP Residual norm 1.793276790195e-05
   27 KSP Residual norm 1.619737811036e-05
   28 KSP Residual norm 1.465455054268e-05
   29 KSP Residual norm 1.321997883514e-05
   30 KSP Residual norm 1.185247778762e-05
   31 KSP Residual norm 1.116988777776e-05
   32 KSP Residual norm 1.047196341568e-05
   33 KSP Residual norm 9.772328947991e-06
   34 KSP Residual norm 9.069592686846e-06
   35 KSP Residual norm 8.352608523217e-06
   36 KSP Residual norm 7.617697856019e-06
   37 KSP Residual norm 6.883155793303e-06
   38 KSP Residual norm 6.179050490303e-06
   39 KSP Residual norm 5.519505008578e-06
   40 KSP Residual norm 4.896904565584e-06
   41 KSP Residual norm 4.304178635243e-06
   42 KSP Residual norm 3.750659075126e-06
   43 KSP Residual norm 3.253559093236e-06
   44 KSP Residual norm 2.828455585458e-06
   45 KSP Residual norm 2.488542669273e-06
   46 KSP Residual norm 2.232871461419e-06
   47 KSP Residual norm 2.039501974991e-06
   48 KSP Residual norm 1.879234960504e-06
   49 KSP Residual norm 1.730947553577e-06
   50 KSP Residual norm 1.585947014577e-06
   51 KSP Residual norm 1.443804417838e-06
   52 KSP Residual norm 1.303210724188e-06
   53 KSP Residual norm 1.157372328514e-06
   54 KSP Residual norm 1.001351858000e-06
   55 KSP Residual norm 8.460537170628e-07
   56 KSP Residual norm 7.131523700169e-07
   57 KSP Residual norm 6.057156383534e-07
   58 KSP Residual norm 5.036129112389e-07
   59 KSP Residual norm 3.927676010194e-07
   60 KSP Residual norm 3.054872646153e-07
   61 KSP Residual norm 2.744257511647e-07
   62 KSP Residual norm 2.381889466587e-07
   63 KSP Residual norm 2.043859795409e-07
   64 KSP Residual norm 1.750585488592e-07
   65 KSP Residual norm 1.499507925410e-07
   66 KSP Residual norm 1.254869383361e-07
   67 KSP Residual norm 1.036096595465e-07
   68 KSP Residual norm 8.915293298678e-08
   69 KSP Residual norm 7.831278449522e-08
   70 KSP Residual norm 6.752763449737e-08
   71 KSP Residual norm 5.923497032927e-08
   72 KSP Residual norm 5.368605718159e-08
   73 KSP Residual norm 4.940519920818e-08
   74 KSP Residual norm 4.593606704157e-08
   75 KSP Residual norm 4.238326628900e-08
   76 KSP Residual norm 3.875062276318e-08
   77 KSP Residual norm 3.501416988621e-08
   78 KSP Residual norm 3.074059119392e-08
   79 KSP Residual norm 2.679517997180e-08
   80 KSP Residual norm 2.298044576882e-08
   81 KSP Residual norm 1.988415185923e-08
   82 KSP Residual norm 1.759078305946e-08
   83 KSP Residual norm 1.564816799483e-08
   84 KSP Residual norm 1.407388459013e-08
   85 KSP Residual norm 1.264925094503e-08
   86 KSP Residual norm 1.159598000337e-08
   87 KSP Residual norm 1.078339945779e-08
   88 KSP Residual norm 1.006645490645e-08
   89 KSP Residual norm 9.303236996672e-09
   90 KSP Residual norm 8.624732501100e-09
   91 KSP Residual norm 8.177433387109e-09
   92 KSP Residual norm 7.696223426809e-09
   93 KSP Residual norm 7.226723402473e-09
   94 KSP Residual norm 6.742441689703e-09
   95 KSP Residual norm 6.220662697968e-09
   96 KSP Residual norm 5.642440255285e-09
   97 KSP Residual norm 5.101070001016e-09
   98 KSP Residual norm 4.566929845097e-09
   99 KSP Residual norm 4.065302729480e-09
  100 KSP Residual norm 3.539989636384e-09
  101 KSP Residual norm 3.037585568880e-09
  102 KSP Residual norm 2.642126068030e-09
  103 KSP Residual norm 2.312345254130e-09
  104 KSP Residual norm 2.073314133978e-09
  105 KSP Residual norm 1.874562739323e-09
  106 KSP Residual norm 1.713860837276e-09
  107 KSP Residual norm 1.579809588412e-09
  108 KSP Residual norm 1.445130027190e-09
  109 KSP Residual norm 1.308662441375e-09
  110 KSP Residual norm 1.160156910735e-09
  111 KSP Residual norm 1.019435016847e-09
  112 KSP Residual norm 9.097877204828e-10
  113 KSP Residual norm 8.042708557761e-10
  114 KSP Residual norm 6.907894340226e-10
  115 KSP Residual norm 5.923682699717e-10
  116 KSP Residual norm 5.115448000531e-10
  117 KSP Residual norm 4.438954875823e-10
  118 KSP Residual norm 3.846820408260e-10
  119 KSP Residual norm 3.301843771918e-10
  120 KSP Residual norm 2.896748781665e-10
  121 KSP Residual norm 2.608639845127e-10
  122 KSP Residual norm 2.293912296106e-10
  123 KSP Residual norm 2.023833441602e-10
  124 KSP Residual norm 1.779943746695e-10
  125 KSP Residual norm 1.558201247349e-10
  126 KSP Residual norm 1.349667168682e-10
  127 KSP Residual norm 1.160923761333e-10
  128 KSP Residual norm 1.020256883648e-10
  129 KSP Residual norm 9.058100140813e-11
  130 KSP Residual norm 7.899648498266e-11
  131 KSP Residual norm 6.904687263128e-11
  132 KSP Residual norm 6.173198248333e-11
  133 KSP Residual norm 5.603879508761e-11
  134 KSP Residual norm 5.144784009634e-11
  135 KSP Residual norm 4.695578146255e-11
  136 KSP Residual norm 4.237186731162e-11
  137 KSP Residual norm 3.787445407279e-11
  138 KSP Residual norm 3.314033617860e-11
  139 KSP Residual norm 2.891035641798e-11
  140 KSP Residual norm 2.513770946614e-11
  141 KSP Residual norm 2.219620436202e-11
  142 KSP Residual norm 1.999566871159e-11
  143 KSP Residual norm 1.815141499350e-11
  144 KSP Residual norm 1.659261732120e-11
  145 KSP Residual norm 1.511918047365e-11
  146 KSP Residual norm 1.384782504283e-11
  147 KSP Residual norm 1.277009218221e-11
  148 KSP Residual norm 1.181405403353e-11
  149 KSP Residual norm 1.089658057985e-11
  150 KSP Residual norm 1.010675669483e-11
  151 KSP Residual norm 9.480757339426e-12
  152 KSP Residual norm 8.816210525960e-12
  153 KSP Residual norm 8.233368181415e-12
  154 KSP Residual norm 7.673300549993e-12
  155 KSP Residual norm 7.106247323915e-12
  156 KSP Residual norm 6.540762268517e-12
  157 KSP Residual norm 6.026884381693e-12
  158 KSP Residual norm 5.498237024313e-12
  159 KSP Residual norm 4.975722196576e-12
  160 KSP Residual norm 4.408559346930e-12
  161 KSP Residual norm 3.815739411082e-12
  162 KSP Residual norm 3.307811636613e-12
  163 KSP Residual norm 2.871176099445e-12
  164 KSP Residual norm 2.541664963361e-12
  165 KSP Residual norm 2.274494531200e-12
  166 KSP Residual norm 2.054660496733e-12
  167 KSP Residual norm 1.869161435172e-12
  168 KSP Residual norm 1.685990337144e-12
  169 KSP Residual norm 1.503293849214e-12
  170 KSP Residual norm 1.322874746654e-12
  171 KSP Residual norm 1.161793852660e-12
  172 KSP Residual norm 1.041736937149e-12
  173 KSP Residual norm 9.314675064254e-13
  174 KSP Residual norm 8.198335210922e-13
  175 KSP Residual norm 7.216830838370e-13
  176 KSP Residual norm 6.383577817504e-13
  177 KSP Residual norm 5.661574324038e-13
  178 KSP Residual norm 5.013724541867e-13
  179 KSP Residual norm 4.394688664213e-13
  180 KSP Residual norm 3.903506956250e-13
  181 KSP Residual norm 3.514943034973e-13
  182 KSP Residual norm 3.095927657544e-13
  183 KSP Residual norm 2.760289478331e-13
  184 KSP Residual norm 2.457899778930e-13
  185 KSP Residual norm 2.179867808291e-13
  186 KSP Residual norm 1.924135908136e-13
  187 KSP Residual norm 1.691136975557e-13
  188 KSP Residual norm 1.505480991687e-13
  189 KSP Residual norm 1.347567098147e-13
  190 KSP Residual norm 1.183749541383e-13
  191 KSP Residual norm 1.038045845740e-13
  192 KSP Residual norm 9.237041147881e-14
  193 KSP Residual norm 8.327932300310e-14
  194 KSP Residual norm 7.566261365746e-14
  195 KSP Residual norm 6.845505583807e-14
  196 KSP Residual norm 6.117352022203e-14
  197 KSP Residual norm 5.401925584119e-14
  198 KSP Residual norm 4.688360403375e-14
  199 KSP Residual norm 4.059885626270e-14
  200 KSP Residual norm 3.525474798812e-14
  201 KSP Residual norm 3.123441767499e-14
  202 KSP Residual norm 2.824853666536e-14
  203 KSP Residual norm 2.583919572852e-14
  204 KSP Residual norm 2.385234383964e-14
  205 KSP Residual norm 2.199029402992e-14
  206 KSP Residual norm 2.030802968243e-14
  207 KSP Residual norm 1.887419717402e-14
  208 KSP Residual norm 1.757444668366e-14
  209 KSP Residual norm 1.629361116964e-14
  210 KSP Residual norm 1.517819529615e-14
  211 KSP Residual norm 1.423142901130e-14
  212 KSP Residual norm 1.321402244994e-14
  213 KSP Residual norm 1.233883109323e-14
  214 KSP Residual norm 1.149251522828e-14
  215 KSP Residual norm 1.062502385690e-14
  216 KSP Residual norm 9.807528427519e-15
  4 SNES Function norm 2.266743334895e-06
    0 KSP Residual norm 3.778357775038e-06
    1 KSP Residual norm 1.462524832302e-06
    2 KSP Residual norm 7.609737494835e-07
    3 KSP Residual norm 6.479655627216e-07
    4 KSP Residual norm 4.798361798625e-07
    5 KSP Residual norm 3.647261444000e-07
    6 KSP Residual norm 3.041455869216e-07
    7 KSP Residual norm 2.558687449084e-07
    8 KSP Residual norm 2.127117053220e-07
    9 KSP Residual norm 1.807000022982e-07
   10 KSP Residual norm 1.582311056003e-07
   11 KSP Residual norm 1.416919611021e-07
   12 KSP Residual norm 1.288236516055e-07
   13 KSP Residual norm 1.175491243480e-07
   14 KSP Residual norm 1.067121605257e-07
   15 KSP Residual norm 9.652036492644e-08
   16 KSP Residual norm 8.727362857104e-08
   17 KSP Residual norm 7.877560472944e-08
   18 KSP Residual norm 7.082493662647e-08
   19 KSP Residual norm 6.332418790525e-08
   20 KSP Residual norm 5.637903398610e-08
   21 KSP Residual norm 5.033771147898e-08
   22 KSP Residual norm 4.519959099052e-08
   23 KSP Residual norm 4.051566907848e-08
   24 KSP Residual norm 3.606613620896e-08
   25 KSP Residual norm 3.210159785985e-08
   26 KSP Residual norm 2.876446561529e-08
   27 KSP Residual norm 2.586269271465e-08
   28 KSP Residual norm 2.324297678279e-08
   29 KSP Residual norm 2.092812621469e-08
   30 KSP Residual norm 1.890268337317e-08
   31 KSP Residual norm 1.790752394138e-08
   32 KSP Residual norm 1.682194426745e-08
   33 KSP Residual norm 1.567541533132e-08
   34 KSP Residual norm 1.453551105873e-08
   35 KSP Residual norm 1.341563055629e-08
   36 KSP Residual norm 1.228975573658e-08
   37 KSP Residual norm 1.116631907646e-08
   38 KSP Residual norm 1.008309748364e-08
   39 KSP Residual norm 9.049636476453e-09
   40 KSP Residual norm 8.057339053459e-09
   41 KSP Residual norm 7.115741741651e-09
   42 KSP Residual norm 6.237550709691e-09
   43 KSP Residual norm 5.430737201013e-09
   44 KSP Residual norm 4.721295407329e-09
   45 KSP Residual norm 4.136225047996e-09
   46 KSP Residual norm 3.673412913234e-09
   47 KSP Residual norm 3.314411646680e-09
   48 KSP Residual norm 3.033498757566e-09
   49 KSP Residual norm 2.795662259757e-09
   50 KSP Residual norm 2.569768316041e-09
   51 KSP Residual norm 2.339986049468e-09
   52 KSP Residual norm 2.098370789142e-09
   53 KSP Residual norm 1.846847997808e-09
   54 KSP Residual norm 1.612236129989e-09
   55 KSP Residual norm 1.403866640994e-09
   56 KSP Residual norm 1.189208204198e-09
   57 KSP Residual norm 9.736942045504e-10
   58 KSP Residual norm 8.209519069209e-10
   59 KSP Residual norm 7.075395064763e-10
   60 KSP Residual norm 5.577068851210e-10
   61 KSP Residual norm 5.005701841574e-10
   62 KSP Residual norm 4.434781767264e-10
   63 KSP Residual norm 3.902002501273e-10
   64 KSP Residual norm 3.341189834573e-10
   65 KSP Residual norm 2.824969839468e-10
   66 KSP Residual norm 2.398623702706e-10
   67 KSP Residual norm 2.057914091610e-10
   68 KSP Residual norm 1.784323643147e-10
   69 KSP Residual norm 1.545644888962e-10
   70 KSP Residual norm 1.354280322616e-10
   71 KSP Residual norm 1.216878368940e-10
   72 KSP Residual norm 1.096879194853e-10
   73 KSP Residual norm 9.986739724164e-11
   74 KSP Residual norm 9.284525311175e-11
   75 KSP Residual norm 8.539078323467e-11
   76 KSP Residual norm 7.731810009147e-11
   77 KSP Residual norm 6.924859333906e-11
   78 KSP Residual norm 5.991295558022e-11
   79 KSP Residual norm 5.179170199306e-11
   80 KSP Residual norm 4.488116434050e-11
   81 KSP Residual norm 3.936504354272e-11
   82 KSP Residual norm 3.507029566841e-11
   83 KSP Residual norm 3.123943281299e-11
   84 KSP Residual norm 2.823881349081e-11
   85 KSP Residual norm 2.566026962675e-11
   86 KSP Residual norm 2.374906466515e-11
   87 KSP Residual norm 2.188135107743e-11
   88 KSP Residual norm 2.018281511665e-11
   89 KSP Residual norm 1.887540864606e-11
   90 KSP Residual norm 1.753938829904e-11
   91 KSP Residual norm 1.665579911193e-11
   92 KSP Residual norm 1.567998962884e-11
   93 KSP Residual norm 1.466335257153e-11
   94 KSP Residual norm 1.363696639642e-11
   95 KSP Residual norm 1.268527151006e-11
   96 KSP Residual norm 1.161610122417e-11
   97 KSP Residual norm 1.054968111458e-11
   98 KSP Residual norm 9.439293142321e-12
   99 KSP Residual norm 8.442602721782e-12
  100 KSP Residual norm 7.423034272281e-12
  101 KSP Residual norm 6.407375976754e-12
  102 KSP Residual norm 5.519809924647e-12
  103 KSP Residual norm 4.768833066076e-12
  104 KSP Residual norm 4.238110386135e-12
  105 KSP Residual norm 3.826438291834e-12
  106 KSP Residual norm 3.489047604993e-12
  107 KSP Residual norm 3.206140962674e-12
  108 KSP Residual norm 2.906409298658e-12
  109 KSP Residual norm 2.614695453766e-12
  110 KSP Residual norm 2.354685829806e-12
  111 KSP Residual norm 2.103462285921e-12
  112 KSP Residual norm 1.871635133707e-12
  113 KSP Residual norm 1.657984853776e-12
  114 KSP Residual norm 1.445866973679e-12
  115 KSP Residual norm 1.251182040773e-12
  116 KSP Residual norm 1.077991464218e-12
  117 KSP Residual norm 9.206567620316e-13
  118 KSP Residual norm 7.986409562850e-13
  119 KSP Residual norm 6.977998652501e-13
  120 KSP Residual norm 6.048059867377e-13
  121 KSP Residual norm 5.400019127750e-13
  122 KSP Residual norm 4.746636944206e-13
  123 KSP Residual norm 4.195892937254e-13
  124 KSP Residual norm 3.644469993010e-13
  125 KSP Residual norm 3.141254985075e-13
  126 KSP Residual norm 2.723819410567e-13
  127 KSP Residual norm 2.370196844305e-13
  128 KSP Residual norm 2.078444222587e-13
  129 KSP Residual norm 1.830408210371e-13
  130 KSP Residual norm 1.621306110616e-13
  131 KSP Residual norm 1.445385857221e-13
  132 KSP Residual norm 1.293724261573e-13
  133 KSP Residual norm 1.175257152981e-13
  134 KSP Residual norm 1.081375916623e-13
  135 KSP Residual norm 9.925687239145e-14
  136 KSP Residual norm 9.021523483547e-14
  137 KSP Residual norm 8.016446604465e-14
  138 KSP Residual norm 6.943918580417e-14
  139 KSP Residual norm 5.957279977560e-14
  140 KSP Residual norm 5.109116191549e-14
  141 KSP Residual norm 4.482569910715e-14
  142 KSP Residual norm 4.015067721311e-14
  143 KSP Residual norm 3.611464051002e-14
  144 KSP Residual norm 3.278854460793e-14
  145 KSP Residual norm 3.009241991477e-14
  146 KSP Residual norm 2.795383094085e-14
  147 KSP Residual norm 2.596828946005e-14
  148 KSP Residual norm 2.413879196748e-14
  149 KSP Residual norm 2.258837572065e-14
  150 KSP Residual norm 2.120275342814e-14
  151 KSP Residual norm 2.008004110839e-14
  152 KSP Residual norm 1.880919139449e-14
  153 KSP Residual norm 1.756931388130e-14
  154 KSP Residual norm 1.639359494771e-14
  155 KSP Residual norm 1.524829514692e-14
  156 KSP Residual norm 1.404445471526e-14
  157 KSP Residual norm 1.281594535604e-14
  158 KSP Residual norm 1.152780001910e-14
  159 KSP Residual norm 1.033372156189e-14
  160 KSP Residual norm 9.114192407457e-15
  5 SNES Function norm 7.564322219333e-12
on 129 x 129 point grid:  |u-u_exact|_inf = 4.72544e-05
on 129 x 129 point grid:  |u-u_exact|_2 / |u_exact|_2 = 5.06487e-05
****************************************************************************************************************************************************************
***                                WIDEN YOUR WINDOW TO 160 CHARACTERS.  Use 'enscript -r -fCourier9' to print this document                                 ***
****************************************************************************************************************************************************************

------------------------------------------------------------------ PETSc Performance Summary: ------------------------------------------------------------------

./reaction2d on a apma4302-pkgs-opt named paullabs-MacBook-Air.local with 1 process, by paullab on Mon Mar 23 01:48:51 2026
Using PETSc Release Version 3.24.3, unknown

                         Max       Max/Min     Avg       Total
Time (sec):           3.190e-01     1.000   3.190e-01
Objects:              0.000e+00     0.000   0.000e+00
Flops:                1.733e+09     1.000   1.733e+09  1.733e+09
Flops/sec:            5.433e+09     1.000   5.433e+09  5.433e+09
MPI Msg Count:        0.000e+00     0.000   0.000e+00  0.000e+00
MPI Msg Len (bytes):  1.200e+01     1.000   0.000e+00  1.200e+01
MPI Reductions:       1.000e+00     1.000

Flop counting convention: 1 flop = 1 real number operation of type (multiply/divide/add/subtract)
                            e.g., VecAXPY() for real vectors of length N --> 2N flops
                            and VecAXPY() for complex vectors of length N --> 8N flops

Summary of Stages:   ----- Time ------  ----- Flop ------  --- Messages ---  -- Message Lengths --  -- Reductions --
                        Avg     %Total     Avg     %Total    Count   %Total     Avg         %Total    Count   %Total
 0:      Main Stage: 3.1899e-01 100.0%  1.7332e+09 100.0%  0.000e+00   0.0%  0.000e+00      100.0%  1.000e+00 100.0%

------------------------------------------------------------------------------------------------------------------------
See the 'Profiling' chapter of the users' manual for details on interpreting output.
Phase summary info:
   Count: number of times phase was executed
   Time and Flop: Max - maximum over all processes
                  Ratio - ratio of maximum to minimum over all processes
   Mess: number of messages sent
   AvgLen: average message length (bytes)
   Reduct: number of global reductions
   Global: entire computation
   Stage: stages of a computation. Set stages with PetscLogStagePush() and PetscLogStagePop().
      %T - percent time in this phase         %F - percent flop in this phase
      %M - percent messages in this phase     %L - percent message lengths in this phase
      %R - percent reductions in this phase
   Total Mflop/s: 1e-6 * (sum of flop over all processes)/(max time over all processes)
------------------------------------------------------------------------------------------------------------------------
Event                Count      Time (sec)     Flop                              --- Global ---  --- Stage ----  Total
                   Max Ratio  Max     Ratio   Max  Ratio  Mess   AvgLen  Reduct  %T %F %M %L %R  %T %F %M %L %R Mflop/s
------------------------------------------------------------------------------------------------------------------------

--- Event Stage 0: Main Stage

BuildTwoSided          2 1.0 1.0000e-06 1.0 0.00e+00 0.0 0.0e+00 0.0e+00 0.0e+00  0  0  0  0  0   0  0  0  0  0     0
MatMult             1278 1.0 5.5904e-02 1.0 1.90e+08 1.0 0.0e+00 0.0e+00 0.0e+00 18 11  0  0  0  18 11  0  0  0  3400
MatSolve            1278 1.0 1.7745e-01 1.0 1.90e+08 1.0 0.0e+00 0.0e+00 0.0e+00 56 11  0  0  0  56 11  0  0  0  1071
MatLUFactorNum         5 1.0 2.3950e-03 1.0 8.83e+05 1.0 0.0e+00 0.0e+00 0.0e+00  1  0  0  0  0   1  0  0  0  0   369
MatILUFactorSym        1 1.0 1.5300e-04 1.0 0.00e+00 0.0 0.0e+00 0.0e+00 0.0e+00  0  0  0  0  0   0  0  0  0  0     0
MatAssemblyBegin       6 1.0 0.0000e+00 0.0 0.00e+00 0.0 0.0e+00 0.0e+00 0.0e+00  0  0  0  0  0   0  0  0  0  0     0
MatAssemblyEnd         6 1.0 1.1100e-04 1.0 0.00e+00 0.0 0.0e+00 0.0e+00 0.0e+00  0  0  0  0  0   0  0  0  0  0     0
MatGetRowIJ            1 1.0 0.0000e+00 0.0 0.00e+00 0.0 0.0e+00 0.0e+00 0.0e+00  0  0  0  0  0   0  0  0  0  0     0
MatGetOrdering         1 1.0 1.4000e-05 1.0 0.00e+00 0.0 0.0e+00 0.0e+00 0.0e+00  0  0  0  0  0   0  0  0  0  0     0
DMCreateMat            1 1.0 1.1630e-03 1.0 0.00e+00 0.0 0.0e+00 0.0e+00 0.0e+00  0  0  0  0  0   0  0  0  0  0     0
DMView                 1 1.0 0.0000e+00 0.0 0.00e+00 0.0 0.0e+00 0.0e+00 0.0e+00  0  0  0  0  0   0  0  0  0  0     0
SFSetGraph             2 1.0 2.0900e-04 1.0 0.00e+00 0.0 0.0e+00 0.0e+00 0.0e+00  0  0  0  0  0   0  0  0  0  0     0
SFSetUp                2 1.0 2.0200e-04 1.0 0.00e+00 0.0 0.0e+00 0.0e+00 0.0e+00  0  0  0  0  0   0  0  0  0  0     0
SFPack                12 1.0 1.0000e-06 1.0 0.00e+00 0.0 0.0e+00 0.0e+00 0.0e+00  0  0  0  0  0   0  0  0  0  0     0
SFUnpack              12 1.0 1.0000e-06 1.0 0.00e+00 0.0 0.0e+00 0.0e+00 0.0e+00  0  0  0  0  0   0  0  0  0  0     0
VecView                3 1.0 5.6000e-05 1.0 0.00e+00 0.0 0.0e+00 0.0e+00 0.0e+00  0  0  0  0  0   0  0  0  0  0     0
VecDot                 5 1.0 1.3000e-05 1.0 1.66e+05 1.0 0.0e+00 0.0e+00 0.0e+00  0  0  0  0  0   0  0  0  0  0 12800
VecMDot             1234 1.0 2.7392e-02 1.0 6.22e+08 1.0 0.0e+00 0.0e+00 0.0e+00  9 36  0  0  0   9 36  0  0  0 22696
VecNorm             1293 1.0 1.2420e-03 1.0 4.30e+07 1.0 0.0e+00 0.0e+00 0.0e+00  0  2  0  0  0   0  2  0  0  0 34621
VecScale            1278 1.0 1.7970e-03 1.0 2.13e+07 1.0 0.0e+00 0.0e+00 0.0e+00  1  1  0  0  0   1  1  0  0  0 11835
VecCopy               59 1.0 2.1300e-04 1.0 0.00e+00 0.0 0.0e+00 0.0e+00 0.0e+00  0  0  0  0  0   0  0  0  0  0     0
VecSet                49 1.0 6.1000e-05 1.0 0.00e+00 0.0 0.0e+00 0.0e+00 0.0e+00  0  0  0  0  0   0  0  0  0  0     0
VecAXPY               85 1.0 1.9100e-04 1.0 2.83e+06 1.0 0.0e+00 0.0e+00 0.0e+00  0  0  0  0  0   0  0  0  0  0 14811
VecWAXPY               6 1.0 2.7000e-05 1.0 1.16e+05 1.0 0.0e+00 0.0e+00 0.0e+00  0  0  0  0  0   0  0  0  0  0  4314
VecMAXPY            1278 1.0 3.5847e-02 1.0 6.63e+08 1.0 0.0e+00 0.0e+00 0.0e+00 11 38  0  0  0  11 38  0  0  0 18489
VecScatterBegin       12 1.0 6.1000e-05 1.0 0.00e+00 0.0 0.0e+00 0.0e+00 0.0e+00  0  0  0  0  0   0  0  0  0  0     0
VecScatterEnd         12 1.0 7.0000e-06 1.0 0.00e+00 0.0 0.0e+00 0.0e+00 0.0e+00  0  0  0  0  0   0  0  0  0  0     0
VecReduceArith        10 1.0 2.8000e-05 1.0 3.33e+05 1.0 0.0e+00 0.0e+00 0.0e+00  0  0  0  0  0   0  0  0  0  0 11886
VecReduceComm          5 1.0 1.0000e-06 1.0 0.00e+00 0.0 0.0e+00 0.0e+00 0.0e+00  0  0  0  0  0   0  0  0  0  0     0
VecNormalize        1278 1.0 3.1890e-03 1.0 6.38e+07 1.0 0.0e+00 0.0e+00 0.0e+00  1  4  0  0  0   1  4  0  0  0 20006
KSPSetUp               5 1.0 7.3000e-05 1.0 0.00e+00 0.0 0.0e+00 0.0e+00 0.0e+00  0  0  0  0  0   0  0  0  0  0     0
KSPSolve               5 1.0 3.0425e-01 1.0 1.73e+09 1.0 0.0e+00 0.0e+00 0.0e+00 95 100  0  0  0  95 100  0  0  0  5688
KSPGMRESOrthog      1234 1.0 6.1353e-02 1.0 1.24e+09 1.0 0.0e+00 0.0e+00 0.0e+00 19 72  0  0  0  19 72  0  0  0 20266
SNESSolve              1 1.0 3.1479e-01 1.0 1.73e+09 1.0 0.0e+00 0.0e+00 0.0e+00 99 100  0  0  0  99 100  0  0  0  5506
SNESSetUp              1 1.0 1.1750e-03 1.0 0.00e+00 0.0 0.0e+00 0.0e+00 0.0e+00  0  0  0  0  0   0  0  0  0  0     0
SNESFunctionEval       7 1.0 2.4920e-03 1.0 0.00e+00 0.0 0.0e+00 0.0e+00 0.0e+00  1  0  0  0  0   1  0  0  0  0     0
SNESJacobianEval       5 1.0 4.9100e-03 1.0 0.00e+00 0.0 0.0e+00 0.0e+00 0.0e+00  2  0  0  0  0   2  0  0  0  0     0
SNESLineSearch         5 1.0 2.5320e-03 1.0 1.73e+06 1.0 0.0e+00 0.0e+00 0.0e+00  1  0  0  0  0   1  0  0  0  0   681
PCSetUp                5 1.0 2.5970e-03 1.0 8.83e+05 1.0 0.0e+00 0.0e+00 0.0e+00  1  0  0  0  0   1  0  0  0  0   340
PCApply             1278 1.0 1.7757e-01 1.0 1.90e+08 1.0 0.0e+00 0.0e+00 0.0e+00 56 11  0  0  0  56 11  0  0  0  1070
------------------------------------------------------------------------------------------------------------------------

Object Type          Creations   Destructions. Reports information only for process 0.

--- Event Stage 0: Main Stage

           Container     3              3
    Distributed Mesh     2              2
              Matrix     3              3
           Index Set     9              9
   IS L to G Mapping     2              2
   Star Forest Graph     6              6
     Discrete System     2              2
           Weak Form     2              2
              Vector    55             55
                SNES     1              1
              DMSNES     1              1
      SNESLineSearch     1              1
       Krylov Solver     1              1
     DMKSP interface     1              1
      Preconditioner     1              1
              Viewer     2              2
========================================================================================================================
Average time to get PetscTime(): 0.
#PETSc Option Table entries:
-da_grid_x 9 # (source: command line)
-da_grid_y 9 # (source: command line)
-da_refine 4 # (source: command line)
-ksp_atol 1.e-14 # (source: command line)
-ksp_monitor # (source: command line)
-ksp_rtol 1.e-12 # (source: command line)
-log_view # (source: command line)
-rct_gamma 100 # (source: command line)
-rct_linear_f false # (source: command line)
-rct_p 3 # (source: command line)
-snes_monitor # (source: command line)
#End of PETSc Option Table entries
Compiled without FORTRAN kernels
Compiled with full precision matrices (default)
sizeof(short) 2 sizeof(int) 4 sizeof(long) 8 sizeof(void*) 8 sizeof(PetscScalar) 8 sizeof(PetscInt) 4
Configure options: --with-cc=mpicc --with-cxx=mpicxx --with-fc=mpif90 --with-debugging=0 --with-shared-libraries=1 --COPTFLAGS="-O3 -march=native" --CXXOPTFLAGS="-O3 -march=native" --FOPTFLAGS="-O3 -march=native" --download-hdf5 --download-metis --download-parmetis --download-hypre --download-scalapack --download-mumps --with-petsc4py
-----------------------------------------
Libraries compiled on 2026-02-24 18:35:38 on paullabs-MacBook-Air.local
Machine characteristics: macOS-15.0-arm64-arm-64bit-Mach-O
Using PETSc directory: /Users/paullab/codes/APMA4302/petsc
Using PETSc arch: apma4302-pkgs-opt
-----------------------------------------

Using C compiler: mpicc  -fPIC -Wall -Wwrite-strings -Wno-unknown-pragmas -Wconversion -Wno-sign-conversion -Wno-float-conversion -Wno-implicit-float-conversion -fstack-protector -fno-stack-check -Qunused-arguments -fvisibility=hidden -O3 -march=native 
Using Fortran compiler: mpif90  -fPIC -Wall -ffree-line-length-none -ffree-line-length-0 -Wno-lto-type-mismatch -Wno-unused-dummy-argument -O3 -march=native   
-----------------------------------------

Using include paths: -I/Users/paullab/codes/APMA4302/petsc/include -I/Users/paullab/codes/APMA4302/petsc/apma4302-pkgs-opt/include
-----------------------------------------

Using C linker: mpicc
Using Fortran linker: mpif90
Using libraries: -Wl,-rpath,/Users/paullab/codes/APMA4302/petsc/apma4302-pkgs-opt/lib -L/Users/paullab/codes/APMA4302/petsc/apma4302-pkgs-opt/lib -lpetsc -Wl,-rpath,/Users/paullab/codes/APMA4302/petsc/apma4302-pkgs-opt/lib -L/Users/paullab/codes/APMA4302/petsc/apma4302-pkgs-opt/lib -Wl,-rpath,/opt/homebrew/Cellar/open-mpi/5.0.9/lib -L/opt/homebrew/Cellar/open-mpi/5.0.9/lib -Wl,-rpath,/opt/homebrew/Cellar/gcc/15.2.0/lib/gcc/current/gcc/aarch64-apple-darwin24/15 -L/opt/homebrew/Cellar/gcc/15.2.0/lib/gcc/current/gcc/aarch64-apple-darwin24/15 -Wl,-rpath,/opt/homebrew/Cellar/gcc/15.2.0/lib/gcc/current/gcc -L/opt/homebrew/Cellar/gcc/15.2.0/lib/gcc/current/gcc -Wl,-rpath,/opt/homebrew/Cellar/gcc/15.2.0/lib/gcc/current -L/opt/homebrew/Cellar/gcc/15.2.0/lib/gcc/current -lHYPRE -ldmumps -lmumps_common -lpord -lpthread -lscalapack -llapack -lblas -lhdf5_hl -lhdf5 -lparmetis -lmetis -lmpi_usempif08 -lmpi_usempi_ignore_tkr -lmpi_mpifh -lmpi -lgfortran -lemutls_w -lheapt_w -lgfortran -lquadmath -lc++
-----------------------------------------

