  0 SNES Function norm 2.515602452189e+00
    0 KSP Residual norm 1.655207925875e+00
    1 KSP Residual norm 7.434357673913e-01
    2 KSP Residual norm 5.435551926361e-01
    3 KSP Residual norm 4.751121047022e-01
    4 KSP Residual norm 4.436058499773e-01
    5 KSP Residual norm 4.252990021780e-01
    6 KSP Residual norm 4.093260896579e-01
    7 KSP Residual norm 3.920913810743e-01
    8 KSP Residual norm 3.738755582545e-01
    9 KSP Residual norm 3.548350572486e-01
   10 KSP Residual norm 3.323419295991e-01
   11 KSP Residual norm 3.062614972701e-01
   12 KSP Residual norm 2.809366124235e-01
   13 KSP Residual norm 2.578272657810e-01
   14 KSP Residual norm 2.353873807122e-01
   15 KSP Residual norm 2.152373881163e-01
   16 KSP Residual norm 1.991387330309e-01
   17 KSP Residual norm 1.861959280796e-01
   18 KSP Residual norm 1.753761010136e-01
   19 KSP Residual norm 1.663816159323e-01
   20 KSP Residual norm 1.583275907716e-01
   21 KSP Residual norm 1.507587633516e-01
   22 KSP Residual norm 1.434767218368e-01
   23 KSP Residual norm 1.364104302858e-01
   24 KSP Residual norm 1.296309993596e-01
   25 KSP Residual norm 1.233427981772e-01
   26 KSP Residual norm 1.175668477371e-01
   27 KSP Residual norm 1.120017486668e-01
   28 KSP Residual norm 1.068406984374e-01
   29 KSP Residual norm 1.020048428728e-01
   30 KSP Residual norm 9.724277912827e-02
   31 KSP Residual norm 9.478475514812e-02
   32 KSP Residual norm 9.245479729945e-02
   33 KSP Residual norm 8.998495254961e-02
   34 KSP Residual norm 8.719746236489e-02
   35 KSP Residual norm 8.431565100120e-02
   36 KSP Residual norm 8.132387912791e-02
   37 KSP Residual norm 7.804638970029e-02
   38 KSP Residual norm 7.448227804843e-02
   39 KSP Residual norm 7.085908199591e-02
   40 KSP Residual norm 6.755632118458e-02
   41 KSP Residual norm 6.446754929268e-02
   42 KSP Residual norm 6.156552168427e-02
   43 KSP Residual norm 5.870723753827e-02
   44 KSP Residual norm 5.547745263865e-02
   45 KSP Residual norm 5.196827905571e-02
   46 KSP Residual norm 4.833783795788e-02
   47 KSP Residual norm 4.455311058269e-02
   48 KSP Residual norm 4.091457704793e-02
   49 KSP Residual norm 3.711106909354e-02
   50 KSP Residual norm 3.338597089592e-02
   51 KSP Residual norm 3.047653046093e-02
   52 KSP Residual norm 2.823972631796e-02
   53 KSP Residual norm 2.647206501324e-02
   54 KSP Residual norm 2.500834832833e-02
   55 KSP Residual norm 2.379363283325e-02
   56 KSP Residual norm 2.273505410259e-02
   57 KSP Residual norm 2.157563358089e-02
   58 KSP Residual norm 2.009501561261e-02
   59 KSP Residual norm 1.790590822911e-02
   60 KSP Residual norm 1.508326188686e-02
   61 KSP Residual norm 1.371122152733e-02
   62 KSP Residual norm 1.288283452301e-02
   63 KSP Residual norm 1.211426506907e-02
   64 KSP Residual norm 1.151416697074e-02
   65 KSP Residual norm 1.102752391050e-02
   66 KSP Residual norm 1.055636239670e-02
   67 KSP Residual norm 9.971829514705e-03
   68 KSP Residual norm 9.341429617322e-03
   69 KSP Residual norm 8.761722438306e-03
   70 KSP Residual norm 8.167957734875e-03
   71 KSP Residual norm 7.494373477697e-03
   72 KSP Residual norm 6.903109189208e-03
   73 KSP Residual norm 6.406919948024e-03
   74 KSP Residual norm 5.946466937754e-03
   75 KSP Residual norm 5.516767996738e-03
   76 KSP Residual norm 5.095778910315e-03
   77 KSP Residual norm 4.709013847914e-03
   78 KSP Residual norm 4.383302286718e-03
   79 KSP Residual norm 4.086357548281e-03
   80 KSP Residual norm 3.839753910122e-03
   81 KSP Residual norm 3.635247435131e-03
   82 KSP Residual norm 3.443725830537e-03
   83 KSP Residual norm 3.258887189248e-03
   84 KSP Residual norm 3.088514076919e-03
   85 KSP Residual norm 2.936174320830e-03
   86 KSP Residual norm 2.794700613442e-03
   87 KSP Residual norm 2.672826363367e-03
   88 KSP Residual norm 2.575690827767e-03
   89 KSP Residual norm 2.492831424898e-03
   90 KSP Residual norm 2.423059611505e-03
   91 KSP Residual norm 2.371748082212e-03
   92 KSP Residual norm 2.324637597589e-03
   93 KSP Residual norm 2.276778219454e-03
   94 KSP Residual norm 2.224199320776e-03
   95 KSP Residual norm 2.164177554009e-03
   96 KSP Residual norm 2.087048558700e-03
   97 KSP Residual norm 1.995984594539e-03
   98 KSP Residual norm 1.896033947997e-03
   99 KSP Residual norm 1.786152530064e-03
  100 KSP Residual norm 1.687406561227e-03
  101 KSP Residual norm 1.595248821474e-03
  102 KSP Residual norm 1.503241090594e-03
  103 KSP Residual norm 1.416974262016e-03
  104 KSP Residual norm 1.321551177092e-03
  105 KSP Residual norm 1.234555370188e-03
  106 KSP Residual norm 1.155881672650e-03
  107 KSP Residual norm 1.083886720634e-03
  108 KSP Residual norm 9.994778682804e-04
  109 KSP Residual norm 9.167942485211e-04
  110 KSP Residual norm 8.324656911340e-04
  111 KSP Residual norm 7.633863887214e-04
  112 KSP Residual norm 7.045712414330e-04
  113 KSP Residual norm 6.461600681652e-04
  114 KSP Residual norm 6.024650266506e-04
  115 KSP Residual norm 5.652304822985e-04
  116 KSP Residual norm 5.309670701191e-04
  117 KSP Residual norm 5.053197291547e-04
  118 KSP Residual norm 4.819456300386e-04
  119 KSP Residual norm 4.539660340419e-04
  120 KSP Residual norm 4.128110678117e-04
  121 KSP Residual norm 3.831977064951e-04
  122 KSP Residual norm 3.675973537035e-04
  123 KSP Residual norm 3.521508317848e-04
  124 KSP Residual norm 3.362630060323e-04
  125 KSP Residual norm 3.185434921425e-04
  126 KSP Residual norm 3.015201510521e-04
  127 KSP Residual norm 2.819642908340e-04
  128 KSP Residual norm 2.593052949132e-04
  129 KSP Residual norm 2.405049592509e-04
  130 KSP Residual norm 2.235339827541e-04
  131 KSP Residual norm 2.056446412533e-04
  132 KSP Residual norm 1.901042279330e-04
  133 KSP Residual norm 1.769109810964e-04
  134 KSP Residual norm 1.662647693948e-04
  135 KSP Residual norm 1.551020891874e-04
  136 KSP Residual norm 1.440280452881e-04
  137 KSP Residual norm 1.328049383734e-04
  138 KSP Residual norm 1.242299147186e-04
  139 KSP Residual norm 1.161639377193e-04
  140 KSP Residual norm 1.093003020105e-04
  141 KSP Residual norm 1.028052377055e-04
  142 KSP Residual norm 9.638741252744e-05
  143 KSP Residual norm 9.090097793128e-05
  144 KSP Residual norm 8.599948730254e-05
  145 KSP Residual norm 8.206773828174e-05
  146 KSP Residual norm 7.902643575508e-05
  147 KSP Residual norm 7.631094774783e-05
  148 KSP Residual norm 7.401697585261e-05
  149 KSP Residual norm 7.197449613970e-05
  150 KSP Residual norm 7.039850863517e-05
  151 KSP Residual norm 6.900511158904e-05
  152 KSP Residual norm 6.748688944847e-05
  153 KSP Residual norm 6.601803679209e-05
  154 KSP Residual norm 6.452892964714e-05
  155 KSP Residual norm 6.277442452273e-05
  156 KSP Residual norm 6.029829260226e-05
  157 KSP Residual norm 5.750672601506e-05
  158 KSP Residual norm 5.445966270927e-05
  159 KSP Residual norm 5.104652456883e-05
  160 KSP Residual norm 4.835080470140e-05
  161 KSP Residual norm 4.597395362456e-05
  162 KSP Residual norm 4.352873421679e-05
  163 KSP Residual norm 4.117145914616e-05
  164 KSP Residual norm 3.823983539828e-05
  165 KSP Residual norm 3.574460539219e-05
  166 KSP Residual norm 3.338355599957e-05
  167 KSP Residual norm 3.141635777660e-05
  168 KSP Residual norm 2.880833794581e-05
  169 KSP Residual norm 2.662762223009e-05
  170 KSP Residual norm 2.428097445146e-05
  171 KSP Residual norm 2.225434828385e-05
  172 KSP Residual norm 2.054727565555e-05
  173 KSP Residual norm 1.873232830472e-05
  174 KSP Residual norm 1.744572208785e-05
  175 KSP Residual norm 1.621214266879e-05
  176 KSP Residual norm 1.507927105993e-05
  177 KSP Residual norm 1.437308202716e-05
  178 KSP Residual norm 1.380875135711e-05
  179 KSP Residual norm 1.315377125199e-05
  180 KSP Residual norm 1.201542287064e-05
  181 KSP Residual norm 1.113927181335e-05
  182 KSP Residual norm 1.072379010099e-05
  183 KSP Residual norm 1.027606719967e-05
  184 KSP Residual norm 9.793677157492e-06
  185 KSP Residual norm 9.219588122880e-06
  186 KSP Residual norm 8.715662419075e-06
  187 KSP Residual norm 8.200497044645e-06
  188 KSP Residual norm 7.546944850555e-06
  189 KSP Residual norm 6.979511740752e-06
  190 KSP Residual norm 6.457874534059e-06
  191 KSP Residual norm 5.945461306599e-06
  192 KSP Residual norm 5.523251031176e-06
  193 KSP Residual norm 5.119608317285e-06
  194 KSP Residual norm 4.834122974079e-06
  195 KSP Residual norm 4.509549914615e-06
  196 KSP Residual norm 4.195582239990e-06
  197 KSP Residual norm 3.859478011597e-06
  198 KSP Residual norm 3.631898305617e-06
  199 KSP Residual norm 3.402893390964e-06
  200 KSP Residual norm 3.193815256469e-06
  201 KSP Residual norm 2.981674170344e-06
  202 KSP Residual norm 2.779160255618e-06
  203 KSP Residual norm 2.638669383487e-06
  204 KSP Residual norm 2.513141672932e-06
  205 KSP Residual norm 2.401269646306e-06
  206 KSP Residual norm 2.314532031158e-06
  207 KSP Residual norm 2.236504709899e-06
  208 KSP Residual norm 2.166908557484e-06
  209 KSP Residual norm 2.102542514617e-06
  210 KSP Residual norm 2.060944082909e-06
  211 KSP Residual norm 2.023095937754e-06
  212 KSP Residual norm 1.976503084612e-06
  213 KSP Residual norm 1.930979907927e-06
  214 KSP Residual norm 1.882405610185e-06
  215 KSP Residual norm 1.822123680956e-06
  216 KSP Residual norm 1.744375345224e-06
  217 KSP Residual norm 1.670420017441e-06
  218 KSP Residual norm 1.589389437242e-06
  219 KSP Residual norm 1.491415546789e-06
  220 KSP Residual norm 1.417657486318e-06
  221 KSP Residual norm 1.346313565893e-06
  222 KSP Residual norm 1.275117226189e-06
  223 KSP Residual norm 1.211288354935e-06
  224 KSP Residual norm 1.122868751016e-06
  225 KSP Residual norm 1.050654521723e-06
  226 KSP Residual norm 9.778033100660e-07
  227 KSP Residual norm 9.212338290034e-07
  228 KSP Residual norm 8.415872868916e-07
  229 KSP Residual norm 7.851161545993e-07
  230 KSP Residual norm 7.095964287301e-07
  231 KSP Residual norm 6.464902992789e-07
  232 KSP Residual norm 5.981371402596e-07
  233 KSP Residual norm 5.426521079140e-07
  234 KSP Residual norm 5.111990270058e-07
  235 KSP Residual norm 4.743781047662e-07
  236 KSP Residual norm 4.389145326662e-07
  237 KSP Residual norm 4.170686424725e-07
  238 KSP Residual norm 4.007575690425e-07
  239 KSP Residual norm 3.826993870563e-07
  240 KSP Residual norm 3.434296819433e-07
  241 KSP Residual norm 3.142598007263e-07
  242 KSP Residual norm 3.023727618904e-07
  243 KSP Residual norm 2.878766673770e-07
  244 KSP Residual norm 2.741986722828e-07
  245 KSP Residual norm 2.595879984171e-07
  246 KSP Residual norm 2.453848528767e-07
  247 KSP Residual norm 2.308029408314e-07
  248 KSP Residual norm 2.139025301959e-07
  249 KSP Residual norm 1.995025883455e-07
  250 KSP Residual norm 1.817757032097e-07
  251 KSP Residual norm 1.655029697911e-07
  252 KSP Residual norm 1.554688618788e-07
  253 KSP Residual norm 1.445166754643e-07
  254 KSP Residual norm 1.354391393077e-07
  255 KSP Residual norm 1.261994774558e-07
  256 KSP Residual norm 1.180694142386e-07
  257 KSP Residual norm 1.086626937633e-07
  258 KSP Residual norm 1.024154561294e-07
  259 KSP Residual norm 9.521989634396e-08
  260 KSP Residual norm 8.946328115313e-08
  261 KSP Residual norm 8.383583992276e-08
  262 KSP Residual norm 7.793039311984e-08
  263 KSP Residual norm 7.402876573299e-08
  264 KSP Residual norm 7.066782335107e-08
  265 KSP Residual norm 6.763250960738e-08
  266 KSP Residual norm 6.493012274159e-08
  267 KSP Residual norm 6.250243737714e-08
  268 KSP Residual norm 6.064787457058e-08
  269 KSP Residual norm 5.883388760495e-08
  270 KSP Residual norm 5.769676889954e-08
  271 KSP Residual norm 5.671389845926e-08
  272 KSP Residual norm 5.550558790361e-08
  273 KSP Residual norm 5.430307162236e-08
  274 KSP Residual norm 5.264308693071e-08
  275 KSP Residual norm 5.079055273054e-08
  276 KSP Residual norm 4.875750576927e-08
  277 KSP Residual norm 4.671811996627e-08
  278 KSP Residual norm 4.434385892392e-08
  279 KSP Residual norm 4.177013553195e-08
  280 KSP Residual norm 3.984173963534e-08
  281 KSP Residual norm 3.769328903919e-08
  282 KSP Residual norm 3.553221587349e-08
  283 KSP Residual norm 3.383266790956e-08
  284 KSP Residual norm 3.156903636992e-08
  285 KSP Residual norm 2.967575845856e-08
  286 KSP Residual norm 2.742500757251e-08
  287 KSP Residual norm 2.560701579789e-08
  288 KSP Residual norm 2.351267869148e-08
  289 KSP Residual norm 2.211824484276e-08
  290 KSP Residual norm 1.963484953194e-08
  291 KSP Residual norm 1.783619390409e-08
  292 KSP Residual norm 1.661945213750e-08
  293 KSP Residual norm 1.492066120291e-08
  294 KSP Residual norm 1.407207154751e-08
  295 KSP Residual norm 1.324472659114e-08
  296 KSP Residual norm 1.225580917150e-08
  297 KSP Residual norm 1.158123322432e-08
  298 KSP Residual norm 1.113050247457e-08
  299 KSP Residual norm 1.059898659664e-08
  300 KSP Residual norm 9.276124697467e-09
  301 KSP Residual norm 8.326654921414e-09
  302 KSP Residual norm 7.920660434143e-09
  303 KSP Residual norm 7.567108943606e-09
  304 KSP Residual norm 7.238002842682e-09
  305 KSP Residual norm 6.846961763844e-09
  306 KSP Residual norm 6.490479413823e-09
  307 KSP Residual norm 6.084022012202e-09
  308 KSP Residual norm 5.702153835577e-09
  309 KSP Residual norm 5.334217260883e-09
  310 KSP Residual norm 4.866896336817e-09
  311 KSP Residual norm 4.372032206350e-09
  312 KSP Residual norm 4.095961007723e-09
  313 KSP Residual norm 3.799107476456e-09
  314 KSP Residual norm 3.529454850163e-09
  315 KSP Residual norm 3.306383851506e-09
  316 KSP Residual norm 3.064027517696e-09
  317 KSP Residual norm 2.861735884089e-09
  318 KSP Residual norm 2.670223211683e-09
  319 KSP Residual norm 2.479224192109e-09
  320 KSP Residual norm 2.313530488632e-09
  321 KSP Residual norm 2.165463201077e-09
  322 KSP Residual norm 2.033845113843e-09
  323 KSP Residual norm 1.939716616171e-09
  324 KSP Residual norm 1.839620103954e-09
  325 KSP Residual norm 1.752308601675e-09
  326 KSP Residual norm 1.685572938111e-09
  327 KSP Residual norm 1.614600784118e-09
  328 KSP Residual norm 1.561346768244e-09
  329 KSP Residual norm 1.522891299930e-09
  330 KSP Residual norm 1.491928487037e-09
  331 KSP Residual norm 1.468468074796e-09
  332 KSP Residual norm 1.439077555089e-09
  333 KSP Residual norm 1.403440738565e-09
  334 KSP Residual norm 1.358521465730e-09
  335 KSP Residual norm 1.317036203356e-09
  336 KSP Residual norm 1.252032173195e-09
  337 KSP Residual norm 1.194408178759e-09
  338 KSP Residual norm 1.139834756109e-09
  339 KSP Residual norm 1.073354359365e-09
  340 KSP Residual norm 1.013187805304e-09
  341 KSP Residual norm 9.688168804540e-10
  342 KSP Residual norm 9.115402599338e-10
  343 KSP Residual norm 8.601717119450e-10
  344 KSP Residual norm 8.120706213278e-10
  345 KSP Residual norm 7.489362580387e-10
  346 KSP Residual norm 6.940682121329e-10
  347 KSP Residual norm 6.460566030661e-10
  348 KSP Residual norm 6.006666678704e-10
  349 KSP Residual norm 5.572743140611e-10
  350 KSP Residual norm 5.022171375361e-10
  351 KSP Residual norm 4.533896991842e-10
  352 KSP Residual norm 4.154350642991e-10
  353 KSP Residual norm 3.853118858116e-10
  354 KSP Residual norm 3.598660613249e-10
  355 KSP Residual norm 3.393445012179e-10
  356 KSP Residual norm 3.155939841811e-10
  357 KSP Residual norm 2.980774830544e-10
  358 KSP Residual norm 2.862415702328e-10
  359 KSP Residual norm 2.673233412662e-10
  360 KSP Residual norm 2.468531130334e-10
  361 KSP Residual norm 2.297895003280e-10
  362 KSP Residual norm 2.158579949832e-10
  363 KSP Residual norm 2.056908031759e-10
  364 KSP Residual norm 1.958024879895e-10
  365 KSP Residual norm 1.853354033327e-10
  366 KSP Residual norm 1.763664074905e-10
  367 KSP Residual norm 1.651614569204e-10
  368 KSP Residual norm 1.551495202542e-10
  369 KSP Residual norm 1.440895945208e-10
  370 KSP Residual norm 1.311838289029e-10
  371 KSP Residual norm 1.186255524636e-10
  372 KSP Residual norm 1.107861542197e-10
  373 KSP Residual norm 1.034276886400e-10
  374 KSP Residual norm 9.621709535741e-11
  375 KSP Residual norm 8.921007851536e-11
  376 KSP Residual norm 8.266075265064e-11
  377 KSP Residual norm 7.770883197601e-11
  378 KSP Residual norm 7.262308179036e-11
  379 KSP Residual norm 6.694145904394e-11
  380 KSP Residual norm 6.267227125052e-11
  381 KSP Residual norm 5.862531459892e-11
  382 KSP Residual norm 5.531969851619e-11
  383 KSP Residual norm 5.267472411442e-11
  384 KSP Residual norm 5.001384774564e-11
  385 KSP Residual norm 4.743941187232e-11
  386 KSP Residual norm 4.573247555652e-11
  387 KSP Residual norm 4.381593990257e-11
  388 KSP Residual norm 4.233392161879e-11
  389 KSP Residual norm 4.124593094409e-11
  390 KSP Residual norm 4.052464077615e-11
  391 KSP Residual norm 3.990687289337e-11
  392 KSP Residual norm 3.914956424099e-11
  393 KSP Residual norm 3.817329743527e-11
  394 KSP Residual norm 3.691900812324e-11
  395 KSP Residual norm 3.578309234151e-11
  396 KSP Residual norm 3.384188028954e-11
  397 KSP Residual norm 3.233336150390e-11
  398 KSP Residual norm 3.092266076594e-11
  399 KSP Residual norm 2.926744359499e-11
  400 KSP Residual norm 2.762035880543e-11
  401 KSP Residual norm 2.633746665654e-11
  402 KSP Residual norm 2.471839981722e-11
  403 KSP Residual norm 2.338747704777e-11
  404 KSP Residual norm 2.205032231596e-11
  405 KSP Residual norm 2.035842124175e-11
  406 KSP Residual norm 1.886961269382e-11
  407 KSP Residual norm 1.759876474710e-11
  408 KSP Residual norm 1.628006933089e-11
  409 KSP Residual norm 1.505748205395e-11
  410 KSP Residual norm 1.371129076011e-11
  411 KSP Residual norm 1.229465520105e-11
  412 KSP Residual norm 1.122574322733e-11
  413 KSP Residual norm 1.045460185571e-11
  414 KSP Residual norm 9.667672463903e-12
  415 KSP Residual norm 9.188542854871e-12
  416 KSP Residual norm 8.574977834750e-12
  417 KSP Residual norm 8.023254671678e-12
  418 KSP Residual norm 7.700333432263e-12
  419 KSP Residual norm 7.144906393715e-12
  420 KSP Residual norm 6.441947614276e-12
  421 KSP Residual norm 5.879081446934e-12
  422 KSP Residual norm 5.475812030586e-12
  423 KSP Residual norm 5.242546054579e-12
  424 KSP Residual norm 4.959173210535e-12
  425 KSP Residual norm 4.689324458123e-12
  426 KSP Residual norm 4.488540414105e-12
  427 KSP Residual norm 4.218915768895e-12
  428 KSP Residual norm 3.971058272799e-12
  429 KSP Residual norm 3.656945493583e-12
  430 KSP Residual norm 3.315727145141e-12
  431 KSP Residual norm 3.029792952483e-12
  432 KSP Residual norm 2.822551787396e-12
  433 KSP Residual norm 2.617526938011e-12
  434 KSP Residual norm 2.421213515590e-12
  435 KSP Residual norm 2.250947597527e-12
  436 KSP Residual norm 2.090760424731e-12
  437 KSP Residual norm 1.943328458198e-12
  438 KSP Residual norm 1.821136226619e-12
  439 KSP Residual norm 1.690570028763e-12
  440 KSP Residual norm 1.577670330596e-12
  1 SNES Function norm 1.810318662763e+00
    0 KSP Residual norm 1.166384015343e+00
    1 KSP Residual norm 4.691998862701e-01
    2 KSP Residual norm 2.940590565565e-01
    3 KSP Residual norm 2.251763483910e-01
    4 KSP Residual norm 1.906444989238e-01
    5 KSP Residual norm 1.703366726731e-01
    6 KSP Residual norm 1.531090085786e-01
    7 KSP Residual norm 1.362677465445e-01
    8 KSP Residual norm 1.205313420420e-01
    9 KSP Residual norm 1.062311145059e-01
   10 KSP Residual norm 9.127017467206e-02
   11 KSP Residual norm 7.609753387157e-02
   12 KSP Residual norm 6.288179628856e-02
   13 KSP Residual norm 5.192643202538e-02
   14 KSP Residual norm 4.209022683781e-02
   15 KSP Residual norm 3.397046031130e-02
   16 KSP Residual norm 2.792030432101e-02
   17 KSP Residual norm 2.331221322835e-02
   18 KSP Residual norm 1.964678251886e-02
   19 KSP Residual norm 1.682873779758e-02
   20 KSP Residual norm 1.455018281769e-02
   21 KSP Residual norm 1.263179459330e-02
   22 KSP Residual norm 1.098061627137e-02
   23 KSP Residual norm 9.550722329165e-03
   24 KSP Residual norm 8.312562549161e-03
   25 KSP Residual norm 7.281331364765e-03
   26 KSP Residual norm 6.423331447285e-03
   27 KSP Residual norm 5.685637087227e-03
   28 KSP Residual norm 5.077537605130e-03
   29 KSP Residual norm 4.576665048903e-03
   30 KSP Residual norm 4.135262591705e-03
   31 KSP Residual norm 3.915762241766e-03
   32 KSP Residual norm 3.693029048043e-03
   33 KSP Residual norm 3.441102964422e-03
   34 KSP Residual norm 3.141761803660e-03
   35 KSP Residual norm 2.831948888263e-03
   36 KSP Residual norm 2.526989866908e-03
   37 KSP Residual norm 2.229543136690e-03
   38 KSP Residual norm 1.948269606800e-03
   39 KSP Residual norm 1.696219182087e-03
   40 KSP Residual norm 1.482011866658e-03
   41 KSP Residual norm 1.289215708653e-03
   42 KSP Residual norm 1.117600749278e-03
   43 KSP Residual norm 9.738319238246e-04
   44 KSP Residual norm 8.443674062330e-04
   45 KSP Residual norm 7.306915825067e-04
   46 KSP Residual norm 6.316994359211e-04
   47 KSP Residual norm 5.440112309049e-04
   48 KSP Residual norm 4.743210551663e-04
   49 KSP Residual norm 4.152828340373e-04
   50 KSP Residual norm 3.657382436739e-04
   51 KSP Residual norm 3.293310754799e-04
   52 KSP Residual norm 3.011319111092e-04
   53 KSP Residual norm 2.785785921475e-04
   54 KSP Residual norm 2.602517753686e-04
   55 KSP Residual norm 2.448205090255e-04
   56 KSP Residual norm 2.304568834188e-04
   57 KSP Residual norm 2.142429758637e-04
   58 KSP Residual norm 1.959593194450e-04
   59 KSP Residual norm 1.752552405155e-04
   60 KSP Residual norm 1.554846789701e-04
   61 KSP Residual norm 1.468009128078e-04
   62 KSP Residual norm 1.399407157597e-04
   63 KSP Residual norm 1.317892887289e-04
   64 KSP Residual norm 1.243241176237e-04
   65 KSP Residual norm 1.175536846755e-04
   66 KSP Residual norm 1.106628759023e-04
   67 KSP Residual norm 1.029530887193e-04
   68 KSP Residual norm 9.608051310512e-05
   69 KSP Residual norm 8.982510944189e-05
   70 KSP Residual norm 8.241774570274e-05
   71 KSP Residual norm 7.348573648666e-05
   72 KSP Residual norm 6.491685817479e-05
   73 KSP Residual norm 5.660656294393e-05
   74 KSP Residual norm 4.873971604190e-05
   75 KSP Residual norm 4.178231479512e-05
   76 KSP Residual norm 3.559042754755e-05
   77 KSP Residual norm 3.081219355361e-05
   78 KSP Residual norm 2.736387672996e-05
   79 KSP Residual norm 2.424089962545e-05
   80 KSP Residual norm 2.150944075451e-05
   81 KSP Residual norm 1.920535003323e-05
   82 KSP Residual norm 1.698813235859e-05
   83 KSP Residual norm 1.490384863402e-05
   84 KSP Residual norm 1.315325569308e-05
   85 KSP Residual norm 1.158488986752e-05
   86 KSP Residual norm 1.012347025262e-05
   87 KSP Residual norm 8.902565932131e-06
   88 KSP Residual norm 7.897993801748e-06
   89 KSP Residual norm 7.113881763374e-06
   90 KSP Residual norm 6.554156449881e-06
   91 KSP Residual norm 6.167365269590e-06
   92 KSP Residual norm 5.784955843943e-06
   93 KSP Residual norm 5.339722576288e-06
   94 KSP Residual norm 4.856452006747e-06
   95 KSP Residual norm 4.388243736513e-06
   96 KSP Residual norm 3.923609254834e-06
   97 KSP Residual norm 3.497800750656e-06
   98 KSP Residual norm 3.120722681074e-06
   99 KSP Residual norm 2.797408125077e-06
  100 KSP Residual norm 2.509827740138e-06
  101 KSP Residual norm 2.224671512469e-06
  102 KSP Residual norm 1.955595336898e-06
  103 KSP Residual norm 1.718983760555e-06
  104 KSP Residual norm 1.456721896019e-06
  105 KSP Residual norm 1.227570814965e-06
  106 KSP Residual norm 1.040602532027e-06
  107 KSP Residual norm 8.808174354159e-07
  108 KSP Residual norm 7.399600210140e-07
  109 KSP Residual norm 6.429611047870e-07
  110 KSP Residual norm 5.659354308405e-07
  111 KSP Residual norm 5.093793975452e-07
  112 KSP Residual norm 4.661444048191e-07
  113 KSP Residual norm 4.264689754336e-07
  114 KSP Residual norm 3.969730264454e-07
  115 KSP Residual norm 3.744816080085e-07
  116 KSP Residual norm 3.520093236224e-07
  117 KSP Residual norm 3.325868900958e-07
  118 KSP Residual norm 3.154679837014e-07
  119 KSP Residual norm 2.997233543290e-07
  120 KSP Residual norm 2.807543834799e-07
  121 KSP Residual norm 2.666588691887e-07
  122 KSP Residual norm 2.562616713021e-07
  123 KSP Residual norm 2.443269926132e-07
  124 KSP Residual norm 2.305714979823e-07
  125 KSP Residual norm 2.170675876312e-07
  126 KSP Residual norm 2.053746275122e-07
  127 KSP Residual norm 1.913948555758e-07
  128 KSP Residual norm 1.769987207763e-07
  129 KSP Residual norm 1.636912252699e-07
  130 KSP Residual norm 1.482151463097e-07
  131 KSP Residual norm 1.312040491753e-07
  132 KSP Residual norm 1.140343385357e-07
  133 KSP Residual norm 9.576939195614e-08
  134 KSP Residual norm 8.070077801772e-08
  135 KSP Residual norm 6.782189085333e-08
  136 KSP Residual norm 5.735049556793e-08
  137 KSP Residual norm 4.896413762052e-08
  138 KSP Residual norm 4.315003845785e-08
  139 KSP Residual norm 3.768151237454e-08
  140 KSP Residual norm 3.317957006031e-08
  141 KSP Residual norm 2.962325078368e-08
  142 KSP Residual norm 2.637659070747e-08
  143 KSP Residual norm 2.372311495181e-08
  144 KSP Residual norm 2.143363257968e-08
  145 KSP Residual norm 1.926956593347e-08
  146 KSP Residual norm 1.734279622048e-08
  147 KSP Residual norm 1.561854828079e-08
  148 KSP Residual norm 1.409459614758e-08
  149 KSP Residual norm 1.293156030707e-08
  150 KSP Residual norm 1.210971061193e-08
  151 KSP Residual norm 1.142481298910e-08
  152 KSP Residual norm 1.065266591364e-08
  153 KSP Residual norm 9.759961711794e-09
  154 KSP Residual norm 8.851319715076e-09
  155 KSP Residual norm 7.980794704313e-09
  156 KSP Residual norm 7.135761599042e-09
  157 KSP Residual norm 6.433810685463e-09
  158 KSP Residual norm 5.769727525230e-09
  159 KSP Residual norm 5.150070825146e-09
  160 KSP Residual norm 4.628922180215e-09
  161 KSP Residual norm 4.082578848291e-09
  162 KSP Residual norm 3.597127421282e-09
  163 KSP Residual norm 3.195119056888e-09
  164 KSP Residual norm 2.700699161548e-09
  165 KSP Residual norm 2.285960739911e-09
  166 KSP Residual norm 1.932245156828e-09
  167 KSP Residual norm 1.627395098920e-09
  168 KSP Residual norm 1.337536659893e-09
  169 KSP Residual norm 1.163260412786e-09
  170 KSP Residual norm 1.019374603819e-09
  171 KSP Residual norm 9.066928232384e-10
  172 KSP Residual norm 8.284659686018e-10
  173 KSP Residual norm 7.556950377567e-10
  174 KSP Residual norm 7.040305826656e-10
  175 KSP Residual norm 6.677643859536e-10
  176 KSP Residual norm 6.248969548474e-10
  177 KSP Residual norm 5.905482721799e-10
  178 KSP Residual norm 5.653262894700e-10
  179 KSP Residual norm 5.424395733589e-10
  180 KSP Residual norm 5.117955859459e-10
  181 KSP Residual norm 4.867901395275e-10
  182 KSP Residual norm 4.691017284654e-10
  183 KSP Residual norm 4.500337910247e-10
  184 KSP Residual norm 4.237563827645e-10
  185 KSP Residual norm 3.968985839505e-10
  186 KSP Residual norm 3.767572523760e-10
  187 KSP Residual norm 3.505785886521e-10
  188 KSP Residual norm 3.214145095305e-10
  189 KSP Residual norm 2.950303790887e-10
  190 KSP Residual norm 2.638118706840e-10
  191 KSP Residual norm 2.331534904817e-10
  192 KSP Residual norm 2.022409656611e-10
  193 KSP Residual norm 1.652158514327e-10
  194 KSP Residual norm 1.384838096010e-10
  195 KSP Residual norm 1.166910987431e-10
  196 KSP Residual norm 9.995360493564e-11
  197 KSP Residual norm 8.561793729004e-11
  198 KSP Residual norm 7.623423768422e-11
  199 KSP Residual norm 6.689212210133e-11
  200 KSP Residual norm 5.882476421528e-11
  201 KSP Residual norm 5.282281751801e-11
  202 KSP Residual norm 4.713541063646e-11
  203 KSP Residual norm 4.263211715106e-11
  204 KSP Residual norm 3.864291006260e-11
  205 KSP Residual norm 3.465103876725e-11
  206 KSP Residual norm 3.123581404220e-11
  207 KSP Residual norm 2.814888101145e-11
  208 KSP Residual norm 2.523455587714e-11
  209 KSP Residual norm 2.309541900335e-11
  210 KSP Residual norm 2.169499429237e-11
  211 KSP Residual norm 2.044908502790e-11
  212 KSP Residual norm 1.896081644687e-11
  213 KSP Residual norm 1.718831091321e-11
  214 KSP Residual norm 1.557734959289e-11
  215 KSP Residual norm 1.406712327685e-11
  216 KSP Residual norm 1.256104969328e-11
  217 KSP Residual norm 1.137575637583e-11
  218 KSP Residual norm 1.024807881133e-11
  219 KSP Residual norm 9.141468806699e-12
  220 KSP Residual norm 8.255251716705e-12
  221 KSP Residual norm 7.248768851235e-12
  222 KSP Residual norm 6.417482052387e-12
  223 KSP Residual norm 5.743390143768e-12
  224 KSP Residual norm 4.876833821882e-12
  225 KSP Residual norm 4.189894392511e-12
  226 KSP Residual norm 3.545234937004e-12
  227 KSP Residual norm 2.961537738099e-12
  228 KSP Residual norm 2.380948716340e-12
  229 KSP Residual norm 2.079640781234e-12
  230 KSP Residual norm 1.811785930609e-12
  231 KSP Residual norm 1.593238369757e-12
  232 KSP Residual norm 1.455807325142e-12
  233 KSP Residual norm 1.313167040100e-12
  234 KSP Residual norm 1.221807839253e-12
  235 KSP Residual norm 1.162527148654e-12
  2 SNES Function norm 3.123477377807e-02
    0 KSP Residual norm 5.185058717674e-02
    1 KSP Residual norm 2.627005775695e-02
    2 KSP Residual norm 2.024889246743e-02
    3 KSP Residual norm 1.831330265271e-02
    4 KSP Residual norm 1.646532206145e-02
    5 KSP Residual norm 1.416813886380e-02
    6 KSP Residual norm 1.099445293888e-02
    7 KSP Residual norm 8.307758637977e-03
    8 KSP Residual norm 6.636532907315e-03
    9 KSP Residual norm 5.622127123021e-03
   10 KSP Residual norm 4.883964356527e-03
   11 KSP Residual norm 4.169969592502e-03
   12 KSP Residual norm 3.526749317275e-03
   13 KSP Residual norm 3.064404971274e-03
   14 KSP Residual norm 2.726150461436e-03
   15 KSP Residual norm 2.465934242569e-03
   16 KSP Residual norm 2.251329824823e-03
   17 KSP Residual norm 2.066524863310e-03
   18 KSP Residual norm 1.902726974257e-03
   19 KSP Residual norm 1.746812343740e-03
   20 KSP Residual norm 1.579548126920e-03
   21 KSP Residual norm 1.436773120597e-03
   22 KSP Residual norm 1.330070259558e-03
   23 KSP Residual norm 1.215678581293e-03
   24 KSP Residual norm 1.102055111529e-03
   25 KSP Residual norm 1.000578153722e-03
   26 KSP Residual norm 9.058444306539e-04
   27 KSP Residual norm 8.343302092125e-04
   28 KSP Residual norm 7.647736892046e-04
   29 KSP Residual norm 6.938956801756e-04
   30 KSP Residual norm 6.249754642302e-04
   31 KSP Residual norm 5.908942907852e-04
   32 KSP Residual norm 5.573323498658e-04
   33 KSP Residual norm 5.252113224500e-04
   34 KSP Residual norm 4.951351944631e-04
   35 KSP Residual norm 4.625337098402e-04
   36 KSP Residual norm 4.321574205380e-04
   37 KSP Residual norm 4.004575808982e-04
   38 KSP Residual norm 3.686169213627e-04
   39 KSP Residual norm 3.410667038011e-04
   40 KSP Residual norm 3.162206720055e-04
   41 KSP Residual norm 2.908475962649e-04
   42 KSP Residual norm 2.657005694377e-04
   43 KSP Residual norm 2.433692662868e-04
   44 KSP Residual norm 2.224086256238e-04
   45 KSP Residual norm 2.021025194845e-04
   46 KSP Residual norm 1.837130686196e-04
   47 KSP Residual norm 1.612544009292e-04
   48 KSP Residual norm 1.402631841541e-04
   49 KSP Residual norm 1.209394764892e-04
   50 KSP Residual norm 1.031664701562e-04
   51 KSP Residual norm 8.846104240922e-05
   52 KSP Residual norm 7.468237254101e-05
   53 KSP Residual norm 6.182836771432e-05
   54 KSP Residual norm 5.005257816314e-05
   55 KSP Residual norm 4.003235875846e-05
   56 KSP Residual norm 3.345081142293e-05
   57 KSP Residual norm 2.916323978994e-05
   58 KSP Residual norm 2.597369990539e-05
   59 KSP Residual norm 2.205018338473e-05
   60 KSP Residual norm 1.827179507097e-05
   61 KSP Residual norm 1.691242136249e-05
   62 KSP Residual norm 1.562948456962e-05
   63 KSP Residual norm 1.428745223098e-05
   64 KSP Residual norm 1.321305485386e-05
   65 KSP Residual norm 1.196093368665e-05
   66 KSP Residual norm 1.031546098093e-05
   67 KSP Residual norm 8.925912159686e-06
   68 KSP Residual norm 7.755000273899e-06
   69 KSP Residual norm 6.882425385532e-06
   70 KSP Residual norm 6.126225355605e-06
   71 KSP Residual norm 5.437295061860e-06
   72 KSP Residual norm 4.888655952546e-06
   73 KSP Residual norm 4.351789908981e-06
   74 KSP Residual norm 3.822379670282e-06
   75 KSP Residual norm 3.324803792505e-06
   76 KSP Residual norm 2.827647837298e-06
   77 KSP Residual norm 2.426883722708e-06
   78 KSP Residual norm 2.102455241982e-06
   79 KSP Residual norm 1.805825393456e-06
   80 KSP Residual norm 1.536317869634e-06
   81 KSP Residual norm 1.323098162790e-06
   82 KSP Residual norm 1.158562556249e-06
   83 KSP Residual norm 1.035389831780e-06
   84 KSP Residual norm 9.334690257225e-07
   85 KSP Residual norm 8.558468931299e-07
   86 KSP Residual norm 7.915847773914e-07
   87 KSP Residual norm 7.416023708964e-07
   88 KSP Residual norm 7.035715645981e-07
   89 KSP Residual norm 6.701328810714e-07
   90 KSP Residual norm 6.406648216466e-07
   91 KSP Residual norm 6.201040081255e-07
   92 KSP Residual norm 5.973626783619e-07
   93 KSP Residual norm 5.718965319322e-07
   94 KSP Residual norm 5.442901240482e-07
   95 KSP Residual norm 5.119349625197e-07
   96 KSP Residual norm 4.779653682649e-07
   97 KSP Residual norm 4.405294498555e-07
   98 KSP Residual norm 4.029629833884e-07
   99 KSP Residual norm 3.617743731585e-07
  100 KSP Residual norm 3.176912891227e-07
  101 KSP Residual norm 2.770998417880e-07
  102 KSP Residual norm 2.437362699129e-07
  103 KSP Residual norm 2.148442093783e-07
  104 KSP Residual norm 1.869418668257e-07
  105 KSP Residual norm 1.610493214658e-07
  106 KSP Residual norm 1.379782267007e-07
  107 KSP Residual norm 1.176691776583e-07
  108 KSP Residual norm 1.027660817059e-07
  109 KSP Residual norm 9.112909357253e-08
  110 KSP Residual norm 7.970116921404e-08
  111 KSP Residual norm 6.927744814447e-08
  112 KSP Residual norm 6.019381334995e-08
  113 KSP Residual norm 5.187900075703e-08
  114 KSP Residual norm 4.405032341857e-08
  115 KSP Residual norm 3.761153607849e-08
  116 KSP Residual norm 3.344076834468e-08
  117 KSP Residual norm 3.042770919442e-08
  118 KSP Residual norm 2.785733500001e-08
  119 KSP Residual norm 2.539770281356e-08
  120 KSP Residual norm 2.319569332715e-08
  121 KSP Residual norm 2.166396541797e-08
  122 KSP Residual norm 2.017932226226e-08
  123 KSP Residual norm 1.853759578458e-08
  124 KSP Residual norm 1.715935544610e-08
  125 KSP Residual norm 1.563639903327e-08
  126 KSP Residual norm 1.376977893953e-08
  127 KSP Residual norm 1.197144456773e-08
  128 KSP Residual norm 1.041822996537e-08
  129 KSP Residual norm 9.194523213899e-09
  130 KSP Residual norm 8.055094181748e-09
  131 KSP Residual norm 7.062876121527e-09
  132 KSP Residual norm 6.298225226099e-09
  133 KSP Residual norm 5.564863048426e-09
  134 KSP Residual norm 4.822923881026e-09
  135 KSP Residual norm 4.167806388878e-09
  136 KSP Residual norm 3.583053410004e-09
  137 KSP Residual norm 3.080948389732e-09
  138 KSP Residual norm 2.665673619804e-09
  139 KSP Residual norm 2.308616783007e-09
  140 KSP Residual norm 1.992013158246e-09
  141 KSP Residual norm 1.718021921120e-09
  142 KSP Residual norm 1.524905159187e-09
  143 KSP Residual norm 1.392550036477e-09
  144 KSP Residual norm 1.276112325062e-09
  145 KSP Residual norm 1.180852714816e-09
  146 KSP Residual norm 1.097340728697e-09
  147 KSP Residual norm 1.030936897858e-09
  148 KSP Residual norm 9.813034300930e-10
  149 KSP Residual norm 9.357343470541e-10
  150 KSP Residual norm 8.989026558059e-10
  151 KSP Residual norm 8.679584310412e-10
  152 KSP Residual norm 8.322758909016e-10
  153 KSP Residual norm 7.970505039692e-10
  154 KSP Residual norm 7.569764932899e-10
  155 KSP Residual norm 7.103299966259e-10
  156 KSP Residual norm 6.633943388618e-10
  157 KSP Residual norm 6.154154775450e-10
  158 KSP Residual norm 5.682147793827e-10
  159 KSP Residual norm 5.116302594128e-10
  160 KSP Residual norm 4.487459801353e-10
  161 KSP Residual norm 3.943488118704e-10
  162 KSP Residual norm 3.491435154302e-10
  163 KSP Residual norm 3.089719002298e-10
  164 KSP Residual norm 2.696566255550e-10
  165 KSP Residual norm 2.356076754129e-10
  166 KSP Residual norm 2.031887205716e-10
  167 KSP Residual norm 1.753355552421e-10
  168 KSP Residual norm 1.543052988779e-10
  169 KSP Residual norm 1.375026980685e-10
  170 KSP Residual norm 1.207636177436e-10
  171 KSP Residual norm 1.056861223705e-10
  172 KSP Residual norm 9.302689860291e-11
  173 KSP Residual norm 8.094153001465e-11
  174 KSP Residual norm 7.016770577202e-11
  175 KSP Residual norm 6.201347101310e-11
  176 KSP Residual norm 5.620716433423e-11
  177 KSP Residual norm 5.147047182159e-11
  178 KSP Residual norm 4.703425003290e-11
  179 KSP Residual norm 4.323139345809e-11
  180 KSP Residual norm 3.959285123291e-11
  181 KSP Residual norm 3.677076079646e-11
  182 KSP Residual norm 3.430211843199e-11
  183 KSP Residual norm 3.147501896503e-11
  184 KSP Residual norm 2.918921035312e-11
  185 KSP Residual norm 2.687014217576e-11
  186 KSP Residual norm 2.416754428509e-11
  187 KSP Residual norm 2.128632489494e-11
  188 KSP Residual norm 1.862849662108e-11
  189 KSP Residual norm 1.661078634361e-11
  190 KSP Residual norm 1.473326204051e-11
  191 KSP Residual norm 1.296611422020e-11
  192 KSP Residual norm 1.162236735030e-11
  193 KSP Residual norm 1.035103342906e-11
  194 KSP Residual norm 9.039845951228e-12
  195 KSP Residual norm 7.855254133788e-12
  196 KSP Residual norm 6.879968917380e-12
  197 KSP Residual norm 5.987845730949e-12
  198 KSP Residual norm 5.240650165547e-12
  199 KSP Residual norm 4.592961425068e-12
  200 KSP Residual norm 4.035034384161e-12
  201 KSP Residual norm 3.528789182733e-12
  202 KSP Residual norm 3.172164944523e-12
  203 KSP Residual norm 2.939088599505e-12
  204 KSP Residual norm 2.723719120692e-12
  205 KSP Residual norm 2.528400098860e-12
  206 KSP Residual norm 2.351568305698e-12
  207 KSP Residual norm 2.211253613504e-12
  208 KSP Residual norm 2.105024356848e-12
  209 KSP Residual norm 1.993573393397e-12
  210 KSP Residual norm 1.905775264759e-12
  211 KSP Residual norm 1.828692467330e-12
  212 KSP Residual norm 1.739673547906e-12
  213 KSP Residual norm 1.664777414135e-12
  214 KSP Residual norm 1.577944686141e-12
  215 KSP Residual norm 1.473916778435e-12
  216 KSP Residual norm 1.372389152049e-12
  217 KSP Residual norm 1.279491736818e-12
  218 KSP Residual norm 1.191677555147e-12
  219 KSP Residual norm 1.079033911136e-12
  220 KSP Residual norm 9.552494841312e-13
  221 KSP Residual norm 8.494275341256e-13
  222 KSP Residual norm 7.566250952100e-13
  223 KSP Residual norm 6.734630896606e-13
  224 KSP Residual norm 5.935881273607e-13
  225 KSP Residual norm 5.250932856271e-13
  226 KSP Residual norm 4.573500033458e-13
  227 KSP Residual norm 3.999855005712e-13
  228 KSP Residual norm 3.574106624922e-13
  229 KSP Residual norm 3.214981431666e-13
  230 KSP Residual norm 2.860189846747e-13
  231 KSP Residual norm 2.565975050574e-13
  232 KSP Residual norm 2.304162459003e-13
  233 KSP Residual norm 2.032743828587e-13
  234 KSP Residual norm 1.797681725048e-13
  235 KSP Residual norm 1.623718691444e-13
  236 KSP Residual norm 1.489076787760e-13
  237 KSP Residual norm 1.366216609673e-13
  238 KSP Residual norm 1.241340664389e-13
  239 KSP Residual norm 1.139660900680e-13
  240 KSP Residual norm 1.032413765706e-13
  241 KSP Residual norm 9.479134515859e-14
  242 KSP Residual norm 8.810972358157e-14
  243 KSP Residual norm 8.003948013678e-14
  244 KSP Residual norm 7.380592458877e-14
  245 KSP Residual norm 6.814878310364e-14
  246 KSP Residual norm 6.187829817165e-14
  247 KSP Residual norm 5.479422489998e-14
  248 KSP Residual norm 4.790185839740e-14
  3 SNES Function norm 1.245302110074e-03
    0 KSP Residual norm 2.071959854336e-03
    1 KSP Residual norm 9.418545251247e-04
    2 KSP Residual norm 7.812979006894e-04
    3 KSP Residual norm 7.313746225669e-04
    4 KSP Residual norm 6.667851775885e-04
    5 KSP Residual norm 5.579911931798e-04
    6 KSP Residual norm 4.141829964311e-04
    7 KSP Residual norm 3.108621246287e-04
    8 KSP Residual norm 2.530644948727e-04
    9 KSP Residual norm 2.166267134318e-04
   10 KSP Residual norm 1.896755337114e-04
   11 KSP Residual norm 1.617201922888e-04
   12 KSP Residual norm 1.341945625856e-04
   13 KSP Residual norm 1.139411345582e-04
   14 KSP Residual norm 1.007844896276e-04
   15 KSP Residual norm 9.166819988407e-05
   16 KSP Residual norm 8.453674197616e-05
   17 KSP Residual norm 7.828132305374e-05
   18 KSP Residual norm 7.133412005085e-05
   19 KSP Residual norm 6.491576316884e-05
   20 KSP Residual norm 5.966115205514e-05
   21 KSP Residual norm 5.486847223544e-05
   22 KSP Residual norm 4.960662114624e-05
   23 KSP Residual norm 4.457220940168e-05
   24 KSP Residual norm 4.047155772101e-05
   25 KSP Residual norm 3.717624766888e-05
   26 KSP Residual norm 3.393875550121e-05
   27 KSP Residual norm 3.073827472291e-05
   28 KSP Residual norm 2.793793662068e-05
   29 KSP Residual norm 2.545367845010e-05
   30 KSP Residual norm 2.302224640550e-05
   31 KSP Residual norm 2.184078042797e-05
   32 KSP Residual norm 2.071050842066e-05
   33 KSP Residual norm 1.949230444231e-05
   34 KSP Residual norm 1.823876684010e-05
   35 KSP Residual norm 1.714729442032e-05
   36 KSP Residual norm 1.613287943086e-05
   37 KSP Residual norm 1.490788318540e-05
   38 KSP Residual norm 1.359322454851e-05
   39 KSP Residual norm 1.256784243461e-05
   40 KSP Residual norm 1.169021311976e-05
   41 KSP Residual norm 1.072514228811e-05
   42 KSP Residual norm 9.810701208538e-06
   43 KSP Residual norm 8.985802699392e-06
   44 KSP Residual norm 8.147265917898e-06
   45 KSP Residual norm 7.402774276861e-06
   46 KSP Residual norm 6.777335651328e-06
   47 KSP Residual norm 5.994617489341e-06
   48 KSP Residual norm 5.272719769466e-06
   49 KSP Residual norm 4.467767102140e-06
   50 KSP Residual norm 3.839014549345e-06
   51 KSP Residual norm 3.306878674028e-06
   52 KSP Residual norm 2.767387728339e-06
   53 KSP Residual norm 2.327458007636e-06
   54 KSP Residual norm 1.928873412312e-06
   55 KSP Residual norm 1.577183950398e-06
   56 KSP Residual norm 1.312074308384e-06
   57 KSP Residual norm 1.141559723614e-06
   58 KSP Residual norm 1.020450673984e-06
   59 KSP Residual norm 9.012694349124e-07
   60 KSP Residual norm 7.853215368093e-07
   61 KSP Residual norm 7.344975676213e-07
   62 KSP Residual norm 6.923344149790e-07
   63 KSP Residual norm 6.376490580162e-07
   64 KSP Residual norm 5.865539748626e-07
   65 KSP Residual norm 5.297177542356e-07
   66 KSP Residual norm 4.682112783335e-07
   67 KSP Residual norm 4.093707905907e-07
   68 KSP Residual norm 3.612299715877e-07
   69 KSP Residual norm 3.115883643770e-07
   70 KSP Residual norm 2.689337363927e-07
   71 KSP Residual norm 2.382632358640e-07
   72 KSP Residual norm 2.133708968605e-07
   73 KSP Residual norm 1.891209801217e-07
   74 KSP Residual norm 1.649687080122e-07
   75 KSP Residual norm 1.455464430207e-07
   76 KSP Residual norm 1.270465707864e-07
   77 KSP Residual norm 1.111514113884e-07
   78 KSP Residual norm 9.716397755858e-08
   79 KSP Residual norm 8.260835378681e-08
   80 KSP Residual norm 7.034489699501e-08
   81 KSP Residual norm 6.161737831547e-08
   82 KSP Residual norm 5.452288020903e-08
   83 KSP Residual norm 4.892671225238e-08
   84 KSP Residual norm 4.490651391047e-08
   85 KSP Residual norm 4.174847506310e-08
   86 KSP Residual norm 3.888107466647e-08
   87 KSP Residual norm 3.662472942295e-08
   88 KSP Residual norm 3.492763124797e-08
   89 KSP Residual norm 3.340835948221e-08
   90 KSP Residual norm 3.184961912973e-08
   91 KSP Residual norm 3.068656618834e-08
   92 KSP Residual norm 2.963972197480e-08
   93 KSP Residual norm 2.837031552107e-08
   94 KSP Residual norm 2.699973350058e-08
   95 KSP Residual norm 2.551913197121e-08
   96 KSP Residual norm 2.396788877833e-08
   97 KSP Residual norm 2.221528552393e-08
   98 KSP Residual norm 2.030166796558e-08
   99 KSP Residual norm 1.821678725876e-08
  100 KSP Residual norm 1.599265639650e-08
  101 KSP Residual norm 1.385864493655e-08
  102 KSP Residual norm 1.205550911828e-08
  103 KSP Residual norm 1.055689857156e-08
  104 KSP Residual norm 9.210653821814e-09
  105 KSP Residual norm 7.982369756435e-09
  106 KSP Residual norm 7.004442751569e-09
  107 KSP Residual norm 6.046644352972e-09
  108 KSP Residual norm 5.294477214011e-09
  109 KSP Residual norm 4.665079048972e-09
  110 KSP Residual norm 4.081007078616e-09
  111 KSP Residual norm 3.516449708423e-09
  112 KSP Residual norm 3.027244628796e-09
  113 KSP Residual norm 2.643052307770e-09
  114 KSP Residual norm 2.303738608572e-09
  115 KSP Residual norm 2.026297198360e-09
  116 KSP Residual norm 1.818084863143e-09
  117 KSP Residual norm 1.661591360830e-09
  118 KSP Residual norm 1.525384564467e-09
  119 KSP Residual norm 1.408953873105e-09
  120 KSP Residual norm 1.292312969887e-09
  121 KSP Residual norm 1.208495776261e-09
  122 KSP Residual norm 1.140679698582e-09
  123 KSP Residual norm 1.051051728293e-09
  124 KSP Residual norm 9.726266290469e-10
  125 KSP Residual norm 8.895215898151e-10
  126 KSP Residual norm 7.924659644905e-10
  127 KSP Residual norm 6.944535959360e-10
  128 KSP Residual norm 6.117560946548e-10
  129 KSP Residual norm 5.288005557999e-10
  130 KSP Residual norm 4.508297610662e-10
  131 KSP Residual norm 3.928173819716e-10
  132 KSP Residual norm 3.501385633478e-10
  133 KSP Residual norm 3.098826270950e-10
  134 KSP Residual norm 2.664312374120e-10
  135 KSP Residual norm 2.327003878684e-10
  136 KSP Residual norm 2.039596175217e-10
  137 KSP Residual norm 1.778066055511e-10
  138 KSP Residual norm 1.539288458451e-10
  139 KSP Residual norm 1.325714909233e-10
  140 KSP Residual norm 1.153209812561e-10
  141 KSP Residual norm 1.010372464402e-10
  142 KSP Residual norm 8.954228059478e-11
  143 KSP Residual norm 8.186230801931e-11
  144 KSP Residual norm 7.581624938240e-11
  145 KSP Residual norm 7.076850849789e-11
  146 KSP Residual norm 6.646697220083e-11
  147 KSP Residual norm 6.290851438154e-11
  148 KSP Residual norm 6.018255634267e-11
  149 KSP Residual norm 5.776265414405e-11
  150 KSP Residual norm 5.553416982140e-11
  151 KSP Residual norm 5.358627454359e-11
  152 KSP Residual norm 5.162324706953e-11
  153 KSP Residual norm 4.946126804553e-11
  154 KSP Residual norm 4.698222027948e-11
  155 KSP Residual norm 4.436496361766e-11
  156 KSP Residual norm 4.159209322817e-11
  157 KSP Residual norm 3.870411291184e-11
  158 KSP Residual norm 3.557801203510e-11
  159 KSP Residual norm 3.171548922603e-11
  160 KSP Residual norm 2.782859142250e-11
  161 KSP Residual norm 2.430816802824e-11
  162 KSP Residual norm 2.111891694686e-11
  163 KSP Residual norm 1.842781782835e-11
  164 KSP Residual norm 1.613784845069e-11
  165 KSP Residual norm 1.409119524012e-11
  166 KSP Residual norm 1.231855955936e-11
  167 KSP Residual norm 1.062325206279e-11
  168 KSP Residual norm 9.345940494116e-12
  169 KSP Residual norm 8.249109002357e-12
  170 KSP Residual norm 7.190806232028e-12
  171 KSP Residual norm 6.170343160770e-12
  172 KSP Residual norm 5.331184760542e-12
  173 KSP Residual norm 4.679249562617e-12
  174 KSP Residual norm 4.100577894394e-12
  175 KSP Residual norm 3.638662158625e-12
  176 KSP Residual norm 3.322383984339e-12
  177 KSP Residual norm 3.067320196091e-12
  178 KSP Residual norm 2.818138724685e-12
  179 KSP Residual norm 2.612321782894e-12
  180 KSP Residual norm 2.394032919343e-12
  181 KSP Residual norm 2.223186578106e-12
  182 KSP Residual norm 2.093341334644e-12
  183 KSP Residual norm 1.925576055427e-12
  184 KSP Residual norm 1.789045159309e-12
  185 KSP Residual norm 1.648846702335e-12
  186 KSP Residual norm 1.477873383696e-12
  187 KSP Residual norm 1.303485105703e-12
  188 KSP Residual norm 1.150174654366e-12
  189 KSP Residual norm 9.969914401904e-13
  190 KSP Residual norm 8.514900088376e-13
  191 KSP Residual norm 7.382758363630e-13
  192 KSP Residual norm 6.574151866452e-13
  193 KSP Residual norm 5.835551894978e-13
  194 KSP Residual norm 5.011264002028e-13
  195 KSP Residual norm 4.376281613696e-13
  196 KSP Residual norm 3.869558692443e-13
  197 KSP Residual norm 3.395151123522e-13
  198 KSP Residual norm 2.948413511983e-13
  199 KSP Residual norm 2.550042785666e-13
  200 KSP Residual norm 2.247697032663e-13
  201 KSP Residual norm 1.987235899204e-13
  202 KSP Residual norm 1.761055521248e-13
  203 KSP Residual norm 1.623609269245e-13
  204 KSP Residual norm 1.516012642043e-13
  205 KSP Residual norm 1.414625223397e-13
  206 KSP Residual norm 1.329014901578e-13
  207 KSP Residual norm 1.255877057679e-13
  208 KSP Residual norm 1.202235884033e-13
  209 KSP Residual norm 1.149849542643e-13
  210 KSP Residual norm 1.102957223346e-13
  211 KSP Residual norm 1.060445759769e-13
  212 KSP Residual norm 1.017597707804e-13
  213 KSP Residual norm 9.761291144747e-14
  214 KSP Residual norm 9.249064763558e-14
  215 KSP Residual norm 8.706153615539e-14
  216 KSP Residual norm 8.149343617228e-14
  217 KSP Residual norm 7.631357845182e-14
  218 KSP Residual norm 7.050978737957e-14
  219 KSP Residual norm 6.273686428648e-14
  220 KSP Residual norm 5.570231412948e-14
  221 KSP Residual norm 4.922200052090e-14
  222 KSP Residual norm 4.285764399824e-14
  223 KSP Residual norm 3.746353099575e-14
  224 KSP Residual norm 3.308430483560e-14
  225 KSP Residual norm 2.920270494503e-14
  226 KSP Residual norm 2.565044344648e-14
  227 KSP Residual norm 2.222452311562e-14
  228 KSP Residual norm 1.971850881334e-14
  229 KSP Residual norm 1.745733539317e-14
  230 KSP Residual norm 1.524242638618e-14
  231 KSP Residual norm 1.318663987655e-14
  232 KSP Residual norm 1.152276901691e-14
  233 KSP Residual norm 1.017352969000e-14
  234 KSP Residual norm 9.001077706870e-15
  4 SNES Function norm 2.266743335528e-06
    0 KSP Residual norm 3.771252789745e-06
    1 KSP Residual norm 1.614024961621e-06
    2 KSP Residual norm 1.430546405976e-06
    3 KSP Residual norm 1.349027413335e-06
    4 KSP Residual norm 1.195583438349e-06
    5 KSP Residual norm 9.293045683628e-07
    6 KSP Residual norm 6.944254347077e-07
    7 KSP Residual norm 5.553061185837e-07
    8 KSP Residual norm 4.599726777796e-07
    9 KSP Residual norm 3.806492325664e-07
   10 KSP Residual norm 3.197732564380e-07
   11 KSP Residual norm 2.651444184494e-07
   12 KSP Residual norm 2.225542922387e-07
   13 KSP Residual norm 1.921643901140e-07
   14 KSP Residual norm 1.685401049056e-07
   15 KSP Residual norm 1.498839615906e-07
   16 KSP Residual norm 1.364754970097e-07
   17 KSP Residual norm 1.259680866946e-07
   18 KSP Residual norm 1.154287840807e-07
   19 KSP Residual norm 1.054975892394e-07
   20 KSP Residual norm 9.586688170810e-08
   21 KSP Residual norm 8.703387490727e-08
   22 KSP Residual norm 7.920443476214e-08
   23 KSP Residual norm 7.178807436717e-08
   24 KSP Residual norm 6.518563181041e-08
   25 KSP Residual norm 5.962372916516e-08
   26 KSP Residual norm 5.456043851972e-08
   27 KSP Residual norm 4.940599353842e-08
   28 KSP Residual norm 4.492452724794e-08
   29 KSP Residual norm 4.122389964804e-08
   30 KSP Residual norm 3.764841858842e-08
   31 KSP Residual norm 3.580657612267e-08
   32 KSP Residual norm 3.395808139742e-08
   33 KSP Residual norm 3.195110711298e-08
   34 KSP Residual norm 2.987428225405e-08
   35 KSP Residual norm 2.803104785366e-08
   36 KSP Residual norm 2.628990854589e-08
   37 KSP Residual norm 2.434271766349e-08
   38 KSP Residual norm 2.246676178250e-08
   39 KSP Residual norm 2.086847673511e-08
   40 KSP Residual norm 1.918165195433e-08
   41 KSP Residual norm 1.741571349350e-08
   42 KSP Residual norm 1.605474638810e-08
   43 KSP Residual norm 1.488039831893e-08
   44 KSP Residual norm 1.361734314407e-08
   45 KSP Residual norm 1.229470794524e-08
   46 KSP Residual norm 1.100570427568e-08
   47 KSP Residual norm 9.792857739970e-09
   48 KSP Residual norm 8.622695876180e-09
   49 KSP Residual norm 7.338476177540e-09
   50 KSP Residual norm 6.239463377506e-09
   51 KSP Residual norm 5.259004998706e-09
   52 KSP Residual norm 4.310861664653e-09
   53 KSP Residual norm 3.595320927678e-09
   54 KSP Residual norm 2.987186086755e-09
   55 KSP Residual norm 2.448073668406e-09
   56 KSP Residual norm 1.940063319000e-09
   57 KSP Residual norm 1.599369493169e-09
   58 KSP Residual norm 1.400570457301e-09
   59 KSP Residual norm 1.230230835767e-09
   60 KSP Residual norm 1.031987430318e-09
   61 KSP Residual norm 9.426853759534e-10
   62 KSP Residual norm 8.833951779046e-10
   63 KSP Residual norm 8.055446581847e-10
   64 KSP Residual norm 7.233425408241e-10
   65 KSP Residual norm 6.342135408168e-10
   66 KSP Residual norm 5.516800743895e-10
   67 KSP Residual norm 4.752250245791e-10
   68 KSP Residual norm 4.194571723910e-10
   69 KSP Residual norm 3.678750435789e-10
   70 KSP Residual norm 3.198681200703e-10
   71 KSP Residual norm 2.837565712767e-10
   72 KSP Residual norm 2.568192017482e-10
   73 KSP Residual norm 2.325553503447e-10
   74 KSP Residual norm 2.088894962623e-10
   75 KSP Residual norm 1.875042097946e-10
   76 KSP Residual norm 1.660637085540e-10
   77 KSP Residual norm 1.443446473149e-10
   78 KSP Residual norm 1.255392099163e-10
   79 KSP Residual norm 1.081804409199e-10
   80 KSP Residual norm 9.257959050869e-11
   81 KSP Residual norm 7.927899337396e-11
   82 KSP Residual norm 6.812149355453e-11
   83 KSP Residual norm 5.925596116702e-11
   84 KSP Residual norm 5.260524670145e-11
   85 KSP Residual norm 4.779022963876e-11
   86 KSP Residual norm 4.375079953209e-11
   87 KSP Residual norm 4.008987911944e-11
   88 KSP Residual norm 3.714858611446e-11
   89 KSP Residual norm 3.505951280344e-11
   90 KSP Residual norm 3.341791424320e-11
   91 KSP Residual norm 3.224524928252e-11
   92 KSP Residual norm 3.096817188629e-11
   93 KSP Residual norm 2.930352194161e-11
   94 KSP Residual norm 2.770115181331e-11
   95 KSP Residual norm 2.619600579960e-11
   96 KSP Residual norm 2.470928677790e-11
   97 KSP Residual norm 2.292227196856e-11
   98 KSP Residual norm 2.096301920143e-11
   99 KSP Residual norm 1.899202344452e-11
  100 KSP Residual norm 1.707294305966e-11
  101 KSP Residual norm 1.529899161572e-11
  102 KSP Residual norm 1.375671003803e-11
  103 KSP Residual norm 1.236822863400e-11
  104 KSP Residual norm 1.096796208096e-11
  105 KSP Residual norm 9.691983233967e-12
  106 KSP Residual norm 8.567249182473e-12
  107 KSP Residual norm 7.518622551477e-12
  108 KSP Residual norm 6.581290853124e-12
  109 KSP Residual norm 5.685843980748e-12
  110 KSP Residual norm 4.792136889176e-12
  111 KSP Residual norm 3.996379328771e-12
  112 KSP Residual norm 3.384011680600e-12
  113 KSP Residual norm 2.891195318320e-12
  114 KSP Residual norm 2.439953131519e-12
  115 KSP Residual norm 2.079035315196e-12
  116 KSP Residual norm 1.804355622038e-12
  117 KSP Residual norm 1.604904703700e-12
  118 KSP Residual norm 1.444607327290e-12
  119 KSP Residual norm 1.317847404137e-12
  120 KSP Residual norm 1.179883922979e-12
  121 KSP Residual norm 1.085068556278e-12
  122 KSP Residual norm 1.025717631594e-12
  123 KSP Residual norm 9.497578447848e-13
  124 KSP Residual norm 8.748819732750e-13
  125 KSP Residual norm 7.917670560285e-13
  126 KSP Residual norm 7.013359704744e-13
  127 KSP Residual norm 6.144127542723e-13
  128 KSP Residual norm 5.459837897963e-13
  129 KSP Residual norm 4.834709000774e-13
  130 KSP Residual norm 4.218944113493e-13
  131 KSP Residual norm 3.682809685464e-13
  132 KSP Residual norm 3.270348326833e-13
  133 KSP Residual norm 2.922364111404e-13
  134 KSP Residual norm 2.594342287419e-13
  135 KSP Residual norm 2.303626963282e-13
  136 KSP Residual norm 2.023988918881e-13
  137 KSP Residual norm 1.749041491856e-13
  138 KSP Residual norm 1.522839343032e-13
  139 KSP Residual norm 1.326905352371e-13
  140 KSP Residual norm 1.165439683281e-13
  141 KSP Residual norm 1.026265223269e-13
  142 KSP Residual norm 8.986475765946e-14
  143 KSP Residual norm 7.993840522888e-14
  144 KSP Residual norm 7.218174228280e-14
  145 KSP Residual norm 6.683404878170e-14
  146 KSP Residual norm 6.242979628821e-14
  147 KSP Residual norm 5.766265434355e-14
  148 KSP Residual norm 5.340389327123e-14
  149 KSP Residual norm 5.025249728806e-14
  150 KSP Residual norm 4.800423614585e-14
  151 KSP Residual norm 4.611473678275e-14
  152 KSP Residual norm 4.381230912871e-14
  153 KSP Residual norm 4.120651334799e-14
  154 KSP Residual norm 3.879363571716e-14
  155 KSP Residual norm 3.681111465359e-14
  156 KSP Residual norm 3.473437857497e-14
  157 KSP Residual norm 3.220315145664e-14
  158 KSP Residual norm 2.951113137747e-14
  159 KSP Residual norm 2.666065272755e-14
  160 KSP Residual norm 2.407240195107e-14
  161 KSP Residual norm 2.170170510698e-14
  162 KSP Residual norm 1.945539887066e-14
  163 KSP Residual norm 1.744273586086e-14
  164 KSP Residual norm 1.548985610442e-14
  165 KSP Residual norm 1.384663237991e-14
  166 KSP Residual norm 1.234201660585e-14
  167 KSP Residual norm 1.106656226474e-14
  168 KSP Residual norm 9.906906247704e-15
  5 SNES Function norm 7.565506705567e-12
on 129 x 129 point grid:  |u-u_exact|_inf = 4.72544e-05
on 129 x 129 point grid:  |u-u_exact|_2 / |u_exact|_2 = 5.06487e-05
****************************************************************************************************************************************************************
***                                WIDEN YOUR WINDOW TO 160 CHARACTERS.  Use 'enscript -r -fCourier9' to print this document                                 ***
****************************************************************************************************************************************************************

------------------------------------------------------------------ PETSc Performance Summary: ------------------------------------------------------------------

./reaction2d on a apma4302-pkgs-opt named paullabs-MacBook-Air.local with 2 processes, by paullab on Mon Mar 23 01:49:50 2026
Using PETSc Release Version 3.24.3, unknown

                         Max       Max/Min     Avg       Total
Time (sec):           2.145e-01     1.000   2.145e-01
Objects:              0.000e+00     0.000   0.000e+00
Flops:                9.387e+08     1.016   9.315e+08  1.863e+09
Flops/sec:            4.376e+09     1.016   4.342e+09  8.684e+09
MPI Msg Count:        1.391e+03     1.000   1.391e+03  2.782e+03
MPI Msg Len (bytes):  1.529e+06     1.000   1.099e+03  3.057e+06
MPI Reductions:       2.788e+03     1.000

Flop counting convention: 1 flop = 1 real number operation of type (multiply/divide/add/subtract)
                            e.g., VecAXPY() for real vectors of length N --> 2N flops
                            and VecAXPY() for complex vectors of length N --> 8N flops

Summary of Stages:   ----- Time ------  ----- Flop ------  --- Messages ---  -- Message Lengths --  -- Reductions --
                        Avg     %Total     Avg     %Total    Count   %Total     Avg         %Total    Count   %Total
 0:      Main Stage: 2.1453e-01 100.0%  1.8630e+09 100.0%  2.782e+03 100.0%  1.099e+03      100.0%  2.770e+03  99.4%

------------------------------------------------------------------------------------------------------------------------
See the 'Profiling' chapter of the users' manual for details on interpreting output.
Phase summary info:
   Count: number of times phase was executed
   Time and Flop: Max - maximum over all processes
                  Ratio - ratio of maximum to minimum over all processes
   Mess: number of messages sent
   AvgLen: average message length (bytes)
   Reduct: number of global reductions
   Global: entire computation
   Stage: stages of a computation. Set stages with PetscLogStagePush() and PetscLogStagePop().
      %T - percent time in this phase         %F - percent flop in this phase
      %M - percent messages in this phase     %L - percent message lengths in this phase
      %R - percent reductions in this phase
   Total Mflop/s: 1e-6 * (sum of flop over all processes)/(max time over all processes)
------------------------------------------------------------------------------------------------------------------------
Event                Count      Time (sec)     Flop                              --- Global ---  --- Stage ----  Total
                   Max Ratio  Max     Ratio   Max  Ratio  Mess   AvgLen  Reduct  %T %F %M %L %R  %T %F %M %L %R Mflop/s
------------------------------------------------------------------------------------------------------------------------

--- Event Stage 0: Main Stage

BuildTwoSided          9 1.0 1.8400e-04 1.1 0.00e+00 0.0 6.0e+00 4.0e+00 9.0e+00  0  0  0  0  0   0  0  0  0  0     0
BuildTwoSidedF         6 1.0 1.7900e-04 1.2 0.00e+00 0.0 0.0e+00 0.0e+00 6.0e+00  0  0  0  0  0   0  0  0  0  0     0
MatMult             1371 1.0 3.9153e-02 1.1 1.03e+08 1.0 2.7e+03 1.0e+03 0.0e+00 17 11 99 93  0  17 11 99 93  0  5208
MatSolve            1371 1.0 1.0203e-01 1.0 1.02e+08 1.0 0.0e+00 0.0e+00 0.0e+00 47 11  0  0  0  47 11  0  0  0  1992
MatLUFactorNum         5 1.0 1.2940e-03 1.0 4.42e+05 1.0 0.0e+00 0.0e+00 0.0e+00  1  0  0  0  0   1  0  0  0  0   679
MatILUFactorSym        1 1.0 9.9000e-05 1.3 0.00e+00 0.0 0.0e+00 0.0e+00 0.0e+00  0  0  0  0  0   0  0  0  0  0     0
MatAssemblyBegin       6 1.0 2.0700e-04 1.1 0.00e+00 0.0 0.0e+00 0.0e+00 6.0e+00  0  0  0  0  0   0  0  0  0  0     0
MatAssemblyEnd         6 1.0 1.1900e-04 1.0 0.00e+00 0.0 4.0e+00 2.6e+02 5.0e+00  0  0  0  0  0   0  0  0  0  0     0
MatGetRowIJ            1 1.0 0.0000e+00 0.0 0.00e+00 0.0 0.0e+00 0.0e+00 0.0e+00  0  0  0  0  0   0  0  0  0  0     0
MatGetOrdering         1 1.0 1.0000e-05 1.1 0.00e+00 0.0 0.0e+00 0.0e+00 0.0e+00  0  0  0  0  0   0  0  0  0  0     0
DMCreateMat            1 1.0 8.9100e-04 1.0 0.00e+00 0.0 4.0e+00 2.6e+02 8.0e+00  0  0  0  0  0   0  0  0  0  0     0
DMView                 1 1.0 1.0000e-06 0.0 0.00e+00 0.0 0.0e+00 0.0e+00 0.0e+00  0  0  0  0  0   0  0  0  0  0     0
SFSetGraph             3 1.0 1.1500e-04 1.1 0.00e+00 0.0 0.0e+00 0.0e+00 0.0e+00  0  0  0  0  0   0  0  0  0  0     0
SFSetUp                3 1.0 1.2700e-04 1.0 0.00e+00 0.0 1.2e+01 2.6e+02 3.0e+00  0  0  0  0  0   0  0  0  0  0     0
SFPack              1383 1.0 5.9000e-05 1.2 0.00e+00 0.0 0.0e+00 0.0e+00 0.0e+00  0  0  0  0  0   0  0  0  0  0     0
SFUnpack            1383 1.0 6.2000e-05 1.2 0.00e+00 0.0 0.0e+00 0.0e+00 0.0e+00  0  0  0  0  0   0  0  0  0  0     0
VecView                3 1.0 3.6000e-05 1.2 0.00e+00 0.0 0.0e+00 0.0e+00 0.0e+00  0  0  0  0  0   0  0  0  0  0     0
VecDot                 5 1.0 2.2000e-05 1.0 8.38e+04 1.0 0.0e+00 0.0e+00 5.0e+00  0  0  0  0  0   0  0  0  0  0  7564
VecMDot             1325 1.0 3.5342e-02 1.0 3.37e+08 1.0 0.0e+00 0.0e+00 1.3e+03 16 36  0  0 48  16 36  0  0 48 18934
VecNorm             1386 1.0 3.2880e-03 1.2 2.32e+07 1.0 0.0e+00 0.0e+00 1.4e+03  1  2  0  0 50   1  2  0  0 50 14018
VecScale            1371 1.0 1.2910e-03 1.1 1.15e+07 1.0 0.0e+00 0.0e+00 0.0e+00  1  1  0  0  0   1  1  0  0  0 17672
VecCopy               61 1.0 1.6200e-04 1.0 0.00e+00 0.0 0.0e+00 0.0e+00 0.0e+00  0  0  0  0  0   0  0  0  0  0     0
VecSet                51 1.0 4.4000e-05 1.1 0.00e+00 0.0 0.0e+00 0.0e+00 0.0e+00  0  0  0  0  0   0  0  0  0  0     0
VecAXPY               89 1.0 1.8400e-04 1.1 1.49e+06 1.0 0.0e+00 0.0e+00 0.0e+00  0  0  0  0  0   0  0  0  0  0 16098
VecWAXPY               6 1.0 1.2000e-05 1.1 5.87e+04 1.0 0.0e+00 0.0e+00 0.0e+00  0  0  0  0  0   0  0  0  0  0  9707
VecMAXPY            1371 1.0 2.2113e-02 1.0 3.59e+08 1.0 0.0e+00 0.0e+00 0.0e+00 10 38  0  0  0  10 38  0  0  0 32257
VecScatterBegin     1383 1.0 7.5700e-04 1.0 0.00e+00 0.0 2.8e+03 1.0e+03 0.0e+00  0  0 99 93  0   0  0 99 93  0     0
VecScatterEnd       1383 1.0 6.3510e-03 2.7 0.00e+00 0.0 0.0e+00 0.0e+00 0.0e+00  2  0  0  0  0   2  0  0  0  0     0
VecReduceArith        10 1.0 2.1000e-05 1.1 1.68e+05 1.0 0.0e+00 0.0e+00 0.0e+00  0  0  0  0  0   0  0  0  0  0 15848
VecReduceComm          5 1.0 7.0000e-06 1.0 0.00e+00 0.0 0.0e+00 0.0e+00 5.0e+00  0  0  0  0  0   0  0  0  0  0     0
VecNormalize        1371 1.0 4.7160e-03 1.1 3.45e+07 1.0 0.0e+00 0.0e+00 1.4e+03  2  4  0  0 49   2  4  0  0 49 14513
KSPSetUp               5 1.0 6.1000e-05 1.4 0.00e+00 0.0 0.0e+00 0.0e+00 0.0e+00  0  0  0  0  0   0  0  0  0  0     0
KSPSolve               5 1.0 2.0441e-01 1.0 9.37e+08 1.0 2.7e+03 1.0e+03 2.7e+03 95 100 98 92 97  95 100 98 92 97  9100
KSPGMRESOrthog      1325 1.0 5.6571e-02 1.0 6.74e+08 1.0 0.0e+00 0.0e+00 1.3e+03 26 72  0  0 48  26 72  0  0 48 23658
SNESSolve              1 1.0 2.1117e-01 1.0 9.39e+08 1.0 2.8e+03 1.0e+03 2.7e+03 98 100 99 93 98  98 100 99 93 98  8821
SNESSetUp              1 1.0 9.0000e-04 1.0 0.00e+00 0.0 4.0e+00 2.6e+02 8.0e+00  0  0  0  0  0   0  0  0  0  0     0
SNESFunctionEval       7 1.0 1.3480e-03 1.0 0.00e+00 0.0 1.4e+01 1.0e+03 0.0e+00  1  0  1  0  0   1  0  1  0  0     0
SNESJacobianEval       5 1.0 3.5770e-03 1.0 0.00e+00 0.0 1.0e+01 1.0e+03 5.0e+00  2  0  0  0  0   2  0  0  0  0     0
SNESLineSearch         5 1.0 1.4270e-03 1.0 8.69e+05 1.0 2.2e+01 1.0e+03 2.1e+01  1  0  1  1  1   1  0  1  1  1  1209
PCSetUp                5 1.0 5.0000e-05 1.0 0.00e+00 0.0 0.0e+00 0.0e+00 0.0e+00  0  0  0  0  0   0  0  0  0  0     0
PCSetUpOnBlocks        5 1.0 1.4300e-03 1.0 4.42e+05 1.0 0.0e+00 0.0e+00 0.0e+00  1  0  0  0  0   1  0  0  0  0   615
PCApply             1371 1.0 1.0294e-01 1.0 1.02e+08 1.0 0.0e+00 0.0e+00 0.0e+00 48 11  0  0  0  48 11  0  0  0  1974
PCApplyOnBlocks     1371 1.0 1.0257e-01 1.0 1.02e+08 1.0 0.0e+00 0.0e+00 0.0e+00 48 11  0  0  0  48 11  0  0  0  1981
------------------------------------------------------------------------------------------------------------------------

Object Type          Creations   Destructions. Reports information only for process 0.

--- Event Stage 0: Main Stage

           Container     3              3
    Distributed Mesh     2              2
              Matrix     7              7
           Index Set    11             11
   IS L to G Mapping     2              2
   Star Forest Graph     7              7
     Discrete System     2              2
           Weak Form     2              2
              Vector    58             58
                SNES     1              1
              DMSNES     1              1
      SNESLineSearch     1              1
       Krylov Solver     2              2
     DMKSP interface     1              1
      Preconditioner     2              2
              Viewer     2              2
========================================================================================================================
Average time to get PetscTime(): 0.
Average time for MPI_Barrier(): 2e-07
Average time for zero size MPI_Send(): 5e-07
#PETSc Option Table entries:
-da_grid_x 9 # (source: command line)
-da_grid_y 9 # (source: command line)
-da_refine 4 # (source: command line)
-ksp_atol 1.e-14 # (source: command line)
-ksp_monitor # (source: command line)
-ksp_rtol 1.e-12 # (source: command line)
-log_view # (source: command line)
-rct_gamma 100 # (source: command line)
-rct_linear_f false # (source: command line)
-rct_p 3 # (source: command line)
-snes_monitor # (source: command line)
#End of PETSc Option Table entries
Compiled without FORTRAN kernels
Compiled with full precision matrices (default)
sizeof(short) 2 sizeof(int) 4 sizeof(long) 8 sizeof(void*) 8 sizeof(PetscScalar) 8 sizeof(PetscInt) 4
Configure options: --with-cc=mpicc --with-cxx=mpicxx --with-fc=mpif90 --with-debugging=0 --with-shared-libraries=1 --COPTFLAGS="-O3 -march=native" --CXXOPTFLAGS="-O3 -march=native" --FOPTFLAGS="-O3 -march=native" --download-hdf5 --download-metis --download-parmetis --download-hypre --download-scalapack --download-mumps --with-petsc4py
-----------------------------------------
Libraries compiled on 2026-02-24 18:35:38 on paullabs-MacBook-Air.local
Machine characteristics: macOS-15.0-arm64-arm-64bit-Mach-O
Using PETSc directory: /Users/paullab/codes/APMA4302/petsc
Using PETSc arch: apma4302-pkgs-opt
-----------------------------------------

Using C compiler: mpicc  -fPIC -Wall -Wwrite-strings -Wno-unknown-pragmas -Wconversion -Wno-sign-conversion -Wno-float-conversion -Wno-implicit-float-conversion -fstack-protector -fno-stack-check -Qunused-arguments -fvisibility=hidden -O3 -march=native 
Using Fortran compiler: mpif90  -fPIC -Wall -ffree-line-length-none -ffree-line-length-0 -Wno-lto-type-mismatch -Wno-unused-dummy-argument -O3 -march=native   
-----------------------------------------

Using include paths: -I/Users/paullab/codes/APMA4302/petsc/include -I/Users/paullab/codes/APMA4302/petsc/apma4302-pkgs-opt/include
-----------------------------------------

Using C linker: mpicc
Using Fortran linker: mpif90
Using libraries: -Wl,-rpath,/Users/paullab/codes/APMA4302/petsc/apma4302-pkgs-opt/lib -L/Users/paullab/codes/APMA4302/petsc/apma4302-pkgs-opt/lib -lpetsc -Wl,-rpath,/Users/paullab/codes/APMA4302/petsc/apma4302-pkgs-opt/lib -L/Users/paullab/codes/APMA4302/petsc/apma4302-pkgs-opt/lib -Wl,-rpath,/opt/homebrew/Cellar/open-mpi/5.0.9/lib -L/opt/homebrew/Cellar/open-mpi/5.0.9/lib -Wl,-rpath,/opt/homebrew/Cellar/gcc/15.2.0/lib/gcc/current/gcc/aarch64-apple-darwin24/15 -L/opt/homebrew/Cellar/gcc/15.2.0/lib/gcc/current/gcc/aarch64-apple-darwin24/15 -Wl,-rpath,/opt/homebrew/Cellar/gcc/15.2.0/lib/gcc/current/gcc -L/opt/homebrew/Cellar/gcc/15.2.0/lib/gcc/current/gcc -Wl,-rpath,/opt/homebrew/Cellar/gcc/15.2.0/lib/gcc/current -L/opt/homebrew/Cellar/gcc/15.2.0/lib/gcc/current -lHYPRE -ldmumps -lmumps_common -lpord -lpthread -lscalapack -llapack -lblas -lhdf5_hl -lhdf5 -lparmetis -lmetis -lmpi_usempif08 -lmpi_usempi_ignore_tkr -lmpi_mpifh -lmpi -lgfortran -lemutls_w -lheapt_w -lgfortran -lquadmath -lc++
-----------------------------------------

